<?xml version="1.0" encoding="utf-8"?>
<TestRun id="89a2fafd-ec53-4dca-8959-839d8743ed75" name="dw@RMS-DW-NB-01 2026-09-19 18:47:02" runUser="RMS\dw" xmlns="http://microsoft.com/schemas/VisualStudio/TeamTest/2010">
  <Times creation="2026-09-19T18:47:02.3409627+10:00" queuing="2026-09-19T18:47:02.3409631+10:00" start="2026-09-19T18:47:00.7809159+10:00" finish="2026-09-19T18:47:24.9381979+10:00" />
  <TestSettings name="default" id="378615d3-0a62-498e-94d2-14c3a18d57d7">
    <Deployment runDeploymentRoot="dw_RMS-DW-NB-01_2026-09-19_18_47_02" />
  </TestSettings>
  <Results>
    <UnitTestResult executionId="7ec8b48d-a7b2-4007-9c24-f2fc131d3e49" testId="4ce2ad37-4a1b-2c56-b9a3-731b2ee7eb8d" testName="AnAssemblerWithNoRecipeAsksForTheBulletsRecipe" computerName="RMS-DW-NB-01" duration="00:00:00.0521160" startTime="2026-09-19T18:47:03.0225006+10:00" endTime="2026-09-19T18:47:03.0746193+10:00" testType="13cdc9d9-ddb5-4fa4-a97d-d965ccfc6d4b" outcome="Passed" testListId="8c84fa94-04c1-424b-9868-57a2d4851a1d" relativeResultsDirectory="7ec8b48d-a7b2-4007-9c24-f2fc131d3e49" />
    <UnitTestResult executionId="e15cb211-c588-4f1e-a16c-adc520d5616a" testId="af3a6ec3-e1f7-6bba-23e8-87d20f92a170" testName="ABeltFedByTheBeltUpstreamOfItIsLeftAlone" computerName="RMS-DW-NB-01" duration="00:00:00.0009010" startTime="2026-09-19T18:47:23.7149104+10:00" endTime="2026-09-19T18:47:23.7158123+10:00" testType="13cdc9d9-ddb5-4fa4-a97d-d965ccfc6d4b" outcome="Passed" testListId="8c84fa94-04c1-424b-9868-57a2d4851a1d" relativeResultsDirectory="e15cb211-c588-4f1e-a16c-adc520d5616a" />
    <UnitTestResult executionId="c475d991-736c-4953-a595-87104b50add4" testId="7a8d388e-6d16-997d-a916-b6e4d514c759" testName="ALoadedStateStillBalances" computerName="RMS-DW-NB-01" duration="00:00:00.1602260" startTime="2026-09-19T18:47:20.1374193+10:00" endTime="2026-09-19T18:47:20.2976571+10:00" testType="13cdc9d9-ddb5-4fa4-a97d-d965ccfc6d4b" outcome="Passed" testListId="8c84fa94-04c1-424b-9868-57a2d4851a1d" relativeResultsDirectory="c475d991-736c-4953-a595-87104b50add4" />
    <UnitTestResult executionId="5224015d-fb20-4124-8467-37c56fb0da3b" testId="0b8e7379-912b-2334-f29c-063f37e2c919" testName="ADownedEngineerIsNotLockedAndTheWorkshopKeepsWorking" computerName="RMS-DW-NB-01" duration="00:00:00.0092310" startTime="2026-09-19T18:47:18.0860078+10:00" endTime="2026-09-19T18:47:18.0952401+10:00" testType="13cdc9d9-ddb5-4fa4-a97d-d965ccfc6d4b" outcome="Passed" testListId="8c84fa94-04c1-424b-9868-57a2d4851a1d" relativeResultsDirectory="5224015d-fb20-4124-8467-37c56fb0da3b" />
    <UnitTestResult executionId="ab2da563-59e6-4a11-b54c-e4198f45d460" testId="b3a25f36-3b3e-a283-9381-79ca2a1a6277" testName="StampClipsToTheMask" computerName="RMS-DW-NB-01" duration="00:00:00.0008550" startTime="2026-09-19T18:47:02.3594270+10:00" endTime="2026-09-19T18:47:02.3602817+10:00" testType="13cdc9d9-ddb5-4fa4-a97d-d965ccfc6d4b" outcome="Passed" testListId="8c84fa94-04c1-424b-9868-57a2d4851a1d" relativeResultsDirectory="ab2da563-59e6-4a11-b54c-e4198f45d460" />
    <UnitTestResult executionId="47d387b1-c1dd-4b45-a0ba-109eb02516e1" testId="ff611900-6602-5942-65a0-8d1a6b0d9a94" testName="AVersionOneSaveLoadsWithEverythingItCarriedAndNoRefundOwed" computerName="RMS-DW-NB-01" duration="00:00:00.0267240" startTime="2026-09-19T18:47:20.9314285+10:00" endTime="2026-09-19T18:47:20.9581545+10:00" testType="13cdc9d9-ddb5-4fa4-a97d-d965ccfc6d4b" outcome="Passed" testListId="8c84fa94-04c1-424b-9868-57a2d4851a1d" relativeResultsDirectory="47d387b1-c1dd-4b45-a0ba-109eb02516e1" />
    <UnitTestResult executionId="4cfcc146-e16a-4ab8-83bc-d7f6a051bc97" testId="4c4a2532-e17f-60bb-f6c2-27c9321728a0" testName="ConveyorsRegisterNoPowerDemandAndAnInserterRegistersTen" computerName="RMS-DW-NB-01" duration="00:00:00.0012849" startTime="2026-09-19T18:47:21.5542169+10:00" endTime="2026-09-19T18:47:21.5555027+10:00" testType="13cdc9d9-ddb5-4fa4-a97d-d965ccfc6d4b" outcome="Passed" testListId="8c84fa94-04c1-424b-9868-57a2d4851a1d" relativeResultsDirectory="4cfcc146-e16a-4ab8-83bc-d7f6a051bc97" />
    <UnitTestResult executionId="d7d1ff28-8285-46e9-af77-e11a6199d85f" testId="cf896742-57e9-088e-4ee5-4bf85f79790a" testName="DyingDropsTheCargoWhereTheBodyFellAndCollectingItBringsEveryUnitBack" computerName="RMS-DW-NB-01" duration="00:00:00.0147010" startTime="2026-09-19T18:47:18.2796192+10:00" endTime="2026-09-19T18:47:18.2943223+10:00" testType="13cdc9d9-ddb5-4fa4-a97d-d965ccfc6d4b" outcome="Passed" testListId="8c84fa94-04c1-424b-9868-57a2d4851a1d" relativeResultsDirectory="d7d1ff28-8285-46e9-af77-e11a6199d85f" />
    <UnitTestResult executionId="0fee1374-2b42-420d-912c-f03da28c48c2" testId="998444db-71fc-65a1-e1a4-e3d04d06b802" testName="ABoltFliesInStepsAndExpiresAtItsMaximumRange" computerName="RMS-DW-NB-01" duration="00:00:00.0069290" startTime="2026-09-19T18:47:23.9628440+10:00" endTime="2026-09-19T18:47:23.9697745+10:00" testType="13cdc9d9-ddb5-4fa4-a97d-d965ccfc6d4b" outcome="Passed" testListId="8c84fa94-04c1-424b-9868-57a2d4851a1d" relativeResultsDirectory="0fee1374-2b42-420d-912c-f03da28c48c2" />
    <UnitTestResult executionId="18038447-9dbb-4dd4-b5e8-22357e27f131" testId="234d656d-b1e6-af3b-a2fb-3ea6c9289977" testName="TheNewestAutosaveCarriesTheLatestTag" computerName="RMS-DW-NB-01" duration="00:00:00.0010640" startTime="2026-09-19T18:47:24.1017799+10:00" endTime="2026-09-19T18:47:24.1028449+10:00" testType="13cdc9d9-ddb5-4fa4-a97d-d965ccfc6d4b" outcome="Passed" testListId="8c84fa94-04c1-424b-9868-57a2d4851a1d" relativeResultsDirectory="18038447-9dbb-4dd4-b5e8-22357e27f131" />
    <UnitTestResult executionId="0a9c9385-ce48-4105-94d6-229891ae157e" testId="e08250e6-7856-afc1-22de-ee94bdeeddce" testName="HashIsStableWhenNothingHappens" computerName="RMS-DW-NB-01" duration="00:00:00.0032490" startTime="2026-09-19T18:47:15.4838517+10:00" endTime="2026-09-19T18:47:15.4871010+10:00" testType="13cdc9d9-ddb5-4fa4-a97d-d965ccfc6d4b" outcome="Passed" testListId="8c84fa94-04c1-424b-9868-57a2d4851a1d" relativeResultsDirectory="0a9c9385-ce48-4105-94d6-229891ae157e" />
    <UnitTestResult executionId="4a537e71-7512-4720-b645-abe8394776f8" testId="0b860116-4358-bee3-f38c-b217453be36c" testName="EventsAreNotHashed" computerName="RMS-DW-NB-01" duration="00:00:00.0017810" startTime="2026-09-19T18:47:15.2512710+10:00" endTime="2026-09-19T18:47:15.2530533+10:00" testType="13cdc9d9-ddb5-4fa4-a97d-d965ccfc6d4b" outcome="Passed" testListId="8c84fa94-04c1-424b-9868-57a2d4851a1d" relativeResultsDirectory="4a537e71-7512-4720-b645-abe8394776f8" />
    <UnitTestResult executionId="5c231698-5aff-4a5e-bd92-d862d3412c93" testId="80cbd99c-84ec-4315-f5e3-7391d99080b2" testName="ATamperedOldSaveIsRefusedAsDamagedNotUpgraded" computerName="RMS-DW-NB-01" duration="00:00:00.0118500" startTime="2026-09-19T18:47:20.9185900+10:00" endTime="2026-09-19T18:47:20.9304408+10:00" testType="13cdc9d9-ddb5-4fa4-a97d-d965ccfc6d4b" outcome="Passed" testListId="8c84fa94-04c1-424b-9868-57a2d4851a1d" relativeResultsDirectory="5c231698-5aff-4a5e-bd92-d862d3412c93" />
    <UnitTestResult executionId="5de0dbb9-402c-4ce0-8add-41dc8f8999dd" testId="290a864c-627c-f5f2-42a3-13e340f3093d" testName="CombatTablesAreLoadedAndLookupWorks" computerName="RMS-DW-NB-01" duration="00:00:00.0063890" startTime="2026-09-19T18:47:12.6456478+10:00" endTime="2026-09-19T18:47:12.6520390+10:00" testType="13cdc9d9-ddb5-4fa4-a97d-d965ccfc6d4b" outcome="Passed" testListId="8c84fa94-04c1-424b-9868-57a2d4851a1d" relativeResultsDirectory="5de0dbb9-402c-4ce0-8add-41dc8f8999dd" />
    <UnitTestResult executionId="945e1be1-8450-4e08-b904-6777a17e2960" testId="d308cb67-3a4f-c21c-8778-662bb6c138cb" testName="TheAccumulatorIsNotPartOfTheState" computerName="RMS-DW-NB-01" duration="00:00:00.0017000" startTime="2026-09-19T18:47:15.3833390+10:00" endTime="2026-09-19T18:47:15.3850397+10:00" testType="13cdc9d9-ddb5-4fa4-a97d-d965ccfc6d4b" outcome="Passed" testListId="8c84fa94-04c1-424b-9868-57a2d4851a1d" relativeResultsDirectory="945e1be1-8450-4e08-b904-6777a17e2960" />
    <UnitTestResult executionId="1ddf98ff-5175-4ef5-9053-841355cd3b58" testId="b6ac8860-a62f-34d8-1b90-273eda4e4a3e" testName="ARaiderNoticesTheEngineerAtThePerceptionRadiusTheTablesCarry" computerName="RMS-DW-NB-01" duration="00:00:00.0467780" startTime="2026-09-19T18:47:14.2915572+10:00" endTime="2026-09-19T18:47:14.3383379+10:00" testType="13cdc9d9-ddb5-4fa4-a97d-d965ccfc6d4b" outcome="Passed" testListId="8c84fa94-04c1-424b-9868-57a2d4851a1d" relativeResultsDirectory="1ddf98ff-5175-4ef5-9053-841355cd3b58" />
    <UnitTestResult executionId="43376cde-9d0d-4d4f-b551-b667c74d518d" testId="095a8dea-e319-2d31-b4e5-ed83ae6bb9e6" testName="AnAcceptedNoteIsInfoAndAnEmptyOneIsNotShownAtAll" computerName="RMS-DW-NB-01" duration="00:00:00.0079960" startTime="2026-09-19T18:47:24.3018641+10:00" endTime="2026-09-19T18:47:24.3098611+10:00" testType="13cdc9d9-ddb5-4fa4-a97d-d965ccfc6d4b" outcome="Passed" testListId="8c84fa94-04c1-424b-9868-57a2d4851a1d" relativeResultsDirectory="43376cde-9d0d-4d4f-b551-b667c74d518d" />
    <UnitTestResult executionId="559ee7cd-4e0b-429e-b624-70349a95ae76" testId="03d9279a-45a6-db83-3282-a4414e519b3a" testName="AGeneratorThatBurnsItsLastCoalGoesOutOfFuelAndTheOutageFollows" computerName="RMS-DW-NB-01" duration="00:00:00.0123490" startTime="2026-09-19T18:47:21.1864364+10:00" endTime="2026-09-19T18:47:21.1987869+10:00" testType="13cdc9d9-ddb5-4fa4-a97d-d965ccfc6d4b" outcome="Passed" testListId="8c84fa94-04c1-424b-9868-57a2d4851a1d" relativeResultsDirectory="559ee7cd-4e0b-429e-b624-70349a95ae76" />
    <UnitTestResult executionId="58cdc3a8-3e3f-408d-bd47-2ed6c97db315" testId="f316e8d0-abed-7f27-e869-b6e48bf5a80f" testName="EveryThirdBodyIsASpitterUnlessTheGroupIsBasic" computerName="RMS-DW-NB-01" duration="00:00:00.0030240" startTime="2026-09-19T18:47:14.4168750+10:00" endTime="2026-09-19T18:47:14.4199004+10:00" testType="13cdc9d9-ddb5-4fa4-a97d-d965ccfc6d4b" outcome="Passed" testListId="8c84fa94-04c1-424b-9868-57a2d4851a1d" relativeResultsDirectory="58cdc3a8-3e3f-408d-bd47-2ed6c97db315" />
    <UnitTestResult executionId="01a45964-29de-4810-b9d2-27cd5ccb037b" testId="ec17160f-051a-8090-5126-4d5964244218" testName="AnUndergroundPairPairsUpAndCarriesEveryItemAcrossTheGap" computerName="RMS-DW-NB-01" duration="00:00:00.0240020" startTime="2026-09-19T18:47:21.6832978+10:00" endTime="2026-09-19T18:47:21.7073006+10:00" testType="13cdc9d9-ddb5-4fa4-a97d-d965ccfc6d4b" outcome="Passed" testListId="8c84fa94-04c1-424b-9868-57a2d4851a1d" relativeResultsDirectory="01a45964-29de-4810-b9d2-27cd5ccb037b" />
    <UnitTestResult executionId="bc764036-66cb-49cc-94c9-10b51b36e297" testId="21da462a-110a-41fa-7388-a5aab64d9abb" testName="PausingDoesNotMakeASavedSessionDirty" computerName="RMS-DW-NB-01" duration="00:00:00.0003310" startTime="2026-09-19T18:47:24.1113907+10:00" endTime="2026-09-19T18:47:24.1117226+10:00" testType="13cdc9d9-ddb5-4fa4-a97d-d965ccfc6d4b" outcome="Passed" testListId="8c84fa94-04c1-424b-9868-57a2d4851a1d" relativeResultsDirectory="bc764036-66cb-49cc-94c9-10b51b36e297" />
    <UnitTestResult executionId="ad6299f4-566a-4b46-9940-e180fddaebf0" testId="62955b02-5a95-84d1-0cf2-6970a9966e16" testName="HomeLotIsLitAgainAfterAnUpgradedSaveArrivesWithAnEmptyLightState" computerName="RMS-DW-NB-01" duration="00:00:00.0002750" startTime="2026-09-19T18:47:02.3570521+10:00" endTime="2026-09-19T18:47:02.3573264+10:00" testType="13cdc9d9-ddb5-4fa4-a97d-d965ccfc6d4b" outcome="Passed" testListId="8c84fa94-04c1-424b-9868-57a2d4851a1d" relativeResultsDirectory="ad6299f4-566a-4b46-9940-e180fddaebf0" />
    <UnitTestResult executionId="4bb8db07-35ca-4975-a6d5-2331696acf0a" testId="25632b71-ffd6-44a7-6a31-9990f9c6ced0" testName="TheFallbackCoreGetsNoDepot" computerName="RMS-DW-NB-01" duration="00:00:00.0002610" startTime="2026-09-19T18:47:02.3430271+10:00" endTime="2026-09-19T18:47:02.3432882+10:00" testType="13cdc9d9-ddb5-4fa4-a97d-d965ccfc6d4b" outcome="Passed" testListId="8c84fa94-04c1-424b-9868-57a2d4851a1d" relativeResultsDirectory="4bb8db07-35ca-4975-a6d5-2331696acf0a" />
    <UnitTestResult executionId="78e73327-b4b1-4109-8611-0de38d30eff6" testId="db2ffd93-28a0-5aa8-a777-f315b816c37d" testName="NorthToSouthWithClearanceOne" computerName="RMS-DW-NB-01" duration="00:00:00.0158430" startTime="2026-09-19T18:47:18.6302018+10:00" endTime="2026-09-19T18:47:18.6460457+10:00" testType="13cdc9d9-ddb5-4fa4-a97d-d965ccfc6d4b" outcome="Passed" testListId="8c84fa94-04c1-424b-9868-57a2d4851a1d" relativeResultsDirectory="78e73327-b4b1-4109-8611-0de38d30eff6" />
    <UnitTestResult executionId="8f08d50e-b1a5-40c3-a10b-a313456da4b2" testId="62f792d9-e0c6-d08e-439b-d76a328669a1" testName="SameSeedAndCommandLogReplayTwiceToTheSameHash" computerName="RMS-DW-NB-01" duration="00:00:00.2821240" startTime="2026-09-19T18:47:16.2721654+10:00" endTime="2026-09-19T18:47:16.5543102+10:00" testType="13cdc9d9-ddb5-4fa4-a97d-d965ccfc6d4b" outcome="Passed" testListId="8c84fa94-04c1-424b-9868-57a2d4851a1d" relativeResultsDirectory="8f08d50e-b1a5-40c3-a10b-a313456da4b2" />
    <UnitTestResult executionId="dfc3cd66-cc90-4b88-bec7-799c920a7f94" testId="0f3ed64e-7948-6998-08af-2b7292b4b0a8" testName="ABackedUpTwoTileLineKeepsItsGapAcrossTheSeam" computerName="RMS-DW-NB-01" duration="00:00:00.0062750" startTime="2026-09-19T18:47:21.4609071+10:00" endTime="2026-09-19T18:47:21.4671840+10:00" testType="13cdc9d9-ddb5-4fa4-a97d-d965ccfc6d4b" outcome="Passed" testListId="8c84fa94-04c1-424b-9868-57a2d4851a1d" relativeResultsDirectory="dfc3cd66-cc90-4b88-bec7-799c920a7f94" />
    <UnitTestResult executionId="69de268d-b23b-4ecd-b8fe-bc67862411cd" testId="9657003d-50a5-98b5-6029-65f387d6c2df" testName="InvalidSpawnsAreRejectedWithoutChangingState(&quot;skitter&quot;,5,100000)" computerName="RMS-DW-NB-01" duration="00:00:00.0001810" startTime="2026-09-19T18:47:02.2492801+10:00" endTime="2026-09-19T18:47:02.2494606+10:00" testType="13cdc9d9-ddb5-4fa4-a97d-d965ccfc6d4b" outcome="Passed" testListId="8c84fa94-04c1-424b-9868-57a2d4851a1d" relativeResultsDirectory="69de268d-b23b-4ecd-b8fe-bc67862411cd" />
    <UnitTestResult executionId="42467b54-f7c2-4d4a-8345-c3d956c7ce84" testId="7aa0f23f-4629-fe49-bacd-444f66a0f29b" testName="TheDefaultSeedIsTheOneTheNewGameScreenOffers" computerName="RMS-DW-NB-01" duration="00:00:00.0006790" startTime="2026-09-19T18:47:18.4061868+10:00" endTime="2026-09-19T18:47:18.4068666+10:00" testType="13cdc9d9-ddb5-4fa4-a97d-d965ccfc6d4b" outcome="Passed" testListId="8c84fa94-04c1-424b-9868-57a2d4851a1d" relativeResultsDirectory="42467b54-f7c2-4d4a-8345-c3d956c7ce84" />
    <UnitTestResult executionId="d0a4f913-80cc-483c-b926-3619421f1c33" testId="0652f7b3-307a-2aba-310c-101b942c5af9" testName="ReservedInputsCannotBeSpentTwice" computerName="RMS-DW-NB-01" duration="00:00:00.0021520" startTime="2026-09-19T18:47:18.5208590+10:00" endTime="2026-09-19T18:47:18.5230118+10:00" testType="13cdc9d9-ddb5-4fa4-a97d-d965ccfc6d4b" outcome="Passed" testListId="8c84fa94-04c1-424b-9868-57a2d4851a1d" relativeResultsDirectory="d0a4f913-80cc-483c-b926-3619421f1c33" />
    <UnitTestResult executionId="c46511fc-2870-4c34-9b1d-76ebe17dc959" testId="2d09ae7f-75bf-351e-4f22-09758bbc05d8" testName="ADeadCoreSaysSoInItsTitle" computerName="RMS-DW-NB-01" duration="00:00:00.0006390" startTime="2026-09-19T18:47:24.4456451+10:00" endTime="2026-09-19T18:47:24.4462858+10:00" testType="13cdc9d9-ddb5-4fa4-a97d-d965ccfc6d4b" outcome="Passed" testListId="8c84fa94-04c1-424b-9868-57a2d4851a1d" relativeResultsDirectory="c46511fc-2870-4c34-9b1d-76ebe17dc959" />
    <UnitTestResult executionId="861403e3-54dd-47be-8141-7322cc985f4c" testId="87b4fd5b-c1f2-2760-7e2e-c179d0a7f5d9" testName="ADamagedPrimaryOnARealDiskRecoversFromItsBackupRepeatedly" computerName="RMS-DW-NB-01" duration="00:00:00.2013940" startTime="2026-09-19T18:47:19.0755824+10:00" endTime="2026-09-19T18:47:19.2769893+10:00" testType="13cdc9d9-ddb5-4fa4-a97d-d965ccfc6d4b" outcome="Passed" testListId="8c84fa94-04c1-424b-9868-57a2d4851a1d" relativeResultsDirectory="861403e3-54dd-47be-8141-7322cc985f4c" />
    <UnitTestResult executionId="e76cbaa7-c1b8-4977-b32c-937c3179ef33" testId="d73a533d-7651-ad7f-78b4-1a2f609eb261" testName="TheLockPromptShowsTheSimsOwnSentenceUnchanged" computerName="RMS-DW-NB-01" duration="00:00:00.0006050" startTime="2026-09-19T18:47:24.4660413+10:00" endTime="2026-09-19T18:47:24.4666506+10:00" testType="13cdc9d9-ddb5-4fa4-a97d-d965ccfc6d4b" outcome="Passed" testListId="8c84fa94-04c1-424b-9868-57a2d4851a1d" relativeResultsDirectory="e76cbaa7-c1b8-4977-b32c-937c3179ef33" />
    <UnitTestResult executionId="4935801a-0257-47ee-980c-8e0f869ae9b7" testId="33107c40-3f49-cd3a-6b34-45d378a8ba5d" testName="AChestDrawsNothingAndIsNeverUnpowered" computerName="RMS-DW-NB-01" duration="00:00:00.0010760" startTime="2026-09-19T18:47:21.1729783+10:00" endTime="2026-09-19T18:47:21.1740544+10:00" testType="13cdc9d9-ddb5-4fa4-a97d-d965ccfc6d4b" outcome="Passed" testListId="8c84fa94-04c1-424b-9868-57a2d4851a1d" relativeResultsDirectory="4935801a-0257-47ee-980c-8e0f869ae9b7" />
    <UnitTestResult executionId="10264485-b656-48fb-968b-b9224b5d25ac" testId="22c4edee-1b4f-daab-7fd5-9bbb1c75ea0d" testName="EventsDrainAndClear" computerName="RMS-DW-NB-01" duration="00:00:00.0009320" startTime="2026-09-19T18:47:15.4819846+10:00" endTime="2026-09-19T18:47:15.4829172+10:00" testType="13cdc9d9-ddb5-4fa4-a97d-d965ccfc6d4b" outcome="Passed" testListId="8c84fa94-04c1-424b-9868-57a2d4851a1d" relativeResultsDirectory="10264485-b656-48fb-968b-b9224b5d25ac" />
    <UnitTestResult executionId="2c3be444-a55e-44bc-b8eb-f32c3fce38bc" testId="99336d4e-2426-3e34-ef9b-607a10ec9ad5" testName="SolidIsASeparateMaskFromTheTerrainClass" computerName="RMS-DW-NB-01" duration="00:00:00.0008440" startTime="2026-09-19T18:47:18.2313117+10:00" endTime="2026-09-19T18:47:18.2321572+10:00" testType="13cdc9d9-ddb5-4fa4-a97d-d965ccfc6d4b" outcome="Passed" testListId="8c84fa94-04c1-424b-9868-57a2d4851a1d" relativeResultsDirectory="2c3be444-a55e-44bc-b8eb-f32c3fce38bc" />
    <UnitTestResult executionId="d58b30fd-2c96-494c-9613-4ea6f71c3cb4" testId="0734b76b-8ba2-f7fb-db3b-de58d8275ed6" testName="AFullOutputBufferStopsTheFoundryWithOreStillInIt" computerName="RMS-DW-NB-01" duration="00:00:00.0071680" startTime="2026-09-19T18:47:21.5693433+10:00" endTime="2026-09-19T18:47:21.5765115+10:00" testType="13cdc9d9-ddb5-4fa4-a97d-d965ccfc6d4b" outcome="Passed" testListId="8c84fa94-04c1-424b-9868-57a2d4851a1d" relativeResultsDirectory="d58b30fd-2c96-494c-9613-4ea6f71c3cb4" />
    <UnitTestResult executionId="766d821d-25e0-4f8c-9976-514b93b99b61" testId="d2738e23-6d0f-b28e-5d6f-4cdcce3b08c3" testName="TheRecipeHandlerIsRegisteredExactlyOnce" computerName="RMS-DW-NB-01" duration="00:00:00.0006780" startTime="2026-09-19T18:47:21.3775470+10:00" endTime="2026-09-19T18:47:21.3782253+10:00" testType="13cdc9d9-ddb5-4fa4-a97d-d965ccfc6d4b" outcome="Passed" testListId="8c84fa94-04c1-424b-9868-57a2d4851a1d" relativeResultsDirectory="766d821d-25e0-4f8c-9976-514b93b99b61" />
    <UnitTestResult executionId="5a505dde-0f9c-4922-bed8-9b0d0142435e" testId="51bdb638-522b-ffaf-a27a-4a7a1aaf6450" testName="QueuedCommandsAreFlushedBeforeTheFirstTickOfTheNextAdvance" computerName="RMS-DW-NB-01" duration="00:00:00.0071740" startTime="2026-09-19T18:47:15.4952901+10:00" endTime="2026-09-19T18:47:15.5024654+10:00" testType="13cdc9d9-ddb5-4fa4-a97d-d965ccfc6d4b" outcome="Passed" testListId="8c84fa94-04c1-424b-9868-57a2d4851a1d" relativeResultsDirectory="5a505dde-0f9c-4922-bed8-9b0d0142435e" />
    <UnitTestResult executionId="0d849531-964b-4905-96c3-7e428ac53518" testId="a4945c9c-0c57-bd86-dfd8-05a145499b9d" testName="ResetAccumulatorDropsThePartTickAndNothingElse" computerName="RMS-DW-NB-01" duration="00:00:00.0020390" startTime="2026-09-19T18:47:15.1836959+10:00" endTime="2026-09-19T18:47:15.1857362+10:00" testType="13cdc9d9-ddb5-4fa4-a97d-d965ccfc6d4b" outcome="Passed" testListId="8c84fa94-04c1-424b-9868-57a2d4851a1d" relativeResultsDirectory="0d849531-964b-4905-96c3-7e428ac53518" />
    <UnitTestResult executionId="c6eabe67-c1ec-47c5-8f8f-49390603b104" testId="07a22107-c292-647a-7788-50c506052b5f" testName="TheDeferredEncounterStillRunsAfterTheRaidIsOver" computerName="RMS-DW-NB-01" duration="00:00:00.0154740" startTime="2026-09-19T18:47:02.6694617+10:00" endTime="2026-09-19T18:47:02.6849354+10:00" testType="13cdc9d9-ddb5-4fa4-a97d-d965ccfc6d4b" outcome="Passed" testListId="8c84fa94-04c1-424b-9868-57a2d4851a1d" relativeResultsDirectory="c6eabe67-c1ec-47c5-8f8f-49390603b104" />
    <UnitTestResult executionId="951d82b0-a471-4d9b-88ed-e57c1dd874d4" testId="73cb421d-3b7c-9d25-f67a-040880b4dc8b" testName="JustShortOfATickRunsNothingAndTheRemainderCarries" computerName="RMS-DW-NB-01" duration="00:00:00.0009420" startTime="2026-09-19T18:47:15.1720135+10:00" endTime="2026-09-19T18:47:15.1729562+10:00" testType="13cdc9d9-ddb5-4fa4-a97d-d965ccfc6d4b" outcome="Passed" testListId="8c84fa94-04c1-424b-9868-57a2d4851a1d" relativeResultsDirectory="951d82b0-a471-4d9b-88ed-e57c1dd874d4" />
    <UnitTestResult executionId="6e82da09-f0a1-4930-8065-ffe09da9a046" testId="6733a058-102a-6f93-3e7d-292512bfb34f" testName="EveryDestructiveStepOffersASaveFirstAndACancelLast" computerName="RMS-DW-NB-01" duration="00:00:00.0015620" startTime="2026-09-19T18:47:17.8980558+10:00" endTime="2026-09-19T18:47:17.8996198+10:00" testType="13cdc9d9-ddb5-4fa4-a97d-d965ccfc6d4b" outcome="Passed" testListId="8c84fa94-04c1-424b-9868-57a2d4851a1d" relativeResultsDirectory="6e82da09-f0a1-4930-8065-ffe09da9a046" />
    <UnitTestResult executionId="637acacd-bbd4-4756-812e-639fcad2d53d" testId="61b04b0f-eeef-2d4a-7080-ad80f23eb5a5" testName="AnIdleAssemblerRecordsNothing" computerName="RMS-DW-NB-01" duration="00:00:00.0267570" startTime="2026-09-19T18:47:12.4819121+10:00" endTime="2026-09-19T18:47:12.5086723+10:00" testType="13cdc9d9-ddb5-4fa4-a97d-d965ccfc6d4b" outcome="Passed" testListId="8c84fa94-04c1-424b-9868-57a2d4851a1d" relativeResultsDirectory="637acacd-bbd4-4756-812e-639fcad2d53d" />
    <UnitTestResult executionId="e9f41827-6e14-4d50-a6bf-a18f2f64769a" testId="2568c547-d6af-a746-5a36-a572d2a27acf" testName="AutomaticSmeltingAndStarterCostsMatchApprovedBalance" computerName="RMS-DW-NB-01" duration="00:00:00.0011540" startTime="2026-09-19T18:47:18.4185852+10:00" endTime="2026-09-19T18:47:18.4197398+10:00" testType="13cdc9d9-ddb5-4fa4-a97d-d965ccfc6d4b" outcome="Passed" testListId="8c84fa94-04c1-424b-9868-57a2d4851a1d" relativeResultsDirectory="e9f41827-6e14-4d50-a6bf-a18f2f64769a" />
    <UnitTestResult executionId="c3eae782-d83a-483e-ba85-2cb5c81a59db" testId="21d1d251-74a8-dd7a-2845-926e9d259c41" testName="TwoIdenticalRefusalsUpdateOneRowWithACount" computerName="RMS-DW-NB-01" duration="00:00:00.0010410" startTime="2026-09-19T18:47:24.4386151+10:00" endTime="2026-09-19T18:47:24.4396579+10:00" testType="13cdc9d9-ddb5-4fa4-a97d-d965ccfc6d4b" outcome="Passed" testListId="8c84fa94-04c1-424b-9868-57a2d4851a1d" relativeResultsDirectory="c3eae782-d83a-483e-ba85-2cb5c81a59db" />
    <UnitTestResult executionId="e1ff1b95-37ec-4884-a0bd-1ba15d31e56a" testId="fa27c5a3-8934-40f7-1438-83bdf68c8f73" testName="OverTheCapIsClampedAndTheBacklogIsDiscarded" computerName="RMS-DW-NB-01" duration="00:00:00.0012770" startTime="2026-09-19T18:47:15.1779855+10:00" endTime="2026-09-19T18:47:15.1792635+10:00" testType="13cdc9d9-ddb5-4fa4-a97d-d965ccfc6d4b" outcome="Passed" testListId="8c84fa94-04c1-424b-9868-57a2d4851a1d" relativeResultsDirectory="e1ff1b95-37ec-4884-a0bd-1ba15d31e56a" />
    <UnitTestResult executionId="a6fe90fc-7d21-405a-889f-047cf2cfa57e" testId="81ae0e74-c381-9c28-7732-8e5e844f1d15" testName="TheStripSaysDisconnectedWhenNothingIsOnACircuitAtAll" computerName="RMS-DW-NB-01" duration="00:00:00.0004929" startTime="2026-09-19T18:47:24.4313072+10:00" endTime="2026-09-19T18:47:24.4318017+10:00" testType="13cdc9d9-ddb5-4fa4-a97d-d965ccfc6d4b" outcome="Passed" testListId="8c84fa94-04c1-424b-9868-57a2d4851a1d" relativeResultsDirectory="a6fe90fc-7d21-405a-889f-047cf2cfa57e" />
    <UnitTestResult executionId="744e32e1-5912-4e81-8e85-8a4e586897b6" testId="9e46e9c5-0a1e-5c2f-1a7d-01fc66518cae" testName="AnAcceptedCommandWithNothingToSaySaysNothing" computerName="RMS-DW-NB-01" duration="00:00:00.0176570" startTime="2026-09-19T18:47:15.2025455+10:00" endTime="2026-09-19T18:47:15.2202042+10:00" testType="13cdc9d9-ddb5-4fa4-a97d-d965ccfc6d4b" outcome="Passed" testListId="8c84fa94-04c1-424b-9868-57a2d4851a1d" relativeResultsDirectory="744e32e1-5912-4e81-8e85-8a4e586897b6" />
    <UnitTestResult executionId="8651067e-454b-4c18-a3f0-b08305d9f565" testId="1b5385fd-7963-3076-411d-fc3f3623f23e" testName="AFileFromAnotherProgramIsRefused" computerName="RMS-DW-NB-01" duration="00:00:00.0008170" startTime="2026-09-19T18:47:19.6073976+10:00" endTime="2026-09-19T18:47:19.6082161+10:00" testType="13cdc9d9-ddb5-4fa4-a97d-d965ccfc6d4b" outcome="Passed" testListId="8c84fa94-04c1-424b-9868-57a2d4851a1d" relativeResultsDirectory="8651067e-454b-4c18-a3f0-b08305d9f565" />
    <UnitTestResult executionId="dee76101-26d4-4921-ac2e-cec9bc7b8d5c" testId="bf918571-614c-562f-75d6-c6c62dfccb48" testName="WhenTheNewestWillNotOpenContinueFallsToTheNextAndSaysSo" computerName="RMS-DW-NB-01" duration="00:00:00.0005190" startTime="2026-09-19T18:47:15.0925412+10:00" endTime="2026-09-19T18:47:15.0930618+10:00" testType="13cdc9d9-ddb5-4fa4-a97d-d965ccfc6d4b" outcome="Passed" testListId="8c84fa94-04c1-424b-9868-57a2d4851a1d" relativeResultsDirectory="dee76101-26d4-4921-ac2e-cec9bc7b8d5c" />
    <UnitTestResult executionId="2e14c14d-843d-45f9-855e-278dc6d79793" testId="fb81db38-9566-031f-d58f-07db1c05b6e3" testName="TheRecordedDefaultsAreFiveMinutesAndThreeSlots" computerName="RMS-DW-NB-01" duration="00:00:00.0018080" startTime="2026-09-19T18:47:19.0053218+10:00" endTime="2026-09-19T18:47:19.0071305+10:00" testType="13cdc9d9-ddb5-4fa4-a97d-d965ccfc6d4b" outcome="Passed" testListId="8c84fa94-04c1-424b-9868-57a2d4851a1d" relativeResultsDirectory="2e14c14d-843d-45f9-855e-278dc6d79793" />
    <UnitTestResult executionId="53974f57-79a0-4f0f-a50a-b2062f1273b5" testId="5a96d773-67e4-69c9-7fcb-fd8c0a49a456" testName="U7_NoMachineTransferCanNameAWeaponAndAWeaponNeverStacks" computerName="RMS-DW-NB-01" duration="00:00:00.0019790" startTime="2026-09-19T18:47:22.3239157+10:00" endTime="2026-09-19T18:47:22.3258943+10:00" testType="13cdc9d9-ddb5-4fa4-a97d-d965ccfc6d4b" outcome="Passed" testListId="8c84fa94-04c1-424b-9868-57a2d4851a1d" relativeResultsDirectory="53974f57-79a0-4f0f-a50a-b2062f1273b5" />
    <UnitTestResult executionId="f4e27e55-5427-4b45-9cc9-89dfb2f2a1f9" testId="52e43f80-433a-be81-3c94-5331af7f9aea" testName="ACollisionInsideOneContextNamesTheOtherAction" computerName="RMS-DW-NB-01" duration="00:00:00.0028330" startTime="2026-09-19T18:47:02.2991279+10:00" endTime="2026-09-19T18:47:02.3019612+10:00" testType="13cdc9d9-ddb5-4fa4-a97d-d965ccfc6d4b" outcome="Passed" testListId="8c84fa94-04c1-424b-9868-57a2d4851a1d" relativeResultsDirectory="f4e27e55-5427-4b45-9cc9-89dfb2f2a1f9" />
    <UnitTestResult executionId="1cbd3c9e-27bc-411c-9436-c3f49219ac66" testId="107e0fc1-0412-4d7b-8d2b-3cd35f5c400d" testName="AnUnpoweredInserterDoesNothing" computerName="RMS-DW-NB-01" duration="00:00:00.0073440" startTime="2026-09-19T18:47:21.5452905+10:00" endTime="2026-09-19T18:47:21.5526342+10:00" testType="13cdc9d9-ddb5-4fa4-a97d-d965ccfc6d4b" outcome="Passed" testListId="8c84fa94-04c1-424b-9868-57a2d4851a1d" relativeResultsDirectory="1cbd3c9e-27bc-411c-9436-c3f49219ac66" />
    <UnitTestResult executionId="cd05d542-9450-4557-b8c8-bc636b724242" testId="5f81c703-236c-8c93-4058-65825702db3b" testName="SimContextDefaultsToEmptySites" computerName="RMS-DW-NB-01" duration="00:00:00.0011300" startTime="2026-09-19T18:47:24.4990301+10:00" endTime="2026-09-19T18:47:24.5001616+10:00" testType="13cdc9d9-ddb5-4fa4-a97d-d965ccfc6d4b" outcome="Passed" testListId="8c84fa94-04c1-424b-9868-57a2d4851a1d" relativeResultsDirectory="cd05d542-9450-4557-b8c8-bc636b724242" />
    <UnitTestResult executionId="c81c3be8-f5b7-4def-ae98-a7b1ea91f210" testId="1f339435-adeb-a1d4-1861-427a23dcc6b6" testName="AFreshSessionThatHasNotTickedIsNotDirty" computerName="RMS-DW-NB-01" duration="00:00:00.0009120" startTime="2026-09-19T18:47:24.1073449+10:00" endTime="2026-09-19T18:47:24.1082580+10:00" testType="13cdc9d9-ddb5-4fa4-a97d-d965ccfc6d4b" outcome="Passed" testListId="8c84fa94-04c1-424b-9868-57a2d4851a1d" relativeResultsDirectory="c81c3be8-f5b7-4def-ae98-a7b1ea91f210" />
    <UnitTestResult executionId="9fa01685-c9de-4d5a-8dd4-0b6db004dc1a" testId="d924ec28-48e8-269c-2431-8cddbdd654a3" testName="OccupancyFollowsTheStructuralRevision" computerName="RMS-DW-NB-01" duration="00:00:00.0011170" startTime="2026-09-19T18:47:17.9324174+10:00" endTime="2026-09-19T18:47:17.9335352+10:00" testType="13cdc9d9-ddb5-4fa4-a97d-d965ccfc6d4b" outcome="Passed" testListId="8c84fa94-04c1-424b-9868-57a2d4851a1d" relativeResultsDirectory="9fa01685-c9de-4d5a-8dd4-0b6db004dc1a" />
    <UnitTestResult executionId="39c9fbcc-e4ac-4e98-bae9-6bd4d0af8545" testId="08e24f38-b3ed-3b0f-a945-d185a5268351" testName="TheDebugTriggerIsRefusedUnlessDebugIsAllowed" computerName="RMS-DW-NB-01" duration="00:00:00.0557600" startTime="2026-09-19T18:47:14.0224425+10:00" endTime="2026-09-19T18:47:14.0782074+10:00" testType="13cdc9d9-ddb5-4fa4-a97d-d965ccfc6d4b" outcome="Passed" testListId="8c84fa94-04c1-424b-9868-57a2d4851a1d" relativeResultsDirectory="39c9fbcc-e4ac-4e98-bae9-6bd4d0af8545" />
    <UnitTestResult executionId="a9e3babf-00d8-431b-bf99-0537fa2dc5d0" testId="fc2e5ce8-bae6-2b7a-6c95-8c370a33b0f8" testName="CoversIsTheRadiusRuleWithTheReferenceSlack" computerName="RMS-DW-NB-01" duration="00:00:00.0002050" startTime="2026-09-19T18:47:02.3560396+10:00" endTime="2026-09-19T18:47:02.3562441+10:00" testType="13cdc9d9-ddb5-4fa4-a97d-d965ccfc6d4b" outcome="Passed" testListId="8c84fa94-04c1-424b-9868-57a2d4851a1d" relativeResultsDirectory="a9e3babf-00d8-431b-bf99-0537fa2dc5d0" />
    <UnitTestResult executionId="98b422d9-a234-4a68-8d0b-8fd51da41bc2" testId="c3b6209d-e687-e15c-2f42-cb9b88fd813d" testName="TheStackDetailNamesWhichSideTheStackIsOn" computerName="RMS-DW-NB-01" duration="00:00:00.0009830" startTime="2026-09-19T18:47:24.2547460+10:00" endTime="2026-09-19T18:47:24.2557301+10:00" testType="13cdc9d9-ddb5-4fa4-a97d-d965ccfc6d4b" outcome="Passed" testListId="8c84fa94-04c1-424b-9868-57a2d4851a1d" relativeResultsDirectory="98b422d9-a234-4a68-8d0b-8fd51da41bc2" />
    <UnitTestResult executionId="e4c048ae-bbff-438b-a6d9-974cd244912e" testId="351f7a43-eb84-9968-e1a2-874aa768589c" testName="AnUnfuelledGeneratorAtTheStartRaisesNoOutage" computerName="RMS-DW-NB-01" duration="00:00:00.0035460" startTime="2026-09-19T18:47:21.2050364+10:00" endTime="2026-09-19T18:47:21.2085818+10:00" testType="13cdc9d9-ddb5-4fa4-a97d-d965ccfc6d4b" outcome="Passed" testListId="8c84fa94-04c1-424b-9868-57a2d4851a1d" relativeResultsDirectory="e4c048ae-bbff-438b-a6d9-974cd244912e" />
    <UnitTestResult executionId="6c2e4d55-1382-469d-a200-1aa6dd27d2e0" testId="cfae446d-d5d1-ffb0-6004-e61c53c99c7f" testName="TheSamePathTwice" computerName="RMS-DW-NB-01" duration="00:00:00.0127740" startTime="2026-09-19T18:47:18.6096869+10:00" endTime="2026-09-19T18:47:18.6224624+10:00" testType="13cdc9d9-ddb5-4fa4-a97d-d965ccfc6d4b" outcome="Passed" testListId="8c84fa94-04c1-424b-9868-57a2d4851a1d" relativeResultsDirectory="6c2e4d55-1382-469d-a200-1aa6dd27d2e0" />
    <UnitTestResult executionId="cdf729cc-9256-4334-a13e-dac5643b2814" testId="23b4c954-b811-6c01-ba25-78e86f4d27d4" testName="InertIsWalkableBecauseTheReferenceOnlyExcludesRiver" computerName="RMS-DW-NB-01" duration="00:00:00.0007249" startTime="2026-09-19T18:47:17.9261195+10:00" endTime="2026-09-19T18:47:17.9268452+10:00" testType="13cdc9d9-ddb5-4fa4-a97d-d965ccfc6d4b" outcome="Passed" testListId="8c84fa94-04c1-424b-9868-57a2d4851a1d" relativeResultsDirectory="cdf729cc-9256-4334-a13e-dac5643b2814" />
    <UnitTestResult executionId="ef356be7-df2f-41f1-b788-9cdab66cf082" testId="0c6aab24-846a-a7ee-a234-9ee9fcb82d0b" testName="AWallOfMachinesCanCloseTheOnlyRoute" computerName="RMS-DW-NB-01" duration="00:00:00.0107200" startTime="2026-09-19T18:47:18.5400006+10:00" endTime="2026-09-19T18:47:18.5507217+10:00" testType="13cdc9d9-ddb5-4fa4-a97d-d965ccfc6d4b" outcome="Passed" testListId="8c84fa94-04c1-424b-9868-57a2d4851a1d" relativeResultsDirectory="ef356be7-df2f-41f1-b788-9cdab66cf082" />
    <UnitTestResult executionId="65625804-e0b5-4d1d-b2c0-41f9bcc4445a" testId="1280e0d1-4ce2-b970-c264-9b323b59a399" testName="ANewCityCarriesItsSeedAndNoSave" computerName="RMS-DW-NB-01" duration="00:00:00.0048700" startTime="2026-09-19T18:47:18.3781905+10:00" endTime="2026-09-19T18:47:18.3830627+10:00" testType="13cdc9d9-ddb5-4fa4-a97d-d965ccfc6d4b" outcome="Passed" testListId="8c84fa94-04c1-424b-9868-57a2d4851a1d" relativeResultsDirectory="65625804-e0b5-4d1d-b2c0-41f9bcc4445a" />
    <UnitTestResult executionId="1abd5685-3e65-4abc-8bbe-07b1c1d985da" testId="44a804dd-347a-cc3d-2b6f-e412e6ebd2c4" testName="StackSizesMatchTheReference" computerName="RMS-DW-NB-01" duration="00:00:00.0010640" startTime="2026-09-19T18:47:12.7631282+10:00" endTime="2026-09-19T18:47:12.7641943+10:00" testType="13cdc9d9-ddb5-4fa4-a97d-d965ccfc6d4b" outcome="Passed" testListId="8c84fa94-04c1-424b-9868-57a2d4851a1d" relativeResultsDirectory="1abd5685-3e65-4abc-8bbe-07b1c1d985da" />
    <UnitTestResult executionId="c120f790-2ae5-4679-9ef6-700661bf0980" testId="e7ee2b40-a0b9-a408-53ca-677ca52add8d" testName="AnAutosaveNeverWritesAManualSlot" computerName="RMS-DW-NB-01" duration="00:00:00.0938350" startTime="2026-09-19T18:47:18.7609783+10:00" endTime="2026-09-19T18:47:18.8548201+10:00" testType="13cdc9d9-ddb5-4fa4-a97d-d965ccfc6d4b" outcome="Passed" testListId="8c84fa94-04c1-424b-9868-57a2d4851a1d" relativeResultsDirectory="c120f790-2ae5-4679-9ef6-700661bf0980" />
    <UnitTestResult executionId="44082d70-f0e7-423f-bf32-86130b6fd7a8" testId="faaec165-0b3c-0625-b5ac-25115dc78510" testName="WithNoSaveAtAllContinueIsDisabledWithTheReasonAndIsNotHidden" computerName="RMS-DW-NB-01" duration="00:00:00.0005720" startTime="2026-09-19T18:47:15.0965243+10:00" endTime="2026-09-19T18:47:15.0970969+10:00" testType="13cdc9d9-ddb5-4fa4-a97d-d965ccfc6d4b" outcome="Passed" testListId="8c84fa94-04c1-424b-9868-57a2d4851a1d" relativeResultsDirectory="44082d70-f0e7-423f-bf32-86130b6fd7a8" />
    <UnitTestResult executionId="76a3d07a-204c-47a4-93f5-637cbc252acd" testId="ded72e25-d0be-218b-35dd-e9b55ff0371e" testName="UnknownCommandsAreRefusedNotIgnored" computerName="RMS-DW-NB-01" duration="00:00:00.0006880" startTime="2026-09-19T18:47:15.5139970+10:00" endTime="2026-09-19T18:47:15.5146854+10:00" testType="13cdc9d9-ddb5-4fa4-a97d-d965ccfc6d4b" outcome="Passed" testListId="8c84fa94-04c1-424b-9868-57a2d4851a1d" relativeResultsDirectory="76a3d07a-204c-47a4-93f5-637cbc252acd" />
    <UnitTestResult executionId="8a9944f1-669e-4b91-8556-dd8a3ec9f939" testId="037c1671-c71b-c36d-c4a0-cb904c599d39" testName="RngIntMatchesReference" computerName="RMS-DW-NB-01" duration="00:00:00.0015770" startTime="2026-09-19T18:47:15.4217377+10:00" endTime="2026-09-19T18:47:15.4233159+10:00" testType="13cdc9d9-ddb5-4fa4-a97d-d965ccfc6d4b" outcome="Passed" testListId="8c84fa94-04c1-424b-9868-57a2d4851a1d" relativeResultsDirectory="8a9944f1-669e-4b91-8556-dd8a3ec9f939" />
    <UnitTestResult executionId="5c94035a-b8dc-48cb-8ff1-90c091773738" testId="edf7e589-b079-5107-4067-31b0cc4a1c84" testName="TheHashIsTakenOverAStableCanonicalText" computerName="RMS-DW-NB-01" duration="00:00:00.0347000" startTime="2026-09-19T18:47:17.6621121+10:00" endTime="2026-09-19T18:47:17.6968152+10:00" testType="13cdc9d9-ddb5-4fa4-a97d-d965ccfc6d4b" outcome="Passed" testListId="8c84fa94-04c1-424b-9868-57a2d4851a1d" relativeResultsDirectory="5c94035a-b8dc-48cb-8ff1-90c091773738" />
    <UnitTestResult executionId="c0c3f847-2283-4a06-ad56-b33060bfabac" testId="3f9002f9-cc2b-c461-3f15-a9e9bb3b9332" testName="DeferringAnAssaultSlidesItsWholePlanWithoutChangingIt" computerName="RMS-DW-NB-01" duration="00:00:00.0290760" startTime="2026-09-19T18:47:14.7133609+10:00" endTime="2026-09-19T18:47:14.7424391+10:00" testType="13cdc9d9-ddb5-4fa4-a97d-d965ccfc6d4b" outcome="Passed" testListId="8c84fa94-04c1-424b-9868-57a2d4851a1d" relativeResultsDirectory="c0c3f847-2283-4a06-ad56-b33060bfabac" />
    <UnitTestResult executionId="da56dfd1-0ee8-4804-acb8-ad2b62591ffe" testId="972c004f-0f12-ea3a-8d95-08a83165064e" testName="TheFirstReadyTurretSchedulesTheEncounterExactlyOnce" computerName="RMS-DW-NB-01" duration="00:00:00.0144340" startTime="2026-09-19T18:47:02.6849775+10:00" endTime="2026-09-19T18:47:02.6994115+10:00" testType="13cdc9d9-ddb5-4fa4-a97d-d965ccfc6d4b" outcome="Passed" testListId="8c84fa94-04c1-424b-9868-57a2d4851a1d" relativeResultsDirectory="da56dfd1-0ee8-4804-acb8-ad2b62591ffe" />
    <UnitTestResult executionId="971b36b4-a76a-44a0-8e73-784be32c8ffe" testId="6311d44c-9731-ecb8-fd53-294047014721" testName="AGeneratorTakesFuelOnlyUpToItsCap" computerName="RMS-DW-NB-01" duration="00:00:00.0017110" startTime="2026-09-19T18:47:24.1892012+10:00" endTime="2026-09-19T18:47:24.1909135+10:00" testType="13cdc9d9-ddb5-4fa4-a97d-d965ccfc6d4b" outcome="Passed" testListId="8c84fa94-04c1-424b-9868-57a2d4851a1d" relativeResultsDirectory="971b36b4-a76a-44a0-8e73-784be32c8ffe" />
    <UnitTestResult executionId="affad99a-c6b3-4253-892b-82779ae1cff0" testId="b53cf803-e7b0-43b9-e0f6-8d5ea9cc1936" testName="ASubstationSiteBridgesTwoPoleNetworks" computerName="RMS-DW-NB-01" duration="00:00:00.0011180" startTime="2026-09-19T18:47:21.2185244+10:00" endTime="2026-09-19T18:47:21.2196428+10:00" testType="13cdc9d9-ddb5-4fa4-a97d-d965ccfc6d4b" outcome="Passed" testListId="8c84fa94-04c1-424b-9868-57a2d4851a1d" relativeResultsDirectory="affad99a-c6b3-4253-892b-82779ae1cff0" />
    <UnitTestResult executionId="b91910d0-0c97-412d-afaf-f6fe5990076f" testId="9d7955fb-801a-bd49-d7b2-d5d66c6b2885" testName="NewGamePlacesOneDepotInsideTheAuthoredCore" computerName="RMS-DW-NB-01" duration="00:00:00.0010980" startTime="2026-09-19T18:47:02.3419026+10:00" endTime="2026-09-19T18:47:02.3430006+10:00" testType="13cdc9d9-ddb5-4fa4-a97d-d965ccfc6d4b" outcome="Passed" testListId="8c84fa94-04c1-424b-9868-57a2d4851a1d" relativeResultsDirectory="b91910d0-0c97-412d-afaf-f6fe5990076f" />
    <UnitTestResult executionId="9bc5960c-fb4c-4bb9-b53c-a7e0fe38b540" testId="8a816406-9ff8-2020-7176-0f544968f640" testName="ALiveTurretOverALiveCoreIsStillARepulse" computerName="RMS-DW-NB-01" duration="00:00:00.0530030" startTime="2026-09-19T18:47:23.7752617+10:00" endTime="2026-09-19T18:47:23.8282671+10:00" testType="13cdc9d9-ddb5-4fa4-a97d-d965ccfc6d4b" outcome="Passed" testListId="8c84fa94-04c1-424b-9868-57a2d4851a1d" relativeResultsDirectory="9bc5960c-fb4c-4bb9-b53c-a7e0fe38b540" />
    <UnitTestResult executionId="44fa05e4-8326-485c-be9a-b990eafd8b4a" testId="99fde974-7fd3-091b-2a78-3989880e2f8f" testName="TheEvidencePhaseCSaveLoadsOnTheFullCityWithEverythingShifted" computerName="RMS-DW-NB-01" duration="00:00:00.1014210" startTime="2026-09-19T18:47:20.0178366+10:00" endTime="2026-09-19T18:47:20.1192640+10:00" testType="13cdc9d9-ddb5-4fa4-a97d-d965ccfc6d4b" outcome="NotExecuted" testListId="8c84fa94-04c1-424b-9868-57a2d4851a1d" relativeResultsDirectory="44fa05e4-8326-485c-be9a-b990eafd8b4a">
      <Output>
        <StdOut>could not find Unity/Docs/evidence/phase-c/integrated-run/slot-phasec-int-end.json from C:\Users\dw\AppData\Local\Temp\relight-substation\simtests\bin\Debug\net8.0; this check needs the repository checkout.</StdOut>
        <ErrorInfo>
          <Message>could not find Unity/Docs/evidence/phase-c/integrated-run/slot-phasec-int-end.json from C:\Users\dw\AppData\Local\Temp\relight-substation\simtests\bin\Debug\net8.0; this check needs the repository checkout.</Message>
        </ErrorInfo>
      </Output>
    </UnitTestResult>
    <UnitTestResult executionId="7f83abab-c459-4bb8-9aee-c92d104f1cb5" testId="1f2a37ff-495f-5664-c419-f11920334dba" testName="ARingOfWallsReadsAsBlindAndTheTurretInsideItCannotShootOut" computerName="RMS-DW-NB-01" duration="00:00:00.0255900" startTime="2026-09-19T18:47:14.8336027+10:00" endTime="2026-09-19T18:47:14.8591947+10:00" testType="13cdc9d9-ddb5-4fa4-a97d-d965ccfc6d4b" outcome="Passed" testListId="8c84fa94-04c1-424b-9868-57a2d4851a1d" relativeResultsDirectory="7f83abab-c459-4bb8-9aee-c92d104f1cb5" />
    <UnitTestResult executionId="36ffb12e-990c-40c4-8db3-331cbd1c5233" testId="0f1f0732-29fc-1a2a-200f-3867ab310b2c" testName="U2_AssigningOneToolByThreePathsLeavesItOnExactlyOneActionBarSlot" computerName="RMS-DW-NB-01" duration="00:00:00.0070390" startTime="2026-09-19T18:47:22.2464882+10:00" endTime="2026-09-19T18:47:22.2535284+10:00" testType="13cdc9d9-ddb5-4fa4-a97d-d965ccfc6d4b" outcome="Passed" testListId="8c84fa94-04c1-424b-9868-57a2d4851a1d" relativeResultsDirectory="36ffb12e-990c-40c4-8db3-331cbd1c5233" />
    <UnitTestResult executionId="3c36b2da-5688-4246-86c1-2573c41b310d" testId="bb61f7ab-9c14-5f86-ba0f-e19d4cac7a68" testName="AnAssemblerYieldsTheWholeBatchOfRounds" computerName="RMS-DW-NB-01" duration="00:00:00.0025740" startTime="2026-09-19T18:47:21.5767405+10:00" endTime="2026-09-19T18:47:21.5793151+10:00" testType="13cdc9d9-ddb5-4fa4-a97d-d965ccfc6d4b" outcome="Passed" testListId="8c84fa94-04c1-424b-9868-57a2d4851a1d" relativeResultsDirectory="3c36b2da-5688-4246-86c1-2573c41b310d" />
    <UnitTestResult executionId="c02182e2-1e61-4b1e-b1cb-c5e3408dea35" testId="1f847f09-5cea-840d-bd19-e549e15171eb" testName="StampMatchesCoversOverTheWholeBoundingBox" computerName="RMS-DW-NB-01" duration="00:00:00.0053560" startTime="2026-09-19T18:47:02.3603067+10:00" endTime="2026-09-19T18:47:02.3656630+10:00" testType="13cdc9d9-ddb5-4fa4-a97d-d965ccfc6d4b" outcome="Passed" testListId="8c84fa94-04c1-424b-9868-57a2d4851a1d" relativeResultsDirectory="c02182e2-1e61-4b1e-b1cb-c5e3408dea35" />
    <UnitTestResult executionId="c57e0b0f-beb3-4328-871f-65fbdbad8620" testId="973d4f44-f16e-068a-bd17-1ef3c5b00fcd" testName="AFreshSessionFillsTheStripFromTheSelectors" computerName="RMS-DW-NB-01" duration="00:00:00.0359860" startTime="2026-09-19T18:47:24.2628608+10:00" endTime="2026-09-19T18:47:24.2988514+10:00" testType="13cdc9d9-ddb5-4fa4-a97d-d965ccfc6d4b" outcome="Passed" testListId="8c84fa94-04c1-424b-9868-57a2d4851a1d" relativeResultsDirectory="c57e0b0f-beb3-4328-871f-65fbdbad8620" />
    <UnitTestResult executionId="9876d469-818c-4826-9d30-e7698ab24132" testId="1103c5ca-3ad3-1342-47ad-ba4f861b9b9c" testName="TheSimCarriesTheRegionAndItsOriginThroughToTheSaveHeader" computerName="RMS-DW-NB-01" duration="00:00:00.0036230" startTime="2026-09-19T18:47:21.7906822+10:00" endTime="2026-09-19T18:47:21.7943061+10:00" testType="13cdc9d9-ddb5-4fa4-a97d-d965ccfc6d4b" outcome="Passed" testListId="8c84fa94-04c1-424b-9868-57a2d4851a1d" relativeResultsDirectory="9876d469-818c-4826-9d30-e7698ab24132" />
    <UnitTestResult executionId="334c3376-10dd-4c48-9af9-e88e5c405b35" testId="bba6a7d5-6b5f-3a82-abda-aab1adf8442e" testName="AFailedWriteLeavesTheBackupCopyIntact" computerName="RMS-DW-NB-01" duration="00:00:00.0188300" startTime="2026-09-19T18:47:18.7100605+10:00" endTime="2026-09-19T18:47:18.7288920+10:00" testType="13cdc9d9-ddb5-4fa4-a97d-d965ccfc6d4b" outcome="Passed" testListId="8c84fa94-04c1-424b-9868-57a2d4851a1d" relativeResultsDirectory="334c3376-10dd-4c48-9af9-e88e5c405b35" />
    <UnitTestResult executionId="057ca47d-885f-4373-9d63-e2ea64bfe107" testId="b117aa48-7f8b-6460-e1d7-e77c4912bd67" testName="ATurretInTheOpenReadsAsFullyCoveredAndIsGivenNoAdvice" computerName="RMS-DW-NB-01" duration="00:00:00.0051910" startTime="2026-09-19T18:47:14.8623857+10:00" endTime="2026-09-19T18:47:14.8675779+10:00" testType="13cdc9d9-ddb5-4fa4-a97d-d965ccfc6d4b" outcome="Passed" testListId="8c84fa94-04c1-424b-9868-57a2d4851a1d" relativeResultsDirectory="057ca47d-885f-4373-9d63-e2ea64bfe107" />
    <UnitTestResult executionId="2f1f1a32-a834-4563-90e5-f3f001372811" testId="b0d3e217-dec9-4488-1cc1-5095295d4080" testName="TwentySimMinutesRepeatedTwiceGiveEqualHashes_Long" computerName="RMS-DW-NB-01" duration="00:00:00.0036340" startTime="2026-09-19T18:47:17.6982848+10:00" endTime="2026-09-19T18:47:17.7019199+10:00" testType="13cdc9d9-ddb5-4fa4-a97d-d965ccfc6d4b" outcome="NotExecuted" testListId="8c84fa94-04c1-424b-9868-57a2d4851a1d" relativeResultsDirectory="2f1f1a32-a834-4563-90e5-f3f001372811">
      <Output>
        <StdOut>long form</StdOut>
        <ErrorInfo>
          <Message>long form</Message>
        </ErrorInfo>
      </Output>
    </UnitTestResult>
    <UnitTestResult executionId="5d5e58ab-22da-493f-ad55-431254e41873" testId="a497bfab-ce3f-30e1-a349-9f40153006fa" testName="SavingToARefusedNameWritesNothing" computerName="RMS-DW-NB-01" duration="00:00:00.0035300" startTime="2026-09-19T18:47:19.8398166+10:00" endTime="2026-09-19T18:47:19.8433483+10:00" testType="13cdc9d9-ddb5-4fa4-a97d-d965ccfc6d4b" outcome="Passed" testListId="8c84fa94-04c1-424b-9868-57a2d4851a1d" relativeResultsDirectory="5d5e58ab-22da-493f-ad55-431254e41873" />
    <UnitTestResult executionId="a157791c-fc9f-4550-b5a3-53c55dd26737" testId="c9a30d88-b7a7-5b15-b243-55e95088b659" testName="ASaveTakenInsideARaidWarningResumesOnTheSameWarningAndArrivesExactlyOnce" computerName="RMS-DW-NB-01" duration="00:00:00.1735559" startTime="2026-09-19T18:47:13.0580741+10:00" endTime="2026-09-19T18:47:13.2316426+10:00" testType="13cdc9d9-ddb5-4fa4-a97d-d965ccfc6d4b" outcome="Passed" testListId="8c84fa94-04c1-424b-9868-57a2d4851a1d" relativeResultsDirectory="a157791c-fc9f-4550-b5a3-53c55dd26737" />
    <UnitTestResult executionId="9d0aa20b-6bd3-48dd-a9b8-b789784046d3" testId="34d8a0e0-f101-efe8-dd2c-e8220394a95f" testName="AnOldAutosaveIsReadInTheRingAndNotTreatedAsRubbish" computerName="RMS-DW-NB-01" duration="00:00:00.0182700" startTime="2026-09-19T18:47:20.8089269+10:00" endTime="2026-09-19T18:47:20.8271985+10:00" testType="13cdc9d9-ddb5-4fa4-a97d-d965ccfc6d4b" outcome="Passed" testListId="8c84fa94-04c1-424b-9868-57a2d4851a1d" relativeResultsDirectory="9d0aa20b-6bd3-48dd-a9b8-b789784046d3" />
    <UnitTestResult executionId="efa0006d-d58d-4c4c-acab-0e9982610bd5" testId="cef465a5-5888-d7a7-7b1f-b52ad5668179" testName="AnAdjacentBeltPullsRealExtractorOutputOnEachEdge(S,11,19)" computerName="RMS-DW-NB-01" duration="00:00:00.0026580" startTime="2026-09-19T18:47:21.4770495+10:00" endTime="2026-09-19T18:47:21.4797083+10:00" testType="13cdc9d9-ddb5-4fa4-a97d-d965ccfc6d4b" outcome="Passed" testListId="8c84fa94-04c1-424b-9868-57a2d4851a1d" relativeResultsDirectory="efa0006d-d58d-4c4c-acab-0e9982610bd5" />
    <UnitTestResult executionId="bdc7d9d6-1a5c-46bf-9ec3-4930b447330a" testId="f8150196-e213-1bcc-da1a-3450e3af935d" testName="AFoundrySmeltsOnePlatePerRecipeTime" computerName="RMS-DW-NB-01" duration="00:00:00.0048280" startTime="2026-09-19T18:47:21.5577293+10:00" endTime="2026-09-19T18:47:21.5625579+10:00" testType="13cdc9d9-ddb5-4fa4-a97d-d965ccfc6d4b" outcome="Passed" testListId="8c84fa94-04c1-424b-9868-57a2d4851a1d" relativeResultsDirectory="bdc7d9d6-1a5c-46bf-9ec3-4930b447330a" />
    <UnitTestResult executionId="4f55d0e1-7f2d-4d15-98ef-a0636ae949e5" testId="8d4955c0-7f53-94ed-d104-35eabef094de" testName="ThePlayerProjectileSeamSeesTheBodies" computerName="RMS-DW-NB-01" duration="00:00:00.0056970" startTime="2026-09-19T18:47:14.4302762+10:00" endTime="2026-09-19T18:47:14.4359740+10:00" testType="13cdc9d9-ddb5-4fa4-a97d-d965ccfc6d4b" outcome="Passed" testListId="8c84fa94-04c1-424b-9868-57a2d4851a1d" relativeResultsDirectory="4f55d0e1-7f2d-4d15-98ef-a0636ae949e5" />
    <UnitTestResult executionId="f42e90cf-91fc-412f-b292-99e2750a8ef4" testId="04f29161-6821-62af-9c2f-ffa05c6591ec" testName="TheClockCountsDaysAndPrintsPausedOnlyWhenPaused" computerName="RMS-DW-NB-01" duration="00:00:00.0007040" startTime="2026-09-19T18:47:24.4142063+10:00" endTime="2026-09-19T18:47:24.4149119+10:00" testType="13cdc9d9-ddb5-4fa4-a97d-d965ccfc6d4b" outcome="Passed" testListId="8c84fa94-04c1-424b-9868-57a2d4851a1d" relativeResultsDirectory="f42e90cf-91fc-412f-b292-99e2750a8ef4" />
    <UnitTestResult executionId="3a24079e-0dc3-45d6-ad82-396a68086d23" testId="aa67d0ce-12e5-d47b-c82b-9ce49cad6869" testName="DangerTelemetryCountsSecondsNotTicks" computerName="RMS-DW-NB-01" duration="00:00:00.0028180" startTime="2026-09-19T18:47:15.4753889+10:00" endTime="2026-09-19T18:47:15.4782081+10:00" testType="13cdc9d9-ddb5-4fa4-a97d-d965ccfc6d4b" outcome="Passed" testListId="8c84fa94-04c1-424b-9868-57a2d4851a1d" relativeResultsDirectory="3a24079e-0dc3-45d6-ad82-396a68086d23" />
    <UnitTestResult executionId="82bd658e-a5d3-40a8-8173-c872fc67b8a7" testId="26144ff1-9395-a274-1a29-a0b58219bfaa" testName="StateHashChangesWithSimTimeAndIsStableOtherwise" computerName="RMS-DW-NB-01" duration="00:00:00.0037720" startTime="2026-09-19T18:47:15.3715434+10:00" endTime="2026-09-19T18:47:15.3753162+10:00" testType="13cdc9d9-ddb5-4fa4-a97d-d965ccfc6d4b" outcome="Passed" testListId="8c84fa94-04c1-424b-9868-57a2d4851a1d" relativeResultsDirectory="82bd658e-a5d3-40a8-8173-c872fc67b8a7" />
    <UnitTestResult executionId="3cb01ae4-a00c-4f08-b5cf-86a9555f28d1" testId="016aae8c-db2e-e4a4-2250-2895b6496a22" testName="PlacingAChestChargesItsPriceExactlyOnce" computerName="RMS-DW-NB-01" duration="00:00:00.0015340" startTime="2026-09-19T18:47:21.1281128+10:00" endTime="2026-09-19T18:47:21.1296475+10:00" testType="13cdc9d9-ddb5-4fa4-a97d-d965ccfc6d4b" outcome="Passed" testListId="8c84fa94-04c1-424b-9868-57a2d4851a1d" relativeResultsDirectory="3cb01ae4-a00c-4f08-b5cf-86a9555f28d1" />
    <UnitTestResult executionId="7bd97739-5a08-4376-a693-ae9972c08d94" testId="17cbdd7c-198b-2f2e-3082-57068a78b895" testName="NoRetiredIdIsPresent" computerName="RMS-DW-NB-01" duration="00:00:00.0020330" startTime="2026-09-19T18:47:12.7554003+10:00" endTime="2026-09-19T18:47:12.7574351+10:00" testType="13cdc9d9-ddb5-4fa4-a97d-d965ccfc6d4b" outcome="Passed" testListId="8c84fa94-04c1-424b-9868-57a2d4851a1d" relativeResultsDirectory="7bd97739-5a08-4376-a693-ae9972c08d94" />
    <UnitTestResult executionId="80fd1872-d3ee-4e11-b0e6-173fccc0b780" testId="70184cb2-4098-5de5-468e-4295b0819d84" testName="OldHeadersAreListable" computerName="RMS-DW-NB-01" duration="00:00:00.0100480" startTime="2026-09-19T18:47:21.0593832+10:00" endTime="2026-09-19T18:47:21.0694319+10:00" testType="13cdc9d9-ddb5-4fa4-a97d-d965ccfc6d4b" outcome="Passed" testListId="8c84fa94-04c1-424b-9868-57a2d4851a1d" relativeResultsDirectory="80fd1872-d3ee-4e11-b0e6-173fccc0b780" />
    <UnitTestResult executionId="19fdbb45-1b54-41a0-bd0a-f16d931f6805" testId="292c2a7b-1dd1-ff39-41e7-ba1c34f26fe0" testName="CaseDoesNotMatterToTheCollisionCheck" computerName="RMS-DW-NB-01" duration="00:00:00.0000430" startTime="2026-09-19T18:47:02.3023497+10:00" endTime="2026-09-19T18:47:02.3023922+10:00" testType="13cdc9d9-ddb5-4fa4-a97d-d965ccfc6d4b" outcome="Passed" testListId="8c84fa94-04c1-424b-9868-57a2d4851a1d" relativeResultsDirectory="19fdbb45-1b54-41a0-bd0a-f16d931f6805" />
    <UnitTestResult executionId="e67dbbf6-1950-4748-8941-8b501d257ccc" testId="ac19f2fa-ece0-8a96-c544-95389cec2e2c" testName="ReplayingTheLogEqualsPlayingItLive" computerName="RMS-DW-NB-01" duration="00:00:00.4218780" startTime="2026-09-19T18:47:15.8390438+10:00" endTime="2026-09-19T18:47:16.2609503+10:00" testType="13cdc9d9-ddb5-4fa4-a97d-d965ccfc6d4b" outcome="Passed" testListId="8c84fa94-04c1-424b-9868-57a2d4851a1d" relativeResultsDirectory="e67dbbf6-1950-4748-8941-8b501d257ccc" />
    <UnitTestResult executionId="edae81e6-fb07-467c-82b7-411937ff53e0" testId="cafe5821-52dd-143d-ade3-37efae02019b" testName="SwapPutsTheOtherSlotInHandAndKeepsBothMagazines" computerName="RMS-DW-NB-01" duration="00:00:00.0046750" startTime="2026-09-19T18:47:17.8765713+10:00" endTime="2026-09-19T18:47:17.8812479+10:00" testType="13cdc9d9-ddb5-4fa4-a97d-d965ccfc6d4b" outcome="Passed" testListId="8c84fa94-04c1-424b-9868-57a2d4851a1d" relativeResultsDirectory="edae81e6-fb07-467c-82b7-411937ff53e0" />
    <UnitTestResult executionId="7a7ba72d-dbca-47e3-8c15-b7d757789ba9" testId="02b0bfd6-b71a-e5d3-841b-a1679b0c54df" testName="AnAdjacentBeltPullsRealExtractorOutputOnEachEdge(N,11,15)" computerName="RMS-DW-NB-01" duration="00:00:00.0048060" startTime="2026-09-19T18:47:21.4674466+10:00" endTime="2026-09-19T18:47:21.4722524+10:00" testType="13cdc9d9-ddb5-4fa4-a97d-d965ccfc6d4b" outcome="Passed" testListId="8c84fa94-04c1-424b-9868-57a2d4851a1d" relativeResultsDirectory="7a7ba72d-dbca-47e3-8c15-b7d757789ba9" />
    <UnitTestResult executionId="4bd1f661-90e7-42f6-a59c-e6fd0f4b6be5" testId="77a25582-e123-a047-81d1-6efe4cf6aff6" testName="AFreshCampaignWaitsForTheFirstFullTurret" computerName="RMS-DW-NB-01" duration="00:00:00.0002640" startTime="2026-09-19T18:47:02.5875009+10:00" endTime="2026-09-19T18:47:02.5877648+10:00" testType="13cdc9d9-ddb5-4fa4-a97d-d965ccfc6d4b" outcome="Passed" testListId="8c84fa94-04c1-424b-9868-57a2d4851a1d" relativeResultsDirectory="4bd1f661-90e7-42f6-a59c-e6fd0f4b6be5" />
    <UnitTestResult executionId="041f0d02-eaaa-49cb-bab8-49daff46a112" testId="bf644ee3-b6d9-2178-2a3b-e13d186ade37" testName="DiagonalKeysStillWalkWalkTilesPerS" computerName="RMS-DW-NB-01" duration="00:00:00.0012669" startTime="2026-09-19T18:47:17.7401769+10:00" endTime="2026-09-19T18:47:17.7414453+10:00" testType="13cdc9d9-ddb5-4fa4-a97d-d965ccfc6d4b" outcome="Passed" testListId="8c84fa94-04c1-424b-9868-57a2d4851a1d" relativeResultsDirectory="041f0d02-eaaa-49cb-bab8-49daff46a112" />
    <UnitTestResult executionId="6e2b3a3e-cede-4185-a89f-ca56c3b1bab6" testId="0e3089b7-f7bb-8eb8-1d1c-378b080c8fdc" testName="AMadeItemSendsThePlayerToTheStationThatMakesIt" computerName="RMS-DW-NB-01" duration="00:00:00.0151580" startTime="2026-09-19T18:47:02.3880385+10:00" endTime="2026-09-19T18:47:02.4031975+10:00" testType="13cdc9d9-ddb5-4fa4-a97d-d965ccfc6d4b" outcome="Passed" testListId="8c84fa94-04c1-424b-9868-57a2d4851a1d" relativeResultsDirectory="6e2b3a3e-cede-4185-a89f-ca56c3b1bab6" />
    <UnitTestResult executionId="42189163-1f8f-4ed9-88ef-c34849f7577b" testId="c820ab86-bce1-1774-25d6-c30447cfcb7f" testName="EachProductionPhaseIsRegisteredExactlyOnce" computerName="RMS-DW-NB-01" duration="00:00:00.0011260" startTime="2026-09-19T18:47:21.3738644+10:00" endTime="2026-09-19T18:47:21.3749914+10:00" testType="13cdc9d9-ddb5-4fa4-a97d-d965ccfc6d4b" outcome="Passed" testListId="8c84fa94-04c1-424b-9868-57a2d4851a1d" relativeResultsDirectory="42189163-1f8f-4ed9-88ef-c34849f7577b" />
    <UnitTestResult executionId="844c5ec6-e476-487c-b92c-c997395cf042" testId="63309d09-2ec6-ee2b-7c3d-eb4a41252d57" testName="AnUpgradedStateRunsDeterministically" computerName="RMS-DW-NB-01" duration="00:00:00.0565300" startTime="2026-09-19T18:47:20.8387367+10:00" endTime="2026-09-19T18:47:20.8952696+10:00" testType="13cdc9d9-ddb5-4fa4-a97d-d965ccfc6d4b" outcome="Passed" testListId="8c84fa94-04c1-424b-9868-57a2d4851a1d" relativeResultsDirectory="844c5ec6-e476-487c-b92c-c997395cf042" />
    <UnitTestResult executionId="d5939394-9cf4-4501-99c4-6d02598088fb" testId="c4bcfbc5-3f5b-7d61-b9f1-bdb67a693442" testName="RotationTurnsWhatCanTurnAndRefusesWhatCannot" computerName="RMS-DW-NB-01" duration="00:00:00.0037200" startTime="2026-09-19T18:47:21.1338854+10:00" endTime="2026-09-19T18:47:21.1376062+10:00" testType="13cdc9d9-ddb5-4fa4-a97d-d965ccfc6d4b" outcome="Passed" testListId="8c84fa94-04c1-424b-9868-57a2d4851a1d" relativeResultsDirectory="d5939394-9cf4-4501-99c4-6d02598088fb" />
    <UnitTestResult executionId="9e815064-b8c7-4fb0-abaa-53b8ad1737c9" testId="831c4b6a-3fa4-ed07-1c85-bd710bd892df" testName="OldSaveDefaultsToBulletQueueAndOriginalResourceLayout" computerName="RMS-DW-NB-01" duration="00:00:00.0606070" startTime="2026-09-19T18:47:18.4389990+10:00" endTime="2026-09-19T18:47:18.4996102+10:00" testType="13cdc9d9-ddb5-4fa4-a97d-d965ccfc6d4b" outcome="Passed" testListId="8c84fa94-04c1-424b-9868-57a2d4851a1d" relativeResultsDirectory="9e815064-b8c7-4fb0-abaa-53b8ad1737c9" />
    <UnitTestResult executionId="d9e9ebff-1be8-4c0a-a46d-316bd7252740" testId="99d1fd58-d852-ae1e-be82-aecf118a3961" testName="DifferentSeedsGiveDifferentRngWordsAndHashes" computerName="RMS-DW-NB-01" duration="00:00:00.0017810" startTime="2026-09-19T18:47:15.4792664+10:00" endTime="2026-09-19T18:47:15.4810485+10:00" testType="13cdc9d9-ddb5-4fa4-a97d-d965ccfc6d4b" outcome="Passed" testListId="8c84fa94-04c1-424b-9868-57a2d4851a1d" relativeResultsDirectory="d9e9ebff-1be8-4c0a-a46d-316bd7252740" />
    <UnitTestResult executionId="493cc44d-8cb3-4e7e-a74f-16d9153d27fd" testId="55f554ec-6555-a914-8ef2-aa13f6761885" testName="ContinueTakesTheMostRecentlyWrittenSaveWhateverKindItIs" computerName="RMS-DW-NB-01" duration="00:00:00.0007780" startTime="2026-09-19T18:47:15.0903620+10:00" endTime="2026-09-19T18:47:15.0911407+10:00" testType="13cdc9d9-ddb5-4fa4-a97d-d965ccfc6d4b" outcome="Passed" testListId="8c84fa94-04c1-424b-9868-57a2d4851a1d" relativeResultsDirectory="493cc44d-8cb3-4e7e-a74f-16d9153d27fd" />
    <UnitTestResult executionId="9f0474b4-bfb6-4f54-947d-3212ea657026" testId="8e206278-51c4-d415-a5ca-498bd4d90362" testName="DayCountsFromOne" computerName="RMS-DW-NB-01" duration="00:00:00.0005590" startTime="2026-09-19T18:47:24.1003491+10:00" endTime="2026-09-19T18:47:24.1009105+10:00" testType="13cdc9d9-ddb5-4fa4-a97d-d965ccfc6d4b" outcome="Passed" testListId="8c84fa94-04c1-424b-9868-57a2d4851a1d" relativeResultsDirectory="9f0474b4-bfb6-4f54-947d-3212ea657026" />
    <UnitTestResult executionId="ba61ea66-6515-4f10-8f2c-8dca3e3461c9" testId="0934b331-1a0d-f83f-8dd8-c33c4248a85b" testName="HeldKeysDoNotMoveTheEngineerWhileARepairRuns" computerName="RMS-DW-NB-01" duration="00:00:00.0011610" startTime="2026-09-19T18:47:18.1370483+10:00" endTime="2026-09-19T18:47:18.1382103+10:00" testType="13cdc9d9-ddb5-4fa4-a97d-d965ccfc6d4b" outcome="Passed" testListId="8c84fa94-04c1-424b-9868-57a2d4851a1d" relativeResultsDirectory="ba61ea66-6515-4f10-8f2c-8dca3e3461c9" />
    <UnitTestResult executionId="d50dcae3-2172-4d79-86f0-9c72b58c51d6" testId="aca2893c-938a-1ebd-34d2-ba593b57a3f7" testName="TheEngineerStartsOnTheSpawnAtFullHealth" computerName="RMS-DW-NB-01" duration="00:00:00.0011930" startTime="2026-09-19T18:47:17.7833859+10:00" endTime="2026-09-19T18:47:17.7845799+10:00" testType="13cdc9d9-ddb5-4fa4-a97d-d965ccfc6d4b" outcome="Passed" testListId="8c84fa94-04c1-424b-9868-57a2d4851a1d" relativeResultsDirectory="d50dcae3-2172-4d79-86f0-9c72b58c51d6" />
    <UnitTestResult executionId="ea2944a6-e744-4130-b656-af8e98affc1f" testId="1982da7f-851f-36b8-a2bc-43beeedd59f5" testName="AnUnreadableSlotIsKeptAndCarriesTheStoresOwnWords" computerName="RMS-DW-NB-01" duration="00:00:00.0008100" startTime="2026-09-19T18:47:24.0565163+10:00" endTime="2026-09-19T18:47:24.0573280+10:00" testType="13cdc9d9-ddb5-4fa4-a97d-d965ccfc6d4b" outcome="Passed" testListId="8c84fa94-04c1-424b-9868-57a2d4851a1d" relativeResultsDirectory="ea2944a6-e744-4130-b656-af8e98affc1f" />
    <UnitTestResult executionId="3fd1f8ef-bdc6-4724-bf3b-43d1e060d902" testId="935baee2-7d39-727a-20f9-e13bed866417" testName="ARecoveredRowSaysTheCopyIsTheOlderOne" computerName="RMS-DW-NB-01" duration="00:00:00.0004310" startTime="2026-09-19T18:47:24.0811919+10:00" endTime="2026-09-19T18:47:24.0816229+10:00" testType="13cdc9d9-ddb5-4fa4-a97d-d965ccfc6d4b" outcome="Passed" testListId="8c84fa94-04c1-424b-9868-57a2d4851a1d" relativeResultsDirectory="3fd1f8ef-bdc6-4724-bf3b-43d1e060d902" />
    <UnitTestResult executionId="1c3fc329-fbff-4691-970c-1855b9c8c717" testId="3973d710-d368-3fee-e43a-14de97fb837a" testName="MiningOutOfReachIsRefusedAndNothingStarts" computerName="RMS-DW-NB-01" duration="00:00:00.0009410" startTime="2026-09-19T18:47:18.3457547+10:00" endTime="2026-09-19T18:47:18.3466962+10:00" testType="13cdc9d9-ddb5-4fa4-a97d-d965ccfc6d4b" outcome="Passed" testListId="8c84fa94-04c1-424b-9868-57a2d4851a1d" relativeResultsDirectory="1c3fc329-fbff-4691-970c-1855b9c8c717" />
    <UnitTestResult executionId="661ffd23-a071-4480-b153-2e04161eb1d2" testId="09f60643-ad6c-56eb-44f3-772d565f695c" testName="ALegacyCancellationDebtIsStillPaidBackIntoThePockets" computerName="RMS-DW-NB-01" duration="00:00:00.0011610" startTime="2026-09-19T18:47:17.9678119+10:00" endTime="2026-09-19T18:47:17.9689736+10:00" testType="13cdc9d9-ddb5-4fa4-a97d-d965ccfc6d4b" outcome="Passed" testListId="8c84fa94-04c1-424b-9868-57a2d4851a1d" relativeResultsDirectory="661ffd23-a071-4480-b153-2e04161eb1d2" />
    <UnitTestResult executionId="11fd24e2-3b91-4e6c-86fd-5079025c5383" testId="74e03ac2-ccf9-92e1-7a8d-934da5832051" testName="AVersion4SaveRoundTripsThroughBytesWithItsRegion" computerName="RMS-DW-NB-01" duration="00:00:00.0284410" startTime="2026-09-19T18:47:19.9633635+10:00" endTime="2026-09-19T18:47:19.9918065+10:00" testType="13cdc9d9-ddb5-4fa4-a97d-d965ccfc6d4b" outcome="Passed" testListId="8c84fa94-04c1-424b-9868-57a2d4851a1d" relativeResultsDirectory="11fd24e2-3b91-4e6c-86fd-5079025c5383" />
    <UnitTestResult executionId="c0567c3a-ecbc-4fcc-930f-d51a6574af7d" testId="844f4f10-0ad8-b0bd-28b8-a0b07654ad48" testName="TheExpansionLimitGivesUp" computerName="RMS-DW-NB-01" duration="00:00:00.0007800" startTime="2026-09-19T18:47:18.6080116+10:00" endTime="2026-09-19T18:47:18.6087922+10:00" testType="13cdc9d9-ddb5-4fa4-a97d-d965ccfc6d4b" outcome="Passed" testListId="8c84fa94-04c1-424b-9868-57a2d4851a1d" relativeResultsDirectory="c0567c3a-ecbc-4fcc-930f-d51a6574af7d" />
    <UnitTestResult executionId="d2dea1f5-26b6-4916-9cb1-a3b0eb430271" testId="8798b9a2-2e90-cc6b-272b-67b2b73778fd" testName="ShortcutLabelsMatchTheReference" computerName="RMS-DW-NB-01" duration="00:00:00.0002080" startTime="2026-09-19T18:47:02.3032677+10:00" endTime="2026-09-19T18:47:02.3034757+10:00" testType="13cdc9d9-ddb5-4fa4-a97d-d965ccfc6d4b" outcome="Passed" testListId="8c84fa94-04c1-424b-9868-57a2d4851a1d" relativeResultsDirectory="d2dea1f5-26b6-4916-9cb1-a3b0eb430271" />
    <UnitTestResult executionId="eaf4e7c7-3be8-47a4-bc62-0f73f5028227" testId="2ddc629b-c9d5-5751-15ff-003b77189b52" testName="InvulnerabilityStopsDamageAndResetsIndependently" computerName="RMS-DW-NB-01" duration="00:00:00.0007200" startTime="2026-09-19T18:47:02.2495155+10:00" endTime="2026-09-19T18:47:02.2502356+10:00" testType="13cdc9d9-ddb5-4fa4-a97d-d965ccfc6d4b" outcome="Passed" testListId="8c84fa94-04c1-424b-9868-57a2d4851a1d" relativeResultsDirectory="eaf4e7c7-3be8-47a4-bc62-0f73f5028227" />
    <UnitTestResult executionId="a8cdd4b9-a869-42f9-9502-64f4e38bd697" testId="a73447fb-4943-165a-ad36-b15f5c180036" testName="AMachineWithNoPoleInReachJoinsNoCircuit" computerName="RMS-DW-NB-01" duration="00:00:00.0033520" startTime="2026-09-19T18:47:21.2000984+10:00" endTime="2026-09-19T18:47:21.2034516+10:00" testType="13cdc9d9-ddb5-4fa4-a97d-d965ccfc6d4b" outcome="Passed" testListId="8c84fa94-04c1-424b-9868-57a2d4851a1d" relativeResultsDirectory="a8cdd4b9-a869-42f9-9502-64f4e38bd697" />
    <UnitTestResult executionId="32fd9d04-1364-4f52-aaa0-bda6edcfdad1" testId="dc65dab3-ea62-5d46-d225-df3d68182d41" testName="AtMostThreeRowsAreShownAndTheOldestFallsOff" computerName="RMS-DW-NB-01" duration="00:00:00.0025890" startTime="2026-09-19T18:47:24.3672703+10:00" endTime="2026-09-19T18:47:24.3698601+10:00" testType="13cdc9d9-ddb5-4fa4-a97d-d965ccfc6d4b" outcome="Passed" testListId="8c84fa94-04c1-424b-9868-57a2d4851a1d" relativeResultsDirectory="32fd9d04-1364-4f52-aaa0-bda6edcfdad1" />
    <UnitTestResult executionId="6f368fa4-a6cc-4716-9fc9-3202531e79e0" testId="1b3371a3-35f9-c847-044b-4637d53cb934" testName="ARepairAndBeingDownBothBlockTheHandsButAQueuedBatchDoesNot" computerName="RMS-DW-NB-01" duration="00:00:00.0034520" startTime="2026-09-19T18:47:18.3283100+10:00" endTime="2026-09-19T18:47:18.3317625+10:00" testType="13cdc9d9-ddb5-4fa4-a97d-d965ccfc6d4b" outcome="Passed" testListId="8c84fa94-04c1-424b-9868-57a2d4851a1d" relativeResultsDirectory="6f368fa4-a6cc-4716-9fc9-3202531e79e0" />
    <UnitTestResult executionId="c6b5dfb6-3326-4190-90fc-80b16a00cddc" testId="13aefc33-f7b3-adf1-64fb-18fab6fbaebc" testName="RefreshIsThrottledToOneHundredAndFiftyMillisecondsAndForceSkipsIt" computerName="RMS-DW-NB-01" duration="00:00:00.0013000" startTime="2026-09-19T18:47:24.4078060+10:00" endTime="2026-09-19T18:47:24.4091065+10:00" testType="13cdc9d9-ddb5-4fa4-a97d-d965ccfc6d4b" outcome="Passed" testListId="8c84fa94-04c1-424b-9868-57a2d4851a1d" relativeResultsDirectory="c6b5dfb6-3326-4190-90fc-80b16a00cddc" />
    <UnitTestResult executionId="f132e0d1-870e-40a5-9310-11ab1c8f5c2d" testId="cf9c4438-ef57-b921-00e5-5540845feb61" testName="ARetryAfterALockUsesAFreshTempName" computerName="RMS-DW-NB-01" duration="00:00:00.0089920" startTime="2026-09-19T18:47:18.8957724+10:00" endTime="2026-09-19T18:47:18.9047644+10:00" testType="13cdc9d9-ddb5-4fa4-a97d-d965ccfc6d4b" outcome="Passed" testListId="8c84fa94-04c1-424b-9868-57a2d4851a1d" relativeResultsDirectory="f132e0d1-870e-40a5-9310-11ab1c8f5c2d" />
    <UnitTestResult executionId="ce21bd6f-a11c-445c-892c-ef7b4675c7be" testId="4cc748d8-8b6e-e9ea-ade8-d1ff8ea11f13" testName="HealthAndTheDodgeCooldownKeepRunningWhileLocked" computerName="RMS-DW-NB-01" duration="00:00:00.0011700" startTime="2026-09-19T18:47:18.1326154+10:00" endTime="2026-09-19T18:47:18.1337878+10:00" testType="13cdc9d9-ddb5-4fa4-a97d-d965ccfc6d4b" outcome="Passed" testListId="8c84fa94-04c1-424b-9868-57a2d4851a1d" relativeResultsDirectory="ce21bd6f-a11c-445c-892c-ef7b4675c7be" />
    <UnitTestResult executionId="b60e66ec-6718-422b-807f-9f92189c4730" testId="40462e16-4a4d-5d5e-e12e-93c2fa27b884" testName="AnUnreadableRowIsShownDisabledWithTheReadersReasonAndKeepsItsLabel" computerName="RMS-DW-NB-01" duration="00:00:00.0010590" startTime="2026-09-19T18:47:24.0790794+10:00" endTime="2026-09-19T18:47:24.0801387+10:00" testType="13cdc9d9-ddb5-4fa4-a97d-d965ccfc6d4b" outcome="Passed" testListId="8c84fa94-04c1-424b-9868-57a2d4851a1d" relativeResultsDirectory="b60e66ec-6718-422b-807f-9f92189c4730" />
    <UnitTestResult executionId="b67d5190-ed05-4808-9bd4-da0103314e02" testId="cc7347db-23fa-47a3-e11c-1881d622984e" testName="DaylightBoundariesFollowTheDataRecord" computerName="RMS-DW-NB-01" duration="00:00:00.0004950" startTime="2026-09-19T18:47:02.3562563+10:00" endTime="2026-09-19T18:47:02.3567511+10:00" testType="13cdc9d9-ddb5-4fa4-a97d-d965ccfc6d4b" outcome="Passed" testListId="8c84fa94-04c1-424b-9868-57a2d4851a1d" relativeResultsDirectory="b67d5190-ed05-4808-9bd4-da0103314e02" />
    <UnitTestResult executionId="4b0b80fe-e4c2-4cb4-aafa-b860192d2ac1" testId="03bb8e0a-d085-a342-7fe7-5d9694d9edb6" testName="ABeltBesideItsSourceRatherThanInFrontOfItIsWarnedAbout" computerName="RMS-DW-NB-01" duration="00:00:00.0028290" startTime="2026-09-19T18:47:23.7094097+10:00" endTime="2026-09-19T18:47:23.7122388+10:00" testType="13cdc9d9-ddb5-4fa4-a97d-d965ccfc6d4b" outcome="Passed" testListId="8c84fa94-04c1-424b-9868-57a2d4851a1d" relativeResultsDirectory="4b0b80fe-e4c2-4cb4-aafa-b860192d2ac1" />
    <UnitTestResult executionId="fddc4fbe-7b83-4c59-ac85-18a9af48e213" testId="c2a76567-81a5-b91e-7f33-639dd2e110e0" testName="ASaveFromAnotherMapNeverCarriesTheLatestTag" computerName="RMS-DW-NB-01" duration="00:00:00.0019560" startTime="2026-09-19T18:47:24.0616986+10:00" endTime="2026-09-19T18:47:24.0636558+10:00" testType="13cdc9d9-ddb5-4fa4-a97d-d965ccfc6d4b" outcome="Passed" testListId="8c84fa94-04c1-424b-9868-57a2d4851a1d" relativeResultsDirectory="fddc4fbe-7b83-4c59-ac85-18a9af48e213" />
    <UnitTestResult executionId="d1e60c55-9049-4df2-92f7-6ce27ddecbec" testId="019fa0d3-a588-d7dd-58bd-80160ff1c941" testName="AFullLineDeliversAtTheCatalogueRate" computerName="RMS-DW-NB-01" duration="00:00:00.0109370" startTime="2026-09-19T18:47:21.3119623+10:00" endTime="2026-09-19T18:47:21.3228998+10:00" testType="13cdc9d9-ddb5-4fa4-a97d-d965ccfc6d4b" outcome="Passed" testListId="8c84fa94-04c1-424b-9868-57a2d4851a1d" relativeResultsDirectory="d1e60c55-9049-4df2-92f7-6ce27ddecbec" />
    <UnitTestResult executionId="01e298a4-4a6c-462c-adc4-69bfa7227895" testId="54f3a811-0f21-0c1f-10f3-c10fe398f723" testName="StreetGroundRubbleDepositAndPatchAreWalkable" computerName="RMS-DW-NB-01" duration="00:00:00.0007940" startTime="2026-09-19T18:47:17.9418200+10:00" endTime="2026-09-19T18:47:17.9426150+10:00" testType="13cdc9d9-ddb5-4fa4-a97d-d965ccfc6d4b" outcome="Passed" testListId="8c84fa94-04c1-424b-9868-57a2d4851a1d" relativeResultsDirectory="01e298a4-4a6c-462c-adc4-69bfa7227895" />
    <UnitTestResult executionId="40016ce9-7bc1-4ce4-9bd4-8a87551ec0e7" testId="aba0f848-aa00-85f5-b713-1b681c30baa2" testName="SimAssemblyDoesNotReferenceUnityEngineOrRelightData" computerName="RMS-DW-NB-01" duration="00:00:00.0003410" startTime="2026-09-19T18:47:02.2804427+10:00" endTime="2026-09-19T18:47:02.2807837+10:00" testType="13cdc9d9-ddb5-4fa4-a97d-d965ccfc6d4b" outcome="Passed" testListId="8c84fa94-04c1-424b-9868-57a2d4851a1d" relativeResultsDirectory="40016ce9-7bc1-4ce4-9bd4-8a87551ec0e7" />
    <UnitTestResult executionId="7ed26ec1-3927-42cd-a597-c0f615e82f41" testId="8dccc768-fa0d-8de1-babd-a6145651491f" testName="AShortBackpackIsRefusedWithThePriceAndNothingMoves" computerName="RMS-DW-NB-01" duration="00:00:00.0020900" startTime="2026-09-19T18:47:21.1248742+10:00" endTime="2026-09-19T18:47:21.1269661+10:00" testType="13cdc9d9-ddb5-4fa4-a97d-d965ccfc6d4b" outcome="Passed" testListId="8c84fa94-04c1-424b-9868-57a2d4851a1d" relativeResultsDirectory="7ed26ec1-3927-42cd-a597-c0f615e82f41" />
    <UnitTestResult executionId="42e011e3-3ffb-4201-9d69-f9de1abfc806" testId="41cbd040-1713-a314-7ca6-96ab9cce1d2c" testName="ACommandLandsBeforeTheTickItIsLoggedOn" computerName="RMS-DW-NB-01" duration="00:00:00.0054209" startTime="2026-09-19T18:47:15.5174565+10:00" endTime="2026-09-19T18:47:15.5228785+10:00" testType="13cdc9d9-ddb5-4fa4-a97d-d965ccfc6d4b" outcome="Passed" testListId="8c84fa94-04c1-424b-9868-57a2d4851a1d" relativeResultsDirectory="42e011e3-3ffb-4201-9d69-f9de1abfc806" />
    <UnitTestResult executionId="4cc2590e-9bdc-4763-8027-4cbf4f3e7257" testId="f1a274ab-fb0b-7896-cc30-d21592ba7a08" testName="AllKeepsManualRowsBeforeAutosaveRows" computerName="RMS-DW-NB-01" duration="00:00:00.0065600" startTime="2026-09-19T18:47:24.0443865+10:00" endTime="2026-09-19T18:47:24.0509485+10:00" testType="13cdc9d9-ddb5-4fa4-a97d-d965ccfc6d4b" outcome="Passed" testListId="8c84fa94-04c1-424b-9868-57a2d4851a1d" relativeResultsDirectory="4cc2590e-9bdc-4763-8027-4cbf4f3e7257" />
    <UnitTestResult executionId="eb7f05c7-bae7-4160-bf8d-1f33183490d6" testId="651f8cf4-0e4c-3a6a-bf7b-1f6ae582498e" testName="H1_ALoadedStateKeepsRunningIdenticallyToTheOneItCameFrom" computerName="RMS-DW-NB-01" duration="00:00:00.1267710" startTime="2026-09-19T18:47:20.3138693+10:00" endTime="2026-09-19T18:47:20.4406487+10:00" testType="13cdc9d9-ddb5-4fa4-a97d-d965ccfc6d4b" outcome="Passed" testListId="8c84fa94-04c1-424b-9868-57a2d4851a1d" relativeResultsDirectory="eb7f05c7-bae7-4160-bf8d-1f33183490d6" />
    <UnitTestResult executionId="3cb060da-8f41-4ddd-9088-d7ca5145c509" testId="2d7f3200-01bd-1a1b-273b-2477e72f0919" testName="TheSavedTimeIsShownInTheSameWordsAsASaveRow" computerName="RMS-DW-NB-01" duration="00:00:00.0003990" startTime="2026-09-19T18:47:24.1153805+10:00" endTime="2026-09-19T18:47:24.1157794+10:00" testType="13cdc9d9-ddb5-4fa4-a97d-d965ccfc6d4b" outcome="Passed" testListId="8c84fa94-04c1-424b-9868-57a2d4851a1d" relativeResultsDirectory="3cb060da-8f41-4ddd-9088-d7ca5145c509" />
    <UnitTestResult executionId="1c1f40ef-1e2d-4c16-959e-22abbc9c977e" testId="c4b91721-81cd-0278-cc6e-b544d05b5a27" testName="ALegacySingleBatchQueueFoldsIntoOneJobExactlyOnce" computerName="RMS-DW-NB-01" duration="00:00:00.0038770" startTime="2026-09-19T18:47:17.9710741+10:00" endTime="2026-09-19T18:47:17.9749525+10:00" testType="13cdc9d9-ddb5-4fa4-a97d-d965ccfc6d4b" outcome="Passed" testListId="8c84fa94-04c1-424b-9868-57a2d4851a1d" relativeResultsDirectory="1c1f40ef-1e2d-4c16-959e-22abbc9c977e" />
    <UnitTestResult executionId="afdb6cb0-f362-47bb-b95e-da5523aef66d" testId="9f1c6723-1086-d600-a013-5e1ea9bd8bd2" testName="AWreckedBigPoleSeversTheCircuitBehindItWhileAPlainPoleCannotBeAttackedAtAll" computerName="RMS-DW-NB-01" duration="00:00:00.0023240" startTime="2026-09-19T18:47:21.2249291+10:00" endTime="2026-09-19T18:47:21.2272536+10:00" testType="13cdc9d9-ddb5-4fa4-a97d-d965ccfc6d4b" outcome="Passed" testListId="8c84fa94-04c1-424b-9868-57a2d4851a1d" relativeResultsDirectory="afdb6cb0-f362-47bb-b95e-da5523aef66d" />
    <UnitTestResult executionId="4d4bd367-04ea-4472-b884-400f40b29d77" testId="ca31ba3c-458e-c6e9-fe90-0a1404f9781b" testName="AnUnfuelledGeneratorWithALoadRaisesTheStripAndNeverAToast" computerName="RMS-DW-NB-01" duration="00:00:00.0113410" startTime="2026-09-19T18:47:24.3193500+10:00" endTime="2026-09-19T18:47:24.3306923+10:00" testType="13cdc9d9-ddb5-4fa4-a97d-d965ccfc6d4b" outcome="Passed" testListId="8c84fa94-04c1-424b-9868-57a2d4851a1d" relativeResultsDirectory="4d4bd367-04ea-4472-b884-400f40b29d77" />
    <UnitTestResult executionId="8d14be43-f4be-4555-87e2-f218e5ed1a52" testId="76175394-97dd-4a02-28fd-fbff7e3dc61d" testName="MachinesBlockExceptTheWalkThroughKinds" computerName="RMS-DW-NB-01" duration="00:00:00.0009760" startTime="2026-09-19T18:47:17.9278839+10:00" endTime="2026-09-19T18:47:17.9288604+10:00" testType="13cdc9d9-ddb5-4fa4-a97d-d965ccfc6d4b" outcome="Passed" testListId="8c84fa94-04c1-424b-9868-57a2d4851a1d" relativeResultsDirectory="8d14be43-f4be-4555-87e2-f218e5ed1a52" />
    <UnitTestResult executionId="a2f1f5e1-1fe4-4c3a-a945-ca9005026124" testId="8d08632e-922f-06ec-ee8d-fbfd2f987439" testName="ASaveIsAlsoRefusedWhenTheEngineerWouldLandInsideABuilding" computerName="RMS-DW-NB-01" duration="00:00:00.0402010" startTime="2026-09-19T18:47:19.8830945+10:00" endTime="2026-09-19T18:47:19.9232991+10:00" testType="13cdc9d9-ddb5-4fa4-a97d-d965ccfc6d4b" outcome="Passed" testListId="8c84fa94-04c1-424b-9868-57a2d4851a1d" relativeResultsDirectory="a2f1f5e1-1fe4-4c3a-a945-ca9005026124" />
    <UnitTestResult executionId="c62e0f4e-cbdc-41d2-b4e2-a651ffe65d3a" testId="593d9e5a-abcd-94b1-afe6-044d302773cf" testName="TwoGeneratorsShareTheLoadAndBurnAtHalfTheRate" computerName="RMS-DW-NB-01" duration="00:00:00.0036860" startTime="2026-09-19T18:47:21.2322799+10:00" endTime="2026-09-19T18:47:21.2359665+10:00" testType="13cdc9d9-ddb5-4fa4-a97d-d965ccfc6d4b" outcome="Passed" testListId="8c84fa94-04c1-424b-9868-57a2d4851a1d" relativeResultsDirectory="c62e0f4e-cbdc-41d2-b4e2-a651ffe65d3a" />
    <UnitTestResult executionId="2ab28b94-4e76-4c7d-bfb9-53c2e6b22681" testId="fbd7daf0-ddff-24f3-efad-07bf2ea2363c" testName="MapProblemIsSharedWithTheLoadScreen" computerName="RMS-DW-NB-01" duration="00:00:00.0006820" startTime="2026-09-19T18:47:19.5448402+10:00" endTime="2026-09-19T18:47:19.5455244+10:00" testType="13cdc9d9-ddb5-4fa4-a97d-d965ccfc6d4b" outcome="Passed" testListId="8c84fa94-04c1-424b-9868-57a2d4851a1d" relativeResultsDirectory="2ab28b94-4e76-4c7d-bfb9-53c2e6b22681" />
    <UnitTestResult executionId="f50b9738-c1d0-4a96-85ca-0b85ccd9a83f" testId="6afc7437-64d4-8456-a957-59065d01a8dc" testName="TheMovementPhaseAndHandlerAreRegistered" computerName="RMS-DW-NB-01" duration="00:00:00.0017360" startTime="2026-09-19T18:47:17.7957641+10:00" endTime="2026-09-19T18:47:17.7975011+10:00" testType="13cdc9d9-ddb5-4fa4-a97d-d965ccfc6d4b" outcome="Passed" testListId="8c84fa94-04c1-424b-9868-57a2d4851a1d" relativeResultsDirectory="f50b9738-c1d0-4a96-85ca-0b85ccd9a83f" />
    <UnitTestResult executionId="00864255-3be5-4dd8-9f41-9bc7a47f4431" testId="59583f1d-1fb4-3182-7f3c-28a75685df16" testName="AnnouncingARefusalDoesNotChangeTheState" computerName="RMS-DW-NB-01" duration="00:00:00.0088030" startTime="2026-09-19T18:47:15.2237886+10:00" endTime="2026-09-19T18:47:15.2325922+10:00" testType="13cdc9d9-ddb5-4fa4-a97d-d965ccfc6d4b" outcome="Passed" testListId="8c84fa94-04c1-424b-9868-57a2d4851a1d" relativeResultsDirectory="00864255-3be5-4dd8-9f41-9bc7a47f4431" />
    <UnitTestResult executionId="5122cc60-9967-4005-b8a4-b165c35918de" testId="d2f9cabc-b8f5-06f3-8af3-7e30bf603933" testName="ShotsAreCountedFromTheTurretsOwnEvents" computerName="RMS-DW-NB-01" duration="00:00:00.0153070" startTime="2026-09-19T18:47:02.6541133+10:00" endTime="2026-09-19T18:47:02.6694205+10:00" testType="13cdc9d9-ddb5-4fa4-a97d-d965ccfc6d4b" outcome="Passed" testListId="8c84fa94-04c1-424b-9868-57a2d4851a1d" relativeResultsDirectory="5122cc60-9967-4005-b8a4-b165c35918de" />
    <UnitTestResult executionId="135e435d-bd42-4980-9418-eb964f3ad910" testId="8ebd122d-d2ca-ecf3-957e-40825f00850b" testName="MidReload_SurvivesASaveAndKeepsRunningIdentically" computerName="RMS-DW-NB-01" duration="00:00:00.0164150" startTime="2026-09-19T18:47:22.9833567+10:00" endTime="2026-09-19T18:47:22.9997723+10:00" testType="13cdc9d9-ddb5-4fa4-a97d-d965ccfc6d4b" outcome="Passed" testListId="8c84fa94-04c1-424b-9868-57a2d4851a1d" relativeResultsDirectory="135e435d-bd42-4980-9418-eb964f3ad910" />
    <UnitTestResult executionId="e283ebd2-ab82-458c-83a5-7b72b29c7bc4" testId="8069a95b-6dbb-3185-4748-77ea49cc0259" testName="TheRegionOfAnOlderFileIsTheOnlyRegionThatExistedWhenItWasWritten" computerName="RMS-DW-NB-01" duration="00:00:00.0091280" startTime="2026-09-19T18:47:20.1199936+10:00" endTime="2026-09-19T18:47:20.1291215+10:00" testType="13cdc9d9-ddb5-4fa4-a97d-d965ccfc6d4b" outcome="Passed" testListId="8c84fa94-04c1-424b-9868-57a2d4851a1d" relativeResultsDirectory="e283ebd2-ab82-458c-83a5-7b72b29c7bc4" />
    <UnitTestResult executionId="fa3831df-3638-4323-8ae7-4fe8fe6a317c" testId="62daf0f1-5a73-7535-3767-de5c256332c4" testName="ARaidBodysContactDamageReachesTheCoreThroughTheSeam" computerName="RMS-DW-NB-01" duration="00:00:00.0008220" startTime="2026-09-19T18:47:02.3241783+10:00" endTime="2026-09-19T18:47:02.3249997+10:00" testType="13cdc9d9-ddb5-4fa4-a97d-d965ccfc6d4b" outcome="Passed" testListId="8c84fa94-04c1-424b-9868-57a2d4851a1d" relativeResultsDirectory="fa3831df-3638-4323-8ae7-4fe8fe6a317c" />
    <UnitTestResult executionId="d0e68596-1058-4078-86d6-aa4fb8c6cfed" testId="a6f942c2-8a1b-9e33-a81f-b25ebd0767d5" testName="ANonPositiveStackIsRefusedRatherThanSubtractedFromThePockets" computerName="RMS-DW-NB-01" duration="00:00:00.0011019" startTime="2026-09-19T18:47:24.1472515+10:00" endTime="2026-09-19T18:47:24.1483524+10:00" testType="13cdc9d9-ddb5-4fa4-a97d-d965ccfc6d4b" outcome="Passed" testListId="8c84fa94-04c1-424b-9868-57a2d4851a1d" relativeResultsDirectory="d0e68596-1058-4078-86d6-aa4fb8c6cfed" />
    <UnitTestResult executionId="ea067fd5-99b9-4fe4-b8c8-cd2f384743c4" testId="3bd9b7b5-3e42-cf13-db02-4b09dcbc8e11" testName="SelectorsReportSlotsCapacityAndMachineContents" computerName="RMS-DW-NB-01" duration="00:00:00.0112880" startTime="2026-09-19T18:47:24.2058750+10:00" endTime="2026-09-19T18:47:24.2171637+10:00" testType="13cdc9d9-ddb5-4fa4-a97d-d965ccfc6d4b" outcome="Passed" testListId="8c84fa94-04c1-424b-9868-57a2d4851a1d" relativeResultsDirectory="ea067fd5-99b9-4fe4-b8c8-cd2f384743c4" />
[...]
    <TestEntry testId="4b67435a-e293-83a2-8891-a93d264bb6c3" executionId="65e80d33-3217-465d-9a2b-76324df92510" testListId="8c84fa94-04c1-424b-9868-57a2d4851a1d" />
    <TestEntry testId="d4f9668c-e21f-30e0-3bc4-4a5b495e60c5" executionId="093881c5-e56c-4d0c-8449-21ee260e162f" testListId="8c84fa94-04c1-424b-9868-57a2d4851a1d" />
    <TestEntry testId="906355f3-b1da-2f7d-8854-64878f5d5455" executionId="efa7717c-623f-4a65-b26c-c1c84adb8084" testListId="8c84fa94-04c1-424b-9868-57a2d4851a1d" />
    <TestEntry testId="5858a1f3-8365-8ae0-52cc-2bc3573e6099" executionId="dc737fc2-1bd3-4462-aa99-a9efd8c051f8" testListId="8c84fa94-04c1-424b-9868-57a2d4851a1d" />
    <TestEntry testId="49387a14-0529-1326-2e89-89653ed2d33f" executionId="f57981da-36de-493f-9f2b-24a9e433a329" testListId="8c84fa94-04c1-424b-9868-57a2d4851a1d" />
    <TestEntry testId="a3b84455-ec59-5645-e1d0-d191bf4a72f3" executionId="8f1d8055-965e-4c59-bbb1-53e779a30145" testListId="8c84fa94-04c1-424b-9868-57a2d4851a1d" />
    <TestEntry testId="17f5305c-4ad1-aa52-fea1-73a346d6d7bf" executionId="e44db9eb-d3a8-4cc4-8b47-ce5066c00f25" testListId="8c84fa94-04c1-424b-9868-57a2d4851a1d" />
    <TestEntry testId="59f8fb5f-9b68-0383-0796-f42b2bb61ba0" executionId="2e110097-d6ca-47b3-a8bc-a3eb0cc5ceb1" testListId="8c84fa94-04c1-424b-9868-57a2d4851a1d" />
    <TestEntry testId="784bbc8d-3c6b-7112-a2f2-84f8aac62c38" executionId="c901e23b-6e9c-4f58-9149-407c4c679b32" testListId="8c84fa94-04c1-424b-9868-57a2d4851a1d" />
    <TestEntry testId="922eb1b6-7364-f42f-59b5-17ff6d45f6f9" executionId="0e6c54c9-62d1-454f-a896-08a086840027" testListId="8c84fa94-04c1-424b-9868-57a2d4851a1d" />
    <TestEntry testId="7d726111-9929-7bb9-edb7-59255405cfe9" executionId="671f23a3-2073-4cab-8947-50782af1c94b" testListId="8c84fa94-04c1-424b-9868-57a2d4851a1d" />
    <TestEntry testId="4ffb0bfb-c6d0-5de7-ae7b-1db195648edf" executionId="24f589d8-76a0-4613-9613-d80ea7afcebb" testListId="8c84fa94-04c1-424b-9868-57a2d4851a1d" />
    <TestEntry testId="6da79698-65fe-c0da-6ba5-2acdf8418521" executionId="1414cf38-644f-4eef-b67a-013bcfcf9f7e" testListId="8c84fa94-04c1-424b-9868-57a2d4851a1d" />
    <TestEntry testId="a6b18a67-4ee4-deb8-091f-a6ba8b028a66" executionId="37f1a689-fe66-4de8-9f10-e191e34c9f2d" testListId="8c84fa94-04c1-424b-9868-57a2d4851a1d" />
    <TestEntry testId="7b699536-439f-d139-239e-82f907fb72f7" executionId="807f74db-a088-4011-8f1f-0382a31f7135" testListId="8c84fa94-04c1-424b-9868-57a2d4851a1d" />
    <TestEntry testId="7b879ad3-f994-11a1-6f8e-685cb2ec2d0a" executionId="2bd3e15b-9980-4dca-b782-f1edf2e64b50" testListId="8c84fa94-04c1-424b-9868-57a2d4851a1d" />
    <TestEntry testId="0388b41f-d095-713d-d954-d21fec225ac2" executionId="79108291-bab8-4ed8-9622-277c4c0b62cc" testListId="8c84fa94-04c1-424b-9868-57a2d4851a1d" />
    <TestEntry testId="da0053d8-9494-39b0-5911-863e31fdaa04" executionId="904a143e-6114-4682-83bb-6512762cdf0b" testListId="8c84fa94-04c1-424b-9868-57a2d4851a1d" />
    <TestEntry testId="5fdea5c2-d0f0-0073-4c46-889dcd416635" executionId="ec573a1b-b9af-4853-ad63-ea24d86fa319" testListId="8c84fa94-04c1-424b-9868-57a2d4851a1d" />
    <TestEntry testId="22b25eb2-e12e-4d16-6ac3-5154d00de5e9" executionId="c05f894e-b314-4d42-b671-2f42f59bd7c3" testListId="8c84fa94-04c1-424b-9868-57a2d4851a1d" />
    <TestEntry testId="9b51a411-44ea-1623-9980-cc21e345286b" executionId="d59d0a19-22e2-401b-91f3-02a024bc419c" testListId="8c84fa94-04c1-424b-9868-57a2d4851a1d" />
    <TestEntry testId="ef4844d8-d7a5-5307-4df6-9ce7a9a42435" executionId="3dcd4625-6855-4474-be7e-fb05c26b5390" testListId="8c84fa94-04c1-424b-9868-57a2d4851a1d" />
    <TestEntry testId="141eef48-095c-7619-d600-fdb596edb919" executionId="7f6182ad-e3f9-4f37-ace2-694a65ab0dbc" testListId="8c84fa94-04c1-424b-9868-57a2d4851a1d" />
    <TestEntry testId="7613aadd-8141-6442-66c1-b7f014fc079f" executionId="e0227798-28bc-4a6b-94cd-18d9ea964591" testListId="8c84fa94-04c1-424b-9868-57a2d4851a1d" />
    <TestEntry testId="701d06a9-0a04-5900-2492-25a9bf70c1de" executionId="2f698416-81de-429f-93fb-a045c2c01ada" testListId="8c84fa94-04c1-424b-9868-57a2d4851a1d" />
    <TestEntry testId="cf096301-ea84-5520-97ae-3fb77def8686" executionId="31d6dd54-13df-45e7-bb00-fad45effe098" testListId="8c84fa94-04c1-424b-9868-57a2d4851a1d" />
    <TestEntry testId="3de9be7a-f3b9-0f26-9dff-4c97bd0d5ae3" executionId="9000a986-347c-441b-8e43-9e06038c36e7" testListId="8c84fa94-04c1-424b-9868-57a2d4851a1d" />
    <TestEntry testId="fe1017e1-b7d2-e718-061f-2a1d1c1f14a0" executionId="e3f65d3f-3e49-4831-af7a-02c34b4a1faa" testListId="8c84fa94-04c1-424b-9868-57a2d4851a1d" />
    <TestEntry testId="5f22449a-c721-6e29-d77c-3090561de8d4" executionId="addad847-1eb8-46c0-b999-5576f0da0c4b" testListId="8c84fa94-04c1-424b-9868-57a2d4851a1d" />
    <TestEntry testId="efe60e8c-768b-ee14-071b-b892c8ba3527" executionId="670bcace-051d-4d3d-a0f0-46784229e1bc" testListId="8c84fa94-04c1-424b-9868-57a2d4851a1d" />
    <TestEntry testId="c771cde4-6f0c-e10a-e033-fcd5103b86f0" executionId="ccf39449-c046-4b42-8b27-89d2be21ca46" testListId="8c84fa94-04c1-424b-9868-57a2d4851a1d" />
    <TestEntry testId="755b0996-a78b-ebdf-6716-7f706c8cf1eb" executionId="d4034071-a80d-40a7-822c-6bc764728d0a" testListId="8c84fa94-04c1-424b-9868-57a2d4851a1d" />
    <TestEntry testId="ebab1a97-c33b-7210-a581-7ac9e0d90a8b" executionId="948e470f-6b74-4832-bf4f-50bf804a17ac" testListId="8c84fa94-04c1-424b-9868-57a2d4851a1d" />
    <TestEntry testId="9d0c055f-3330-fecc-b854-a16f9336e382" executionId="062bad15-bb1e-4ec3-80e9-8c3b451826b6" testListId="8c84fa94-04c1-424b-9868-57a2d4851a1d" />
    <TestEntry testId="179c2c1e-4414-9d2e-0ff7-bc11ffbba30c" executionId="c7c249d8-1873-4b2a-b758-ec1141fcd8dd" testListId="8c84fa94-04c1-424b-9868-57a2d4851a1d" />
    <TestEntry testId="da49c926-d039-5e56-07e4-3c484faddda5" executionId="017c81b3-4c15-441a-9a29-66f2b263ddec" testListId="8c84fa94-04c1-424b-9868-57a2d4851a1d" />
    <TestEntry testId="06749f88-a6be-0e0c-499a-aeebce24ec69" executionId="bba6403a-41af-4b4c-8c50-d8961cbb525b" testListId="8c84fa94-04c1-424b-9868-57a2d4851a1d" />
    <TestEntry testId="0f79490a-26d5-39a5-92cc-2ef100d33c27" executionId="6df7f439-ed14-4a24-a354-8082e8b869d5" testListId="8c84fa94-04c1-424b-9868-57a2d4851a1d" />
    <TestEntry testId="0fba02e6-4698-c81a-0dc8-83705e1ced43" executionId="9703d6cc-0060-4719-b7f7-b67d0dc0af20" testListId="8c84fa94-04c1-424b-9868-57a2d4851a1d" />
    <TestEntry testId="12523d40-e5ae-4a98-2381-c85dbe32e8fd" executionId="7300bc75-5d67-41f1-b850-0df21c8e26d3" testListId="8c84fa94-04c1-424b-9868-57a2d4851a1d" />
    <TestEntry testId="4ea55dae-e6bc-82bd-68f5-7563d0d9c175" executionId="9d4b58c5-3ddf-45b7-adf5-3a7c7a609345" testListId="8c84fa94-04c1-424b-9868-57a2d4851a1d" />
    <TestEntry testId="fd2b9032-6fdd-bacc-2b49-2a3271667d5d" executionId="aeca05e1-7d10-4465-b732-f4f9bd009850" testListId="8c84fa94-04c1-424b-9868-57a2d4851a1d" />
    <TestEntry testId="9fc6d896-b0a5-bf9c-b519-89959a20eb91" executionId="9c2bad18-ec59-4be9-b492-1335f693a964" testListId="8c84fa94-04c1-424b-9868-57a2d4851a1d" />
    <TestEntry testId="02405d56-62ae-4220-1f26-172240e86bd5" executionId="4c98ea9d-3b51-407e-904e-745f8dd8ad17" testListId="8c84fa94-04c1-424b-9868-57a2d4851a1d" />
    <TestEntry testId="b52a21c2-6f66-e4b1-36e9-da520fefe862" executionId="8e0a9e80-fc94-4d11-aa30-db6080edebdf" testListId="8c84fa94-04c1-424b-9868-57a2d4851a1d" />
    <TestEntry testId="3d393813-1101-a150-94e8-cf7cb97c7099" executionId="c6744a5e-c052-4a2a-b648-ad2798eab30c" testListId="8c84fa94-04c1-424b-9868-57a2d4851a1d" />
    <TestEntry testId="9e4031a0-0324-b9b0-d5ce-64919458dd1f" executionId="2149fc67-639c-4c3d-9868-0568fd22d21d" testListId="8c84fa94-04c1-424b-9868-57a2d4851a1d" />
    <TestEntry testId="a3d92a58-cf86-cfc2-73a5-a02b6504d6d9" executionId="b7efed3a-6523-4389-b4cb-5dbe34e60a72" testListId="8c84fa94-04c1-424b-9868-57a2d4851a1d" />
    <TestEntry testId="f2db555b-beb0-1320-833b-a73e195c7c4f" executionId="35bfc372-8409-4a10-871e-58f3a9104a51" testListId="8c84fa94-04c1-424b-9868-57a2d4851a1d" />
    <TestEntry testId="ecbce7b5-0642-d41e-89b3-9720c1996665" executionId="318d031e-c3e9-441f-9c27-ecd9d07fc111" testListId="8c84fa94-04c1-424b-9868-57a2d4851a1d" />
    <TestEntry testId="5d95e1be-4408-d4a6-bbf0-9f1b918a022f" executionId="2782a109-872a-4661-8d83-056366e38c4b" testListId="8c84fa94-04c1-424b-9868-57a2d4851a1d" />
    <TestEntry testId="0e8976f4-db3e-670c-4d12-ffed959b35bc" executionId="56b6f480-86bf-4d69-b445-f3e11325ba88" testListId="8c84fa94-04c1-424b-9868-57a2d4851a1d" />
    <TestEntry testId="47f644f7-7af7-40b2-feae-b7c93a499580" executionId="c54e9bd7-166a-4fc1-bd56-b3cf1d45aea6" testListId="8c84fa94-04c1-424b-9868-57a2d4851a1d" />
    <TestEntry testId="01f1c18c-4d3e-55ad-1c6f-21d65bf5da3b" executionId="473b71c3-3725-4996-a46d-dcbcfb9e7dd3" testListId="8c84fa94-04c1-424b-9868-57a2d4851a1d" />
    <TestEntry testId="ecb14e97-ab38-f178-96a4-87597bb22a68" executionId="b1bbc476-e83c-4f9d-a7c2-b3a894b5d497" testListId="8c84fa94-04c1-424b-9868-57a2d4851a1d" />
    <TestEntry testId="38c0b66f-a6e4-1374-6bf1-10f555bd2153" executionId="3b946b30-9b99-4dfc-a89e-0f05cf7f81ba" testListId="8c84fa94-04c1-424b-9868-57a2d4851a1d" />
    <TestEntry testId="156aec85-6241-1a74-4fbb-6a2b275b7ae8" executionId="5fecb37b-aa6a-456f-ac62-311a52ff8aa2" testListId="8c84fa94-04c1-424b-9868-57a2d4851a1d" />
    <TestEntry testId="0f1cbb59-4758-9970-dec5-160cd24d8b30" executionId="65a549c1-3521-44e3-b843-57b3b3f92248" testListId="8c84fa94-04c1-424b-9868-57a2d4851a1d" />
    <TestEntry testId="83107708-e81e-eb3b-5531-334b2a801203" executionId="51785b84-d2a2-4d9f-b19f-cf7a5dc0ecc2" testListId="8c84fa94-04c1-424b-9868-57a2d4851a1d" />
    <TestEntry testId="c134cf4a-05fb-cf48-b8e4-7a9e5f42ef3e" executionId="ab112904-e881-44fc-86a1-cf077d80576a" testListId="8c84fa94-04c1-424b-9868-57a2d4851a1d" />
    <TestEntry testId="145bb695-6d40-6e2b-5a2a-bf01080dc193" executionId="44e3c7d2-cf7b-4914-b6db-d4fbe8bd0325" testListId="8c84fa94-04c1-424b-9868-57a2d4851a1d" />
    <TestEntry testId="fe2129d5-91d6-a029-a23a-201f92c0d53d" executionId="e7c0428a-799d-4c0c-b057-364e91213e66" testListId="8c84fa94-04c1-424b-9868-57a2d4851a1d" />
    <TestEntry testId="68476619-f028-6735-fb1b-5894c20c349a" executionId="9f37c0cd-19dd-43a3-9cbc-4ca116a5e0af" testListId="8c84fa94-04c1-424b-9868-57a2d4851a1d" />
    <TestEntry testId="142bbdb2-b0e5-7d1c-8da5-c2a70fd0e525" executionId="88667ab7-7166-49ef-94f7-f198b81d2c20" testListId="8c84fa94-04c1-424b-9868-57a2d4851a1d" />
    <TestEntry testId="c1d5f295-2cc2-992e-5652-211d8035daf0" executionId="afe5a003-62b9-41c1-b305-81f24fa46b56" testListId="8c84fa94-04c1-424b-9868-57a2d4851a1d" />
    <TestEntry testId="60514354-a201-c7e9-9b78-48b2f29a8a69" executionId="0d777833-d092-4952-88b7-1f75be65135f" testListId="8c84fa94-04c1-424b-9868-57a2d4851a1d" />
    <TestEntry testId="858b6a7c-7f1c-dbc2-7988-0d5bd727434d" executionId="3de82f4c-8c50-43aa-ae5c-177832468948" testListId="8c84fa94-04c1-424b-9868-57a2d4851a1d" />
    <TestEntry testId="da6c6ae0-c756-128a-71bd-1c25261c219c" executionId="458356e5-9963-4a83-a1b5-a65c9eec4b6c" testListId="8c84fa94-04c1-424b-9868-57a2d4851a1d" />
    <TestEntry testId="2fa480c1-3370-2bb3-fa7a-951e976bfeb0" executionId="936f672a-6a02-4b1d-bdce-0585fd3904ee" testListId="8c84fa94-04c1-424b-9868-57a2d4851a1d" />
    <TestEntry testId="82445808-d4b8-fb6a-aa95-eb51dd4f4f8a" executionId="82590595-40df-4838-8c19-be8a41fd7de4" testListId="8c84fa94-04c1-424b-9868-57a2d4851a1d" />
    <TestEntry testId="8ec34a82-8e8c-283c-c2b0-57c7f389e29e" executionId="adc3131a-006d-485f-ac54-4e902268e330" testListId="8c84fa94-04c1-424b-9868-57a2d4851a1d" />
    <TestEntry testId="fd08c001-fdfc-c161-32db-4885ab95bfc0" executionId="68793956-a6e3-45f0-9d11-fd265d459d59" testListId="8c84fa94-04c1-424b-9868-57a2d4851a1d" />
    <TestEntry testId="7b6bf71e-2e5b-1c4d-f4e9-ba87677ef2cc" executionId="bb4026a0-8f88-4807-b47c-efe8d8bb2ba6" testListId="8c84fa94-04c1-424b-9868-57a2d4851a1d" />
    <TestEntry testId="5a02ddce-a318-1e25-c5c4-2a0a4b5833b7" executionId="090f7f2f-774d-4e6a-9488-21305082ea93" testListId="8c84fa94-04c1-424b-9868-57a2d4851a1d" />
    <TestEntry testId="6b59a15a-9841-1746-4756-d1638641a58d" executionId="9ee02b31-a727-4120-8409-35bc3596b5ab" testListId="8c84fa94-04c1-424b-9868-57a2d4851a1d" />
    <TestEntry testId="89c24e19-d54f-3506-41b3-120378b8c11e" executionId="025faa5c-b041-4223-8362-ed719705c5c1" testListId="8c84fa94-04c1-424b-9868-57a2d4851a1d" />
    <TestEntry testId="6cdc712b-6515-b04f-5ce6-e01e9c8c5d0d" executionId="46b5c7bb-f89e-4a8a-82e0-b57248918471" testListId="8c84fa94-04c1-424b-9868-57a2d4851a1d" />
    <TestEntry testId="de033d4b-1414-0c49-181b-aa12bda68856" executionId="c77c96e6-286e-4870-b930-7ae924edf9de" testListId="8c84fa94-04c1-424b-9868-57a2d4851a1d" />
    <TestEntry testId="b352c416-84e5-5dba-cce9-3c806b44d6b3" executionId="bf2351b2-44b7-4cf9-ae22-926b353510fd" testListId="8c84fa94-04c1-424b-9868-57a2d4851a1d" />
    <TestEntry testId="3c9510f2-25f8-11b5-2916-684f957eeaf7" executionId="09afe8e2-2e4d-40f7-92c8-13e20f1b0f4c" testListId="8c84fa94-04c1-424b-9868-57a2d4851a1d" />
    <TestEntry testId="cec089ee-67d3-bc3d-1e34-874860ffded1" executionId="a498f30e-aec3-4078-8a80-e57968137e3b" testListId="8c84fa94-04c1-424b-9868-57a2d4851a1d" />
    <TestEntry testId="8e5e6153-b8e5-c5df-0f58-b3ac1bc6d9e8" executionId="4701a5f2-f706-44ee-aef8-a31f2ae99f7e" testListId="8c84fa94-04c1-424b-9868-57a2d4851a1d" />
    <TestEntry testId="587d7514-8fbf-a498-6fe7-7188c6588f0c" executionId="5e50c8fa-dc3f-4cd7-bdce-df9ca4474fb1" testListId="8c84fa94-04c1-424b-9868-57a2d4851a1d" />
    <TestEntry testId="748f34f5-7e06-2822-9313-f9a451c5a5bc" executionId="a72cd75c-7185-47e3-bafe-585f0c69f46e" testListId="8c84fa94-04c1-424b-9868-57a2d4851a1d" />
    <TestEntry testId="2179e573-1b26-3ba3-a5fc-7ed6d49daafa" executionId="18523b3e-3dac-4c69-9ea1-a5fa53dc157e" testListId="8c84fa94-04c1-424b-9868-57a2d4851a1d" />
    <TestEntry testId="8f81a5ac-9705-2fe7-e380-efc59800e14a" executionId="0f9634fc-5e6d-461e-9a36-252546551b3d" testListId="8c84fa94-04c1-424b-9868-57a2d4851a1d" />
    <TestEntry testId="f5fefdd8-a3e1-56e9-283e-7792de082562" executionId="49c6c317-441e-4751-b48b-fe42623f184c" testListId="8c84fa94-04c1-424b-9868-57a2d4851a1d" />
    <TestEntry testId="7d7a0b9a-c362-d849-8ad8-59505d233634" executionId="b4e77821-26b6-43a3-8167-b9108154759f" testListId="8c84fa94-04c1-424b-9868-57a2d4851a1d" />
    <TestEntry testId="4150a467-edf4-7d5f-a7c3-169a3eea334b" executionId="a0e8b573-14d1-4f19-bcef-3270b96eed17" testListId="8c84fa94-04c1-424b-9868-57a2d4851a1d" />
    <TestEntry testId="605e39bf-91cc-0414-c1bc-48be60f42594" executionId="7cecfd8e-2df3-466a-b4bd-c2e843449aff" testListId="8c84fa94-04c1-424b-9868-57a2d4851a1d" />
    <TestEntry testId="9b57649f-b82e-7499-77ea-40f32f22c7ef" executionId="b61ecccf-033c-48e4-b0ed-0ccb74080dcc" testListId="8c84fa94-04c1-424b-9868-57a2d4851a1d" />
    <TestEntry testId="1c2944f3-7e8b-adaf-dd97-689d5efc4e26" executionId="f490c434-675d-4046-b1f1-fc961b5977a5" testListId="8c84fa94-04c1-424b-9868-57a2d4851a1d" />
    <TestEntry testId="59ce9f6b-3719-86f8-3933-4344e90c4eb3" executionId="1f9cba78-48e7-479a-a1bc-daa9c50bd055" testListId="8c84fa94-04c1-424b-9868-57a2d4851a1d" />
    <TestEntry testId="9a17b8cb-d234-d061-7fd5-0badfd75f4e6" executionId="dce48c34-89e6-4d7e-9966-28bb70593130" testListId="8c84fa94-04c1-424b-9868-57a2d4851a1d" />
    <TestEntry testId="1bc9e09c-a942-12a4-4760-89312ff3ee99" executionId="7c64de08-3b29-4e26-ac24-81d90d10427e" testListId="8c84fa94-04c1-424b-9868-57a2d4851a1d" />
    <TestEntry testId="f9e756f1-8f98-a5da-3f76-c81f1a094c11" executionId="d4198a88-728b-48e4-a98e-7c73d5f6b072" testListId="8c84fa94-04c1-424b-9868-57a2d4851a1d" />
    <TestEntry testId="4c08be81-b549-5324-d325-648d5d910079" executionId="201578e5-3521-4ffc-877b-e69833a61d03" testListId="8c84fa94-04c1-424b-9868-57a2d4851a1d" />
    <TestEntry testId="eb5001a5-623d-a2f1-8405-a5bb4f422d70" executionId="4cb98f4b-943f-424f-9ff8-081bfc1ba003" testListId="8c84fa94-04c1-424b-9868-57a2d4851a1d" />
    <TestEntry testId="19ecc2f0-230e-90f3-bb96-92efea6fd1e1" executionId="7deea0d7-16b8-42e1-b0cd-a1d23783bda2" testListId="8c84fa94-04c1-424b-9868-57a2d4851a1d" />
    <TestEntry testId="63cd94fa-28e2-aad7-f4e1-38302947c774" executionId="530522e9-295f-4281-9282-45da3caa8dd7" testListId="8c84fa94-04c1-424b-9868-57a2d4851a1d" />
    <TestEntry testId="0b76c02c-9309-b5ef-9fd3-c518e1d04419" executionId="ceb1b4aa-50d9-46f5-9ed0-ed5ee170d84c" testListId="8c84fa94-04c1-424b-9868-57a2d4851a1d" />
    <TestEntry testId="c06f45a3-306a-a99b-29de-e1381326ad08" executionId="4d3c9098-6169-44c3-a2fc-10ccd5c7d83b" testListId="8c84fa94-04c1-424b-9868-57a2d4851a1d" />
    <TestEntry testId="76128181-d839-1818-f171-6d85573e5cce" executionId="ad7b4137-d496-4b4e-bab8-21a1eeba5928" testListId="8c84fa94-04c1-424b-9868-57a2d4851a1d" />
    <TestEntry testId="f1793f97-9e75-2af3-163d-dc9890940af6" executionId="d64426fa-3aa7-4963-b415-59c2690e83d5" testListId="8c84fa94-04c1-424b-9868-57a2d4851a1d" />
    <TestEntry testId="e36ef448-b661-a19d-0c57-0c129c312078" executionId="4e922ddf-63cb-4d16-89f1-4ddbb3d5dd85" testListId="8c84fa94-04c1-424b-9868-57a2d4851a1d" />
    <TestEntry testId="7686a0e6-5dc1-7fb4-8f3c-2058c59318b4" executionId="941a600f-5615-4556-b3be-a2e4d2395168" testListId="8c84fa94-04c1-424b-9868-57a2d4851a1d" />
    <TestEntry testId="4bfd6b19-da28-a800-8394-a9d60149f8f0" executionId="cd7ddfa7-7272-4847-bda5-2dad852b9bd4" testListId="8c84fa94-04c1-424b-9868-57a2d4851a1d" />
    <TestEntry testId="da3f60e8-2462-c9b1-ba86-7fce815bdc97" executionId="b41ae4cf-2418-438e-a6e5-0b659698e949" testListId="8c84fa94-04c1-424b-9868-57a2d4851a1d" />
    <TestEntry testId="07558a82-992d-c556-88b3-ff541cfc1e46" executionId="869c2774-748e-4293-a515-783e82e5c5b5" testListId="8c84fa94-04c1-424b-9868-57a2d4851a1d" />
    <TestEntry testId="696d892d-d740-7bc1-bc96-0442ff126249" executionId="f5cc9795-3f38-4570-b92e-dfc230c51fa8" testListId="8c84fa94-04c1-424b-9868-57a2d4851a1d" />
  </TestEntries>
  <TestLists>
    <TestList name="Results Not in a List" id="8c84fa94-04c1-424b-9868-57a2d4851a1d" />
    <TestList name="All Loaded Results" id="19431567-8539-422a-85d7-44ee4e166bda" />
  </TestLists>
  <ResultSummary outcome="Completed">
    <Counters total="651" executed="648" passed="648" failed="0" error="0" timeout="0" aborted="0" inconclusive="0" passedButRunAborted="0" notRunnable="0" notExecuted="0" disconnected="0" warning="0" completed="0" inProgress="0" pending="0" />
    <Output>
      <StdOut>NUnit Adapter 4.6.0.0: Test execution started&#xD;
Running all tests in C:\Users\dw\AppData\Local\Temp\relight-substation\simtests\bin\Debug\net8.0\SimTests.dll&#xD;
   NUnit3TestExecutor discovered 650 of 651 NUnit test cases using Current Discovery mode, Non-Explicit run&#xD;
TwentySimMinutesRepeatedTwiceGiveEqualHashes_Long: long form&#xD;
TheEvidencePhaseCSaveLoadsOnTheFullCityWithEverythingShifted: could not find Unity/Docs/evidence/phase-c/integrated-run/slot-phasec-int-end.json from C:\Users\dw\AppData\Local\Temp\relight-substation\simtests\bin\Debug\net8.0; this check needs the repository checkout.&#xD;
Test 'TheEvidencePhaseCSaveLoadsOnTheFullCityWithEverythingShifted' was skipped in the test run.&#xD;
TheTwoExportedRegionsOnDiskStillHoldThatRelation: Unity/Import/{home,full}/city.json is not in this checkout (it is build output, written by `npm run export:unity -- --region home|full`); the constants form of this check ran instead.&#xD;
Test 'TheTwoExportedRegionsOnDiskStillHoldThatRelation' was skipped in the test run.&#xD;
NUnit Adapter 4.6.0.0: Test execution complete&#xD;
</StdOut>
    </Output>
  </ResultSummary>
</TestRun>