<?xml version="1.0" encoding="utf-8"?>
<TestRun id="8ef1dfb5-bcf8-4ab8-8c27-21cb10f9a0d0" name="dw@RMS-DW-NB-01 2026-09-13 22:19:43" runUser="RMS\dw" xmlns="http://microsoft.com/schemas/VisualStudio/TeamTest/2010">
  <Times creation="2026-09-13T22:19:43.5572895+10:00" queuing="2026-09-13T22:19:43.5572897+10:00" start="2026-09-13T22:19:42.9548266+10:00" finish="2026-09-13T22:19:43.6805029+10:00" />
  <TestSettings name="default" id="ac221506-12a5-4925-bf64-1f2f4b076e4f">
    <Deployment runDeploymentRoot="dw_RMS-DW-NB-01_2026-09-13_22_19_43" />
  </TestSettings>
  <Results>
    <UnitTestResult executionId="950797f0-208a-433f-bef5-e5d4cf33946b" testId="610b0e7c-e48c-54cd-195a-b30d1e9501ce" testName="ASaveWithNoChecksumIsRefused" computerName="RMS-DW-NB-01" duration="00:00:00.0005160" startTime="2026-09-13T22:19:43.6099486+10:00" endTime="2026-09-13T22:19:43.6104645+10:00" testType="13cdc9d9-ddb5-4fa4-a97d-d965ccfc6d4b" outcome="Passed" testListId="8c84fa94-04c1-424b-9868-57a2d4851a1d" relativeResultsDirectory="950797f0-208a-433f-bef5-e5d4cf33946b" />
    <UnitTestResult executionId="c1455f8f-a464-4515-aa50-3a076a9fc586" testId="0c853405-ce05-d19e-7c26-1ebbfe988c44" testName="ASaveThatExistsOnlyAsABackupIsVisibleAndLoadable" computerName="RMS-DW-NB-01" duration="00:00:00.0011520" startTime="2026-09-13T22:19:43.5997927+10:00" endTime="2026-09-13T22:19:43.6009449+10:00" testType="13cdc9d9-ddb5-4fa4-a97d-d965ccfc6d4b" outcome="Passed" testListId="8c84fa94-04c1-424b-9868-57a2d4851a1d" relativeResultsDirectory="c1455f8f-a464-4515-aa50-3a076a9fc586" />
    <UnitTestResult executionId="82ee5043-8800-4d77-a733-3353f17507c0" testId="bcac0c3c-8951-a09e-a362-b9d75bb4c09a" testName="ARefusedLoadLeavesTheRunningGameAndTheGoodSaveUntouched" computerName="RMS-DW-NB-01" duration="00:00:00.0010529" startTime="2026-09-13T22:19:43.6088809+10:00" endTime="2026-09-13T22:19:43.6099340+10:00" testType="13cdc9d9-ddb5-4fa4-a97d-d965ccfc6d4b" outcome="Passed" testListId="8c84fa94-04c1-424b-9868-57a2d4851a1d" relativeResultsDirectory="82ee5043-8800-4d77-a733-3353f17507c0" />
    <UnitTestResult executionId="8b75d52d-c69a-4c78-933a-a3ec94c63822" testId="f421f77e-7704-5107-07e1-24da9d95546f" testName="ManualSavesAreListedNewestFirstWithTheirHeaders" computerName="RMS-DW-NB-01" duration="00:00:00.0009070" startTime="2026-09-13T22:19:43.5427502+10:00" endTime="2026-09-13T22:19:43.5436574+10:00" testType="13cdc9d9-ddb5-4fa4-a97d-d965ccfc6d4b" outcome="Passed" testListId="8c84fa94-04c1-424b-9868-57a2d4851a1d" relativeResultsDirectory="8b75d52d-c69a-4c78-933a-a3ec94c63822" />
    <UnitTestResult executionId="70dcdd92-066c-4235-a0d7-93f893365451" testId="4f1a1ba3-f183-80cb-d050-3559d1746721" testName="RecoverableAutosavesAreListedNewestFirst" computerName="RMS-DW-NB-01" duration="00:00:00.0017650" startTime="2026-09-13T22:19:43.5436720+10:00" endTime="2026-09-13T22:19:43.5454367+10:00" testType="13cdc9d9-ddb5-4fa4-a97d-d965ccfc6d4b" outcome="Passed" testListId="8c84fa94-04c1-424b-9868-57a2d4851a1d" relativeResultsDirectory="70dcdd92-066c-4235-a0d7-93f893365451" />
    <UnitTestResult executionId="da170805-dcd9-464b-88c1-802a90aad5a8" testId="82aebd1f-da3f-fd95-94f7-0be6c3b58068" testName="AFutureSchemaVersionIsRefusedByNumber" computerName="RMS-DW-NB-01" duration="00:00:00.0010140" startTime="2026-09-13T22:19:43.6058594+10:00" endTime="2026-09-13T22:19:43.6068736+10:00" testType="13cdc9d9-ddb5-4fa4-a97d-d965ccfc6d4b" outcome="Passed" testListId="8c84fa94-04c1-424b-9868-57a2d4851a1d" relativeResultsDirectory="da170805-dcd9-464b-88c1-802a90aad5a8" />
    <UnitTestResult executionId="a4073abf-fc44-47a2-a26e-f08a7924a43d" testId="07828419-9928-6647-5ebd-20d0148a49e7" testName="AnIndexNamingAFileOutsideTheRingIsIgnored" computerName="RMS-DW-NB-01" duration="00:00:00.0010010" startTime="2026-09-13T22:19:43.5366145+10:00" endTime="2026-09-13T22:19:43.5376149+10:00" testType="13cdc9d9-ddb5-4fa4-a97d-d965ccfc6d4b" outcome="Passed" testListId="8c84fa94-04c1-424b-9868-57a2d4851a1d" relativeResultsDirectory="a4073abf-fc44-47a2-a26e-f08a7924a43d" />
    <UnitTestResult executionId="685226a4-ba46-4a01-b6fb-c41f62f52e6b" testId="2f2961ee-a68e-841b-9134-959dc278f6f5" testName="H1_ALoadedStateKeepsRunningIdenticallyToTheOneItCameFrom" computerName="RMS-DW-NB-01" duration="00:00:00.0024780" startTime="2026-09-13T22:19:43.6179678+10:00" endTime="2026-09-13T22:19:43.6204460+10:00" testType="13cdc9d9-ddb5-4fa4-a97d-d965ccfc6d4b" outcome="Passed" testListId="8c84fa94-04c1-424b-9868-57a2d4851a1d" relativeResultsDirectory="685226a4-ba46-4a01-b6fb-c41f62f52e6b" />
    <UnitTestResult executionId="0c2754f8-259d-41ee-8ea1-f94ad4f16f3c" testId="4f106fc1-d98a-505f-796f-fc652385a491" testName="SaveOnQuitWritesItsOwnFileAndNotARingSlot" computerName="RMS-DW-NB-01" duration="00:00:00.0011490" startTime="2026-09-13T22:19:43.5454522+10:00" endTime="2026-09-13T22:19:43.5466008+10:00" testType="13cdc9d9-ddb5-4fa4-a97d-d965ccfc6d4b" outcome="Passed" testListId="8c84fa94-04c1-424b-9868-57a2d4851a1d" relativeResultsDirectory="0c2754f8-259d-41ee-8ea1-f94ad4f16f3c" />
    <UnitTestResult executionId="1047a548-365b-4852-96cc-fabe28576d76" testId="835064d1-ccf6-ca14-2295-b49096dd83ea" testName="ATamperedVersionOneSaveIsRefusedAsDamagedNotUpgraded" computerName="RMS-DW-NB-01" duration="00:00:00.0006089" startTime="2026-09-13T22:19:43.6308610+10:00" endTime="2026-09-13T22:19:43.6314698+10:00" testType="13cdc9d9-ddb5-4fa4-a97d-d965ccfc6d4b" outcome="Passed" testListId="8c84fa94-04c1-424b-9868-57a2d4851a1d" relativeResultsDirectory="1047a548-365b-4852-96cc-fabe28576d76" />
    <UnitTestResult executionId="2e75eb57-e843-4153-913d-71c3124cf45f" testId="225a9f1c-e02c-6d9a-a2cb-e55e326ee689" testName="AReferenceBuildSaveIsRefusedAndSaysWhatItIs" computerName="RMS-DW-NB-01" duration="00:00:00.0001290" startTime="2026-09-13T22:19:43.6087484+10:00" endTime="2026-09-13T22:19:43.6088768+10:00" testType="13cdc9d9-ddb5-4fa4-a97d-d965ccfc6d4b" outcome="Passed" testListId="8c84fa94-04c1-424b-9868-57a2d4851a1d" relativeResultsDirectory="2e75eb57-e843-4153-913d-71c3124cf45f" />
    <UnitTestResult executionId="c6b710b5-1ee0-4432-b3fb-a057c5161ba4" testId="40027e62-acc3-72b3-7423-1d8ee268bac6" testName="AnIndexWhoseOrderContradictsTheFilesIsCorrectedFromThem" computerName="RMS-DW-NB-01" duration="00:00:00.0028149" startTime="2026-09-13T22:19:43.5955015+10:00" endTime="2026-09-13T22:19:43.5983167+10:00" testType="13cdc9d9-ddb5-4fa4-a97d-d965ccfc6d4b" outcome="Passed" testListId="8c84fa94-04c1-424b-9868-57a2d4851a1d" relativeResultsDirectory="c6b710b5-1ee0-4432-b3fb-a057c5161ba4" />
    <UnitTestResult executionId="f262e7f5-b37a-4600-96e3-c715c619d9f5" testId="9db69de1-573e-8726-3a1d-268396d9384c" testName="RecoveryStillWorksAfterARestart" computerName="RMS-DW-NB-01" duration="00:00:00.0011400" startTime="2026-09-13T22:19:43.6034662+10:00" endTime="2026-09-13T22:19:43.6046056+10:00" testType="13cdc9d9-ddb5-4fa4-a97d-d965ccfc6d4b" outcome="Passed" testListId="8c84fa94-04c1-424b-9868-57a2d4851a1d" relativeResultsDirectory="f262e7f5-b37a-4600-96e3-c715c619d9f5" />
    <UnitTestResult executionId="d30d863e-1d92-4235-9c0d-f186750db5b6" testId="a6eaac60-e06a-2055-8bf8-4def4d323292" testName="ConservationHoldsThroughoutTheShortRun" computerName="RMS-DW-NB-01" duration="00:00:00.0020070" startTime="2026-09-13T22:19:43.4788231+10:00" endTime="2026-09-13T22:19:43.4808302+10:00" testType="13cdc9d9-ddb5-4fa4-a97d-d965ccfc6d4b" outcome="Passed" testListId="8c84fa94-04c1-424b-9868-57a2d4851a1d" relativeResultsDirectory="d30d863e-1d92-4235-9c0d-f186750db5b6" />
    <UnitTestResult executionId="fb90b542-8532-4cda-8c7c-f728cd9a5560" testId="01359648-7dea-0eb0-d115-1caacb2f99c8" testName="SaveThenLoadGivesTheSameHash" computerName="RMS-DW-NB-01" duration="00:00:00.0120030" startTime="2026-09-13T22:19:43.4900349+10:00" endTime="2026-09-13T22:19:43.5020379+10:00" testType="13cdc9d9-ddb5-4fa4-a97d-d965ccfc6d4b" outcome="Passed" testListId="8c84fa94-04c1-424b-9868-57a2d4851a1d" relativeResultsDirectory="fb90b542-8532-4cda-8c7c-f728cd9a5560" />
    <UnitTestResult executionId="4133f8fd-fcb6-45a9-a6dd-c0dc85171fe2" testId="4422f8fa-5e46-f687-3502-c2c9044d5b5e" testName="TheRecordedDefaultsAreFiveMinutesAndThreeSlots" computerName="RMS-DW-NB-01" duration="00:00:00.0004340" startTime="2026-09-13T22:19:43.5489055+10:00" endTime="2026-09-13T22:19:43.5493392+10:00" testType="13cdc9d9-ddb5-4fa4-a97d-d965ccfc6d4b" outcome="Passed" testListId="8c84fa94-04c1-424b-9868-57a2d4851a1d" relativeResultsDirectory="4133f8fd-fcb6-45a9-a6dd-c0dc85171fe2" />
    <UnitTestResult executionId="1b6e62d8-29af-427e-9616-c78af7a899bc" testId="b2c510d6-3344-b3ba-3e55-37158cefc1fd" testName="FiveSimMinutesRepeatedTwiceGiveEqualHashes" computerName="RMS-DW-NB-01" duration="00:00:00.0043710" startTime="2026-09-13T22:19:43.4836962+10:00" endTime="2026-09-13T22:19:43.4880664+10:00" testType="13cdc9d9-ddb5-4fa4-a97d-d965ccfc6d4b" outcome="Passed" testListId="8c84fa94-04c1-424b-9868-57a2d4851a1d" relativeResultsDirectory="1b6e62d8-29af-427e-9616-c78af7a899bc" />
    <UnitTestResult executionId="9fed39b0-78bf-4610-a6f6-5f1fe25e91b7" testId="5ad840eb-00fe-0477-d36b-f2e1ea36c8e8" testName="BytesThatAreNotTextAreRefused" computerName="RMS-DW-NB-01" duration="00:00:00.0007700" startTime="2026-09-13T22:19:43.6112303+10:00" endTime="2026-09-13T22:19:43.6120005+10:00" testType="13cdc9d9-ddb5-4fa4-a97d-d965ccfc6d4b" outcome="Passed" testListId="8c84fa94-04c1-424b-9868-57a2d4851a1d" relativeResultsDirectory="9fed39b0-78bf-4610-a6f6-5f1fe25e91b7" />
    <UnitTestResult executionId="bd93b4ad-4a4a-402c-b0b3-afeef9ea9ded" testId="ec02ccb3-a27b-2181-837c-1cb29a063196" testName="AnEmptyFileIsRefused" computerName="RMS-DW-NB-01" duration="00:00:00.0000860" startTime="2026-09-13T22:19:43.6086579+10:00" endTime="2026-09-13T22:19:43.6087437+10:00" testType="13cdc9d9-ddb5-4fa4-a97d-d965ccfc6d4b" outcome="Passed" testListId="8c84fa94-04c1-424b-9868-57a2d4851a1d" relativeResultsDirectory="bd93b4ad-4a4a-402c-b0b3-afeef9ea9ded" />
    <UnitTestResult executionId="53e6a2f9-6b96-4c73-86e1-3277dae994db" testId="255496ca-11a5-f1ac-a231-0eac47d4c33c" testName="CancellingMidBatchReturnsThePlatesAndBalances" computerName="RMS-DW-NB-01" duration="00:00:00.0003180" startTime="2026-09-13T22:19:43.5106125+10:00" endTime="2026-09-13T22:19:43.5109302+10:00" testType="13cdc9d9-ddb5-4fa4-a97d-d965ccfc6d4b" outcome="Passed" testListId="8c84fa94-04c1-424b-9868-57a2d4851a1d" relativeResultsDirectory="53e6a2f9-6b96-4c73-86e1-3277dae994db" />
    <UnitTestResult executionId="b2139cdb-205d-4abc-86b6-9f8603cab8cd" testId="4c61f00a-dde6-27c6-842b-b5a9943fcede" testName="H1_SaveThenLoadGivesTheSameHashAndTheSameCanonicalText" computerName="RMS-DW-NB-01" duration="00:00:00.0023010" startTime="2026-09-13T22:19:43.6204606+10:00" endTime="2026-09-13T22:19:43.6227618+10:00" testType="13cdc9d9-ddb5-4fa4-a97d-d965ccfc6d4b" outcome="Passed" testListId="8c84fa94-04c1-424b-9868-57a2d4851a1d" relativeResultsDirectory="b2139cdb-205d-4abc-86b6-9f8603cab8cd" />
    <UnitTestResult executionId="82418493-473a-448f-8689-e8759bf9e78d" testId="16ce113d-bb97-8d2a-a7ed-fae0476997f3" testName="AnAutosaveNeverWritesAManualSlot" computerName="RMS-DW-NB-01" duration="00:00:00.0052740" startTime="2026-09-13T22:19:43.5313219+10:00" endTime="2026-09-13T22:19:43.5365958+10:00" testType="13cdc9d9-ddb5-4fa4-a97d-d965ccfc6d4b" outcome="Passed" testListId="8c84fa94-04c1-424b-9868-57a2d4851a1d" relativeResultsDirectory="82418493-473a-448f-8689-e8759bf9e78d" />
    <UnitTestResult executionId="ede7c63f-8bda-4ed3-9018-595d405651f2" testId="72663e28-6d80-690b-40fb-67a9efab46c6" testName="TheIntervalCountsOnlyUnpausedSimTime" computerName="RMS-DW-NB-01" duration="00:00:00.0022650" startTime="2026-09-13T22:19:43.5466149+10:00" endTime="2026-09-13T22:19:43.5488792+10:00" testType="13cdc9d9-ddb5-4fa4-a97d-d965ccfc6d4b" outcome="Passed" testListId="8c84fa94-04c1-424b-9868-57a2d4851a1d" relativeResultsDirectory="ede7c63f-8bda-4ed3-9018-595d405651f2" />
    <UnitTestResult executionId="10b96e26-6bc3-4bbe-80b8-4075a92e17b3" testId="375bcf31-6b09-4a6a-9231-6377b039add1" testName="ATruncatedFileIsRefusedWithThePositionOfTheDamage" computerName="RMS-DW-NB-01" duration="00:00:00.0004730" startTime="2026-09-13T22:19:43.6107435+10:00" endTime="2026-09-13T22:19:43.6112165+10:00" testType="13cdc9d9-ddb5-4fa4-a97d-d965ccfc6d4b" outcome="Passed" testListId="8c84fa94-04c1-424b-9868-57a2d4851a1d" relativeResultsDirectory="10b96e26-6bc3-4bbe-80b8-4075a92e17b3" />
    <UnitTestResult executionId="484d3f89-b858-446d-83db-f1d3a5678ff2" testId="e99f6058-9211-d900-9a0c-8548b9062e61" testName="AVersionOneSaveLoadsAsTheSameStateWithNoRefundOwed" computerName="RMS-DW-NB-01" duration="00:00:00.0010190" startTime="2026-09-13T22:19:43.6331588+10:00" endTime="2026-09-13T22:19:43.6341777+10:00" testType="13cdc9d9-ddb5-4fa4-a97d-d965ccfc6d4b" outcome="Passed" testListId="8c84fa94-04c1-424b-9868-57a2d4851a1d" relativeResultsDirectory="484d3f89-b858-446d-83db-f1d3a5678ff2" />
    <UnitTestResult executionId="40f691da-011c-4de8-927a-9617cf4ea74c" testId="275f737e-ea5d-5277-b9fc-769f424fcb5d" testName="AFileFromAnotherProgramIsRefused" computerName="RMS-DW-NB-01" duration="00:00:00.0001040" startTime="2026-09-13T22:19:43.6057493+10:00" endTime="2026-09-13T22:19:43.6058536+10:00" testType="13cdc9d9-ddb5-4fa4-a97d-d965ccfc6d4b" outcome="Passed" testListId="8c84fa94-04c1-424b-9868-57a2d4851a1d" relativeResultsDirectory="40f691da-011c-4de8-927a-9617cf4ea74c" />
    <UnitTestResult executionId="5bbe4adc-7149-4bfe-8a35-534184cb6e33" testId="a569a626-8265-5d33-9399-6c6f9fc9b2bc" testName="AnUnreadableSlotIsListedWithItsProblemRatherThanHidden" computerName="RMS-DW-NB-01" duration="00:00:00.0009690" startTime="2026-09-13T22:19:43.5391488+10:00" endTime="2026-09-13T22:19:43.5401175+10:00" testType="13cdc9d9-ddb5-4fa4-a97d-d965ccfc6d4b" outcome="Passed" testListId="8c84fa94-04c1-424b-9868-57a2d4851a1d" relativeResultsDirectory="5bbe4adc-7149-4bfe-8a35-534184cb6e33" />
    <UnitTestResult executionId="762db5fd-e371-44cd-9b18-c86ec36a02f5" testId="d42a2a6c-5353-e98d-b10e-e37a1bf8eb17" testName="DifferentBalanceDataIsAWarningNotARefusal" computerName="RMS-DW-NB-01" duration="00:00:00.0007919" startTime="2026-09-13T22:19:43.6120148+10:00" endTime="2026-09-13T22:19:43.6128065+10:00" testType="13cdc9d9-ddb5-4fa4-a97d-d965ccfc6d4b" outcome="Passed" testListId="8c84fa94-04c1-424b-9868-57a2d4851a1d" relativeResultsDirectory="762db5fd-e371-44cd-9b18-c86ec36a02f5" />
    <UnitTestResult executionId="0b740b0b-b420-4d22-b159-419165d721c9" testId="8bc780b9-14b3-4c40-bc12-ebdd741c55db" testName="AJsonDocumentThatIsNotASaveIsRefused" computerName="RMS-DW-NB-01" duration="00:00:00.0002140" startTime="2026-09-13T22:19:43.6068920+10:00" endTime="2026-09-13T22:19:43.6071059+10:00" testType="13cdc9d9-ddb5-4fa4-a97d-d965ccfc6d4b" outcome="Passed" testListId="8c84fa94-04c1-424b-9868-57a2d4851a1d" relativeResultsDirectory="0b740b0b-b420-4d22-b159-419165d721c9" />
    <UnitTestResult executionId="2fae6820-5430-4696-8cfa-9b37699546e1" testId="a4dd766b-5de7-4c8f-1294-d8f0cbd1db8d" testName="RecoveringFromTheBackupWorksTwiceAndLeavesTheSlotWhereItWas" computerName="RMS-DW-NB-01" duration="00:00:00.0015610" startTime="2026-09-13T22:19:43.6018891+10:00" endTime="2026-09-13T22:19:43.6034500+10:00" testType="13cdc9d9-ddb5-4fa4-a97d-d965ccfc6d4b" outcome="Passed" testListId="8c84fa94-04c1-424b-9868-57a2d4851a1d" relativeResultsDirectory="2fae6820-5430-4696-8cfa-9b37699546e1" />
    <UnitTestResult executionId="05400d1d-b759-4aea-aa58-c8550c520b33" testId="64ad2196-3f94-d138-fdca-8ab4f5b0b5d2" testName="TwoFailuresDoNotStopTheRing" computerName="RMS-DW-NB-01" duration="00:00:00.0007350" startTime="2026-09-13T22:19:43.5533085+10:00" endTime="2026-09-13T22:19:43.5540431+10:00" testType="13cdc9d9-ddb5-4fa4-a97d-d965ccfc6d4b" outcome="Passed" testListId="8c84fa94-04c1-424b-9868-57a2d4851a1d" relativeResultsDirectory="05400d1d-b759-4aea-aa58-c8550c520b33" />
    <UnitTestResult executionId="58f78892-a3ea-4c0e-bc2d-96b506db9194" testId="3c3711b5-7317-8636-5165-3209bba87bef" testName="TheHashIsTakenOverAStableCanonicalText" computerName="RMS-DW-NB-01" duration="00:00:00.0007570" startTime="2026-09-13T22:19:43.5020644+10:00" endTime="2026-09-13T22:19:43.5028217+10:00" testType="13cdc9d9-ddb5-4fa4-a97d-d965ccfc6d4b" outcome="Passed" testListId="8c84fa94-04c1-424b-9868-57a2d4851a1d" relativeResultsDirectory="58f78892-a3ea-4c0e-bc2d-96b506db9194" />
    <UnitTestResult executionId="23e9320a-2448-4607-a6f6-dcb9251727b2" testId="741c87c7-2bf3-423f-b475-21c5bb98b96a" testName="ThreeConsecutiveFailuresStopTheRingAndAManualSaveResumesIt" computerName="RMS-DW-NB-01" duration="00:00:00.0012250" startTime="2026-09-13T22:19:43.5520671+10:00" endTime="2026-09-13T22:19:43.5532922+10:00" testType="13cdc9d9-ddb5-4fa4-a97d-d965ccfc6d4b" outcome="Passed" testListId="8c84fa94-04c1-424b-9868-57a2d4851a1d" relativeResultsDirectory="23e9320a-2448-4607-a6f6-dcb9251727b2" />
    <UnitTestResult executionId="454547b1-f24b-48c1-a724-753faa740412" testId="e925f1a9-b667-20e0-8c94-ee985917c4a0" testName="MoreBatchesThanThePocketsCanPayForAreClamped" computerName="RMS-DW-NB-01" duration="00:00:00.0001080" startTime="2026-09-13T22:19:43.5111458+10:00" endTime="2026-09-13T22:19:43.5112531+10:00" testType="13cdc9d9-ddb5-4fa4-a97d-d965ccfc6d4b" outcome="Passed" testListId="8c84fa94-04c1-424b-9868-57a2d4851a1d" relativeResultsDirectory="454547b1-f24b-48c1-a724-753faa740412" />
    <UnitTestResult executionId="f6957b0d-6a8a-405e-b2bf-825d400dbd7f" testId="783b5256-d4b1-c65b-89e4-fcc2acfa6ec7" testName="LoadingAVersionOneSlotLeavesTheFileUntouchedAndTheNextSaveKeepsItAsTheBackup" computerName="RMS-DW-NB-01" duration="00:00:00.0012230" startTime="2026-09-13T22:19:43.6347982+10:00" endTime="2026-09-13T22:19:43.6360205+10:00" testType="13cdc9d9-ddb5-4fa4-a97d-d965ccfc6d4b" outcome="Passed" testListId="8c84fa94-04c1-424b-9868-57a2d4851a1d" relativeResultsDirectory="f6957b0d-6a8a-405e-b2bf-825d400dbd7f" />
    <UnitTestResult executionId="a3f8b276-3e80-45cd-94a4-1d87f6b3cbbc" testId="f9256904-cef1-ec79-557d-232337915c02" testName="PlaySecondsSurvivesTheRoundTripAndIsOutsideTheHash" computerName="RMS-DW-NB-01" duration="00:00:00.0010080" startTime="2026-09-13T22:19:43.6251002+10:00" endTime="2026-09-13T22:19:43.6261078+10:00" testType="13cdc9d9-ddb5-4fa4-a97d-d965ccfc6d4b" outcome="Passed" testListId="8c84fa94-04c1-424b-9868-57a2d4851a1d" relativeResultsDirectory="a3f8b276-3e80-45cd-94a4-1d87f6b3cbbc" />
    <UnitTestResult executionId="63306aee-4c84-4856-9485-6cee46745ad2" testId="197b56c8-7a29-9812-b61b-611a6bda47d9" testName="ADamagedPrimaryOnARealDiskRecoversFromItsBackupRepeatedly" computerName="RMS-DW-NB-01" duration="00:00:00.0354320" startTime="2026-09-13T22:19:43.5541445+10:00" endTime="2026-09-13T22:19:43.5895755+10:00" testType="13cdc9d9-ddb5-4fa4-a97d-d965ccfc6d4b" outcome="Passed" testListId="8c84fa94-04c1-424b-9868-57a2d4851a1d" relativeResultsDirectory="63306aee-4c84-4856-9485-6cee46745ad2" />
    <UnitTestResult executionId="9710c021-bb04-4f42-b3e3-78f5970328bb" testId="0628053c-3a6b-6d7c-6853-470bcd32794a" testName="WalkingOutOfRangeCancelsTheRunningBatch" computerName="RMS-DW-NB-01" duration="00:00:00.0001310" startTime="2026-09-13T22:19:43.5112574+10:00" endTime="2026-09-13T22:19:43.5113887+10:00" testType="13cdc9d9-ddb5-4fa4-a97d-d965ccfc6d4b" outcome="Passed" testListId="8c84fa94-04c1-424b-9868-57a2d4851a1d" relativeResultsDirectory="9710c021-bb04-4f42-b3e3-78f5970328bb" />
    <UnitTestResult executionId="bda19cad-6ff2-426b-8b2f-ddea696510e7" testId="6c99eb71-6861-5005-0d0e-faf778fd8041" testName="H1_SaveToAFileThenLoadItBackGivesTheSameHash" computerName="RMS-DW-NB-01" duration="00:00:00.0023080" startTime="2026-09-13T22:19:43.6227785+10:00" endTime="2026-09-13T22:19:43.6250863+10:00" testType="13cdc9d9-ddb5-4fa4-a97d-d965ccfc6d4b" outcome="Passed" testListId="8c84fa94-04c1-424b-9868-57a2d4851a1d" relativeResultsDirectory="bda19cad-6ff2-426b-8b2f-ddea696510e7" />
    <UnitTestResult executionId="ec2c9a47-b0ec-4c5b-9d28-588e36bd21bc" testId="a58f3bf9-8a84-167c-8cf6-43a0ab14440c" testName="VersionZeroAndTheFutureAreStillRefusedByNumber" computerName="RMS-DW-NB-01" duration="00:00:00.0007060" startTime="2026-09-13T22:19:43.6377196+10:00" endTime="2026-09-13T22:19:43.6384259+10:00" testType="13cdc9d9-ddb5-4fa4-a97d-d965ccfc6d4b" outcome="Passed" testListId="8c84fa94-04c1-424b-9868-57a2d4851a1d" relativeResultsDirectory="ec2c9a47-b0ec-4c5b-9d28-588e36bd21bc" />
    <UnitTestResult executionId="7112ee9f-4c5e-4dc4-bec4-5b3cad801c0d" testId="ab1d9677-65e2-3b43-d899-5d97f93dd03f" testName="AnUpgradedStateKeepsRunningLikeTheOriginal" computerName="RMS-DW-NB-01" duration="00:00:00.0011150" startTime="2026-09-13T22:19:43.6283136+10:00" endTime="2026-09-13T22:19:43.6294287+10:00" testType="13cdc9d9-ddb5-4fa4-a97d-d965ccfc6d4b" outcome="Passed" testListId="8c84fa94-04c1-424b-9868-57a2d4851a1d" relativeResultsDirectory="7112ee9f-4c5e-4dc4-bec4-5b3cad801c0d" />
    <UnitTestResult executionId="cae1a2bd-fbd2-4ca8-9596-3a8aa4220338" testId="c0d52055-a715-4176-59e0-5a477c7b2d2e" testName="AFailedWriteLeavesTheBackupCopyIntact" computerName="RMS-DW-NB-01" duration="00:00:00.0017060" startTime="2026-09-13T22:19:43.5236243+10:00" endTime="2026-09-13T22:19:43.5253297+10:00" testType="13cdc9d9-ddb5-4fa4-a97d-d965ccfc6d4b" outcome="Passed" testListId="8c84fa94-04c1-424b-9868-57a2d4851a1d" relativeResultsDirectory="cae1a2bd-fbd2-4ca8-9596-3a8aa4220338" />
    <UnitTestResult executionId="34baa2fe-8db3-4183-a59b-71ea61b66bf5" testId="69b5e350-13a4-a3c2-3a48-d4eb6bddb68c" testName="TheRingKeepsThreeSlotsAndOverwritesTheOldest" computerName="RMS-DW-NB-01" duration="00:00:00.0023310" startTime="2026-09-13T22:19:43.5493600+10:00" endTime="2026-09-13T22:19:43.5516911+10:00" testType="13cdc9d9-ddb5-4fa4-a97d-d965ccfc6d4b" outcome="Passed" testListId="8c84fa94-04c1-424b-9868-57a2d4851a1d" relativeResultsDirectory="34baa2fe-8db3-4183-a59b-71ea61b66bf5" />
    <UnitTestResult executionId="0a41c1aa-c73a-41e1-8ffc-462a134c3ab9" testId="6a184a4f-fdd9-db26-79c1-fcb83f0df8c3" testName="CancellingWithNoBackpackRoomHoldsThePlatesAsAPendingRefund" computerName="RMS-DW-NB-01" duration="00:00:00.0002030" startTime="2026-09-13T22:19:43.5109379+10:00" endTime="2026-09-13T22:19:43.5111406+10:00" testType="13cdc9d9-ddb5-4fa4-a97d-d965ccfc6d4b" outcome="Passed" testListId="8c84fa94-04c1-424b-9868-57a2d4851a1d" relativeResultsDirectory="0a41c1aa-c73a-41e1-8ffc-462a134c3ab9" />
    <UnitTestResult executionId="fb5034c0-166f-426b-b10b-f53b92cec310" testId="be504b75-1c4b-6a07-5cf6-92bea9833dd8" testName="AnIndexEntryForAMissingFileIsDropped" computerName="RMS-DW-NB-01" duration="00:00:00.0011730" startTime="2026-09-13T22:19:43.5943152+10:00" endTime="2026-09-13T22:19:43.5954880+10:00" testType="13cdc9d9-ddb5-4fa4-a97d-d965ccfc6d4b" outcome="Passed" testListId="8c84fa94-04c1-424b-9868-57a2d4851a1d" relativeResultsDirectory="fb5034c0-166f-426b-b10b-f53b92cec310" />
    <UnitTestResult executionId="40603834-740e-44b6-8b94-e68cba3589dc" testId="c8d3df5c-2c87-5d37-0bca-d540ca766709" testName="LoadingTheNewestAutosaveGivesTheStateThatWasSaved" computerName="RMS-DW-NB-01" duration="00:00:00.0016120" startTime="2026-09-13T22:19:43.5411244+10:00" endTime="2026-09-13T22:19:43.5427362+10:00" testType="13cdc9d9-ddb5-4fa4-a97d-d965ccfc6d4b" outcome="Passed" testListId="8c84fa94-04c1-424b-9868-57a2d4851a1d" relativeResultsDirectory="40603834-740e-44b6-8b94-e68cba3589dc" />
    <UnitTestResult executionId="573aa84a-9366-4396-88db-48593133b8dd" testId="f43128dd-966c-80d5-2e78-6845c2a7d82e" testName="EveryVisitedFieldReachesTheCanonicalText" computerName="RMS-DW-NB-01" duration="00:00:00.0028370" startTime="2026-09-13T22:19:43.4808446+10:00" endTime="2026-09-13T22:19:43.4836814+10:00" testType="13cdc9d9-ddb5-4fa4-a97d-d965ccfc6d4b" outcome="Passed" testListId="8c84fa94-04c1-424b-9868-57a2d4851a1d" relativeResultsDirectory="573aa84a-9366-4396-88db-48593133b8dd" />
    <UnitTestResult executionId="ecc6581f-5b06-422c-88cf-959a960deeca" testId="0acc2601-51ef-5f02-a478-1812e78875b8" testName="ADamagedSaveFallsBackToItsPreviousCopy" computerName="RMS-DW-NB-01" duration="00:00:00.0010169" startTime="2026-09-13T22:19:43.6047182+10:00" endTime="2026-09-13T22:19:43.6057345+10:00" testType="13cdc9d9-ddb5-4fa4-a97d-d965ccfc6d4b" outcome="Passed" testListId="8c84fa94-04c1-424b-9868-57a2d4851a1d" relativeResultsDirectory="ecc6581f-5b06-422c-88cf-959a960deeca" />
    <UnitTestResult executionId="30885cbc-c952-4185-ab1e-8bd2e584c6fa" testId="24131e5b-09f8-96ed-bb29-81c3dd066b6f" testName="ARetryAfterALockUsesAFreshTempName" computerName="RMS-DW-NB-01" duration="00:00:00.0006890" startTime="2026-09-13T22:19:43.5401351+10:00" endTime="2026-09-13T22:19:43.5408241+10:00" testType="13cdc9d9-ddb5-4fa4-a97d-d965ccfc6d4b" outcome="Passed" testListId="8c84fa94-04c1-424b-9868-57a2d4851a1d" relativeResultsDirectory="30885cbc-c952-4185-ab1e-8bd2e584c6fa" />
    <UnitTestResult executionId="b13ea611-81c0-411d-be01-cc32c6f130f9" testId="bc42ff52-0bb3-8d8b-a8ea-688133253f8b" testName="ALeadingByteOrderMarkIsTolerated" computerName="RMS-DW-NB-01" duration="00:00:00.0007180" startTime="2026-09-13T22:19:43.6071129+10:00" endTime="2026-09-13T22:19:43.6078310+10:00" testType="13cdc9d9-ddb5-4fa4-a97d-d965ccfc6d4b" outcome="Passed" testListId="8c84fa94-04c1-424b-9868-57a2d4851a1d" relativeResultsDirectory="b13ea611-81c0-411d-be01-cc32c6f130f9" />
    <UnitTestResult executionId="31ce6e36-d67e-4b44-a83b-22016fb0aad3" testId="6784ef28-6adf-36aa-f6f5-9ffd76dd048a" testName="SavingToARefusedNameWritesNothing" computerName="RMS-DW-NB-01" duration="00:00:00.0002860" startTime="2026-09-13T22:19:43.6128214+10:00" endTime="2026-09-13T22:19:43.6131077+10:00" testType="13cdc9d9-ddb5-4fa4-a97d-d965ccfc6d4b" outcome="Passed" testListId="8c84fa94-04c1-424b-9868-57a2d4851a1d" relativeResultsDirectory="31ce6e36-d67e-4b44-a83b-22016fb0aad3" />
    <UnitTestResult executionId="8301bff3-8da4-4df8-ba41-21e4ba80c80e" testId="bfcfb595-067c-4d0f-e73e-9e8e7048f928" testName="AVersionOneSaveWithNoChecksumIsRefused" computerName="RMS-DW-NB-01" duration="00:00:00.0005910" startTime="2026-09-13T22:19:43.6341922+10:00" endTime="2026-09-13T22:19:43.6347836+10:00" testType="13cdc9d9-ddb5-4fa4-a97d-d965ccfc6d4b" outcome="Passed" testListId="8c84fa94-04c1-424b-9868-57a2d4851a1d" relativeResultsDirectory="8301bff3-8da4-4df8-ba41-21e4ba80c80e" />
    <UnitTestResult executionId="2f463e0c-732e-4451-92d7-806f85eab56a" testId="5239b41f-a7c2-0c89-a34e-0f3e316c7940" testName="AnEditedStateIsCaughtByTheChecksum" computerName="RMS-DW-NB-01" duration="00:00:00.0006770" startTime="2026-09-13T22:19:43.6079667+10:00" endTime="2026-09-13T22:19:43.6086436+10:00" testType="13cdc9d9-ddb5-4fa4-a97d-d965ccfc6d4b" outcome="Passed" testListId="8c84fa94-04c1-424b-9868-57a2d4851a1d" relativeResultsDirectory="2f463e0c-732e-4451-92d7-806f85eab56a" />
    <UnitTestResult executionId="ce7e8747-173a-4aef-99ce-0f207683e129" testId="fd8ea610-7912-7d98-d3f1-beb3d06262e2" testName="AManualSlotCannotBeNamedIntoTheAutosaveNameSpace" computerName="RMS-DW-NB-01" duration="00:00:00.0001150" startTime="2026-09-13T22:19:43.6078458+10:00" endTime="2026-09-13T22:19:43.6079608+10:00" testType="13cdc9d9-ddb5-4fa4-a97d-d965ccfc6d4b" outcome="Passed" testListId="8c84fa94-04c1-424b-9868-57a2d4851a1d" relativeResultsDirectory="ce7e8747-173a-4aef-99ce-0f207683e129" />
    <UnitTestResult executionId="0ea85135-3cd6-4955-b2b8-8c564268adb4" testId="d0e8c427-6a7a-b62a-9415-d43f2ae99939" testName="AVersionOneHeaderIsListable" computerName="RMS-DW-NB-01" duration="00:00:00.0005860" startTime="2026-09-13T22:19:43.6325590+10:00" endTime="2026-09-13T22:19:43.6331449+10:00" testType="13cdc9d9-ddb5-4fa4-a97d-d965ccfc6d4b" outcome="Passed" testListId="8c84fa94-04c1-424b-9868-57a2d4851a1d" relativeResultsDirectory="0ea85135-3cd6-4955-b2b8-8c564268adb4" />
    <UnitTestResult executionId="185a6925-8697-4a4b-b5ed-68b1f19bb35f" testId="84537230-e330-104d-87cc-6cd7ef200ff6" testName="APendingRefundIsDeliveredAfterThePlayerMovesItemsIntoChests" computerName="RMS-DW-NB-01" duration="00:00:00.0010260" startTime="2026-09-13T22:19:43.5090646+10:00" endTime="2026-09-13T22:19:43.5100907+10:00" testType="13cdc9d9-ddb5-4fa4-a97d-d965ccfc6d4b" outcome="Passed" testListId="8c84fa94-04c1-424b-9868-57a2d4851a1d" relativeResultsDirectory="185a6925-8697-4a4b-b5ed-68b1f19bb35f" />
    <UnitTestResult executionId="4f1ae3b8-c1c3-4471-88fa-68a2628c8a66" testId="4cd1f9f4-5a63-e5f4-d11e-9f8242f24360" testName="ASaveMadeAfterAnUpgradeIsAnOrdinaryCurrentFile" computerName="RMS-DW-NB-01" duration="00:00:00.0014040" startTime="2026-09-13T22:19:43.6294438+10:00" endTime="2026-09-13T22:19:43.6308472+10:00" testType="13cdc9d9-ddb5-4fa4-a97d-d965ccfc6d4b" outcome="Passed" testListId="8c84fa94-04c1-424b-9868-57a2d4851a1d" relativeResultsDirectory="4f1ae3b8-c1c3-4471-88fa-68a2628c8a66" />
    <UnitTestResult executionId="75ff67ce-449b-4c64-97e5-1432073086dd" testId="79b33371-ca44-8ccf-9478-a4e00f5f26ee" testName="TheCanonicalEmitterReproducesTheWriterExactly" computerName="RMS-DW-NB-01" duration="00:00:00.0016710" startTime="2026-09-13T22:19:43.6360351+10:00" endTime="2026-09-13T22:19:43.6377061+10:00" testType="13cdc9d9-ddb5-4fa4-a97d-d965ccfc6d4b" outcome="Passed" testListId="8c84fa94-04c1-424b-9868-57a2d4851a1d" relativeResultsDirectory="75ff67ce-449b-4c64-97e5-1432073086dd" />
    <UnitTestResult executionId="c3ef36a9-40fe-4433-abc1-15888108a639" testId="f92062e9-ff9b-88df-f0e8-03b200bcbc64" testName="AnInjectedWriteFailureLeavesThePreviousAutosaveLoadable" computerName="RMS-DW-NB-01" duration="00:00:00.0015050" startTime="2026-09-13T22:19:43.5376280+10:00" endTime="2026-09-13T22:19:43.5391323+10:00" testType="13cdc9d9-ddb5-4fa4-a97d-d965ccfc6d4b" outcome="Passed" testListId="8c84fa94-04c1-424b-9868-57a2d4851a1d" relativeResultsDirectory="c3ef36a9-40fe-4433-abc1-15888108a639" />
    <UnitTestResult executionId="8a569156-1d98-4252-9709-906c1c86364a" testId="dc104052-f89a-31d1-47ab-9f2e311955a3" testName="WritingTheSameStateTwiceGivesTheSameDocument" computerName="RMS-DW-NB-01" duration="00:00:00.0005440" startTime="2026-09-13T22:19:43.6261230+10:00" endTime="2026-09-13T22:19:43.6266666+10:00" testType="13cdc9d9-ddb5-4fa4-a97d-d965ccfc6d4b" outcome="Passed" testListId="8c84fa94-04c1-424b-9868-57a2d4851a1d" relativeResultsDirectory="8a569156-1d98-4252-9709-906c1c86364a" />
    <UnitTestResult executionId="c9f61eb0-4751-4900-ac24-57980bafb768" testId="78fdbe63-f4fc-9859-544e-badee027b2da" testName="NoSaveAndNoUsableCopyAreStillRefused" computerName="RMS-DW-NB-01" duration="00:00:00.0009120" startTime="2026-09-13T22:19:43.6009617+10:00" endTime="2026-09-13T22:19:43.6018740+10:00" testType="13cdc9d9-ddb5-4fa4-a97d-d965ccfc6d4b" outcome="Passed" testListId="8c84fa94-04c1-424b-9868-57a2d4851a1d" relativeResultsDirectory="c9f61eb0-4751-4900-ac24-57980bafb768" />
    <UnitTestResult executionId="78b84881-9dbd-47e6-b5b8-b8200e58a85e" testId="c231b817-9765-56f7-7769-27ac32daa8c2" testName="ConservationHoldsAtTheEndOfTheShortRun" computerName="RMS-DW-NB-01" duration="00:00:00.0333970" startTime="2026-09-13T22:19:43.4446789+10:00" endTime="2026-09-13T22:19:43.4780411+10:00" testType="13cdc9d9-ddb5-4fa4-a97d-d965ccfc6d4b" outcome="Passed" testListId="8c84fa94-04c1-424b-9868-57a2d4851a1d" relativeResultsDirectory="78b84881-9dbd-47e6-b5b8-b8200e58a85e" />
    <UnitTestResult executionId="c7d9430c-04cf-434c-a1db-4d8332ae3055" testId="75e4af4c-851b-0916-126c-e63c79c1a0ec" testName="AFileThatClaimsVersionOneButCarriesTheNewFieldsIsRefusedAndLeftAlone" computerName="RMS-DW-NB-01" duration="00:00:00.0015250" startTime="2026-09-13T22:19:43.6267747+10:00" endTime="2026-09-13T22:19:43.6282992+10:00" testType="13cdc9d9-ddb5-4fa4-a97d-d965ccfc6d4b" outcome="Passed" testListId="8c84fa94-04c1-424b-9868-57a2d4851a1d" relativeResultsDirectory="c7d9430c-04cf-434c-a1db-4d8332ae3055" />
    <UnitTestResult executionId="f9b3eae5-b229-4215-a30c-faed5d25f939" testId="d9047482-b352-cc44-9b23-c692a3f877f0" testName="AFailedRestoreKeepsTheBackupAndStillLoads" computerName="RMS-DW-NB-01" duration="00:00:00.0013090" startTime="2026-09-13T22:19:43.5929899+10:00" endTime="2026-09-13T22:19:43.5942985+10:00" testType="13cdc9d9-ddb5-4fa4-a97d-d965ccfc6d4b" outcome="Passed" testListId="8c84fa94-04c1-424b-9868-57a2d4851a1d" relativeResultsDirectory="f9b3eae5-b229-4215-a30c-faed5d25f939" />
    <UnitTestResult executionId="3b9dbc1e-296b-409a-b82c-87cbe73ee852" testId="0da6ad53-ac01-7520-f3b1-262b2f4643dc" testName="CancellingAgainWhileARefundIsStillOutstandingBalances" computerName="RMS-DW-NB-01" duration="00:00:00.0005050" startTime="2026-09-13T22:19:43.5100996+10:00" endTime="2026-09-13T22:19:43.5106045+10:00" testType="13cdc9d9-ddb5-4fa4-a97d-d965ccfc6d4b" outcome="Passed" testListId="8c84fa94-04c1-424b-9868-57a2d4851a1d" relativeResultsDirectory="3b9dbc1e-296b-409a-b82c-87cbe73ee852" />
    <UnitTestResult executionId="899069a9-3212-47d5-85e4-e7d22d095906" testId="c38a7319-9f32-238e-b03e-b5ac1fac00f7" testName="ASlotNameCannotEscapeTheSavesFolder" computerName="RMS-DW-NB-01" duration="00:00:00.0001540" startTime="2026-09-13T22:19:43.6105850+10:00" endTime="2026-09-13T22:19:43.6107390+10:00" testType="13cdc9d9-ddb5-4fa4-a97d-d965ccfc6d4b" outcome="Passed" testListId="8c84fa94-04c1-424b-9868-57a2d4851a1d" relativeResultsDirectory="899069a9-3212-47d5-85e4-e7d22d095906" />
    <UnitTestResult executionId="d28b540b-aea4-442b-88c1-b8d337581f7c" testId="4d634201-4cb4-7942-a66e-bfc8ae484cea" testName="IrregularRealSecondsBuyExactlyTheTicksTheyPayFor" computerName="RMS-DW-NB-01" duration="00:00:00.0019300" startTime="2026-09-13T22:19:43.4880882+10:00" endTime="2026-09-13T22:19:43.4900175+10:00" testType="13cdc9d9-ddb5-4fa4-a97d-d965ccfc6d4b" outcome="Passed" testListId="8c84fa94-04c1-424b-9868-57a2d4851a1d" relativeResultsDirectory="d28b540b-aea4-442b-88c1-b8d337581f7c" />
    <UnitTestResult executionId="b46049e4-e25c-4c2e-ab90-81fe245e222f" testId="f39f9fe3-0600-0f37-8931-99509a178b9f" testName="ASaveWithNoVersionIsRefused" computerName="RMS-DW-NB-01" duration="00:00:00.0001000" startTime="2026-09-13T22:19:43.6104784+10:00" endTime="2026-09-13T22:19:43.6105786+10:00" testType="13cdc9d9-ddb5-4fa4-a97d-d965ccfc6d4b" outcome="Passed" testListId="8c84fa94-04c1-424b-9868-57a2d4851a1d" relativeResultsDirectory="b46049e4-e25c-4c2e-ab90-81fe245e222f" />
    <UnitTestResult executionId="795271b9-3300-4389-b7e4-4b4af35a2555" testId="d35a5e14-fc05-ca47-268f-8ec3597aaa4d" testName="AFailedIndexWriteDoesNotHideOrDestroyTheNewestAutosave" computerName="RMS-DW-NB-01" duration="00:00:00.0032490" startTime="2026-09-13T22:19:43.5897169+10:00" endTime="2026-09-13T22:19:43.5929659+10:00" testType="13cdc9d9-ddb5-4fa4-a97d-d965ccfc6d4b" outcome="Passed" testListId="8c84fa94-04c1-424b-9868-57a2d4851a1d" relativeResultsDirectory="795271b9-3300-4389-b7e4-4b4af35a2555" />
    <UnitTestResult executionId="a0ae9670-1165-4f3b-934b-304ad84405ef" testId="aff3b2d7-e7c8-1636-ad41-98ae2720e235" testName="APendingRefundDrainsIntoThePocketsAsSoonAsThereIsRoom" computerName="RMS-DW-NB-01" duration="00:00:00.0007010" startTime="2026-09-13T22:19:43.5083555+10:00" endTime="2026-09-13T22:19:43.5090563+10:00" testType="13cdc9d9-ddb5-4fa4-a97d-d965ccfc6d4b" outcome="Passed" testListId="8c84fa94-04c1-424b-9868-57a2d4851a1d" relativeResultsDirectory="a0ae9670-1165-4f3b-934b-304ad84405ef" />
    <UnitTestResult executionId="f437565b-4f74-4b0b-8833-d1cf25fdc294" testId="44ba14f5-2754-1cc9-f6c0-7ce6a03c5293" testName="ALostIndexIsRebuiltFromTheFilesRatherThanRestartingAtSlotOne" computerName="RMS-DW-NB-01" duration="00:00:00.0052920" startTime="2026-09-13T22:19:43.5260136+10:00" endTime="2026-09-13T22:19:43.5313056+10:00" testType="13cdc9d9-ddb5-4fa4-a97d-d965ccfc6d4b" outcome="Passed" testListId="8c84fa94-04c1-424b-9868-57a2d4851a1d" relativeResultsDirectory="f437565b-4f74-4b0b-8833-d1cf25fdc294" />
    <UnitTestResult executionId="9fff2ad9-e7f6-420a-82e4-7c0fddcfc771" testId="83612dee-659f-e73f-a4b8-c632693a01e4" testName="AutosavingCanBeTurnedOff" computerName="RMS-DW-NB-01" duration="00:00:00.0002720" startTime="2026-09-13T22:19:43.5408390+10:00" endTime="2026-09-13T22:19:43.5411112+10:00" testType="13cdc9d9-ddb5-4fa4-a97d-d965ccfc6d4b" outcome="Passed" testListId="8c84fa94-04c1-424b-9868-57a2d4851a1d" relativeResultsDirectory="9fff2ad9-e7f6-420a-82e4-7c0fddcfc771" />
    <UnitTestResult executionId="1a6d4104-edd2-4c39-8502-58e819b13b5a" testId="8a316820-2161-552a-8718-273ebb8a6096" testName="ALoadedStateStillBalances" computerName="RMS-DW-NB-01" duration="00:00:00.0024900" startTime="2026-09-13T22:19:43.6131840+10:00" endTime="2026-09-13T22:19:43.6156737+10:00" testType="13cdc9d9-ddb5-4fa4-a97d-d965ccfc6d4b" outcome="Passed" testListId="8c84fa94-04c1-424b-9868-57a2d4851a1d" relativeResultsDirectory="1a6d4104-edd2-4c39-8502-58e819b13b5a" />
    <UnitTestResult executionId="3944feb3-a7d4-4e7d-9db2-32917b4adae3" testId="778c9063-391a-5587-8084-de9c23bec7d5" testName="EventsAreNotSavedAndDoNotChangeTheHash" computerName="RMS-DW-NB-01" duration="00:00:00.0022590" startTime="2026-09-13T22:19:43.6156924+10:00" endTime="2026-09-13T22:19:43.6179513+10:00" testType="13cdc9d9-ddb5-4fa4-a97d-d965ccfc6d4b" outcome="Passed" testListId="8c84fa94-04c1-424b-9868-57a2d4851a1d" relativeResultsDirectory="3944feb3-a7d4-4e7d-9db2-32917b4adae3" />
    <UnitTestResult executionId="6b3a9974-9a65-4c38-b691-2d4848399e78" testId="c217779f-4e20-390b-0230-79f871acab8b" testName="AnOutstandingRefundSurvivesASaveAndLoad" computerName="RMS-DW-NB-01" duration="00:00:00.0031310" startTime="2026-09-13T22:19:43.5052105+10:00" endTime="2026-09-13T22:19:43.5083417+10:00" testType="13cdc9d9-ddb5-4fa4-a97d-d965ccfc6d4b" outcome="Passed" testListId="8c84fa94-04c1-424b-9868-57a2d4851a1d" relativeResultsDirectory="6b3a9974-9a65-4c38-b691-2d4848399e78" />
    <UnitTestResult executionId="a5736cdd-5ffa-4ffd-8ab1-010231f2c6ba" testId="4e7eb5ca-faf3-9c79-3243-be818ed5c71f" testName="ALongStallProducesOneAutosaveNotABurst" computerName="RMS-DW-NB-01" duration="00:00:00.0006630" startTime="2026-09-13T22:19:43.5253418+10:00" endTime="2026-09-13T22:19:43.5260047+10:00" testType="13cdc9d9-ddb5-4fa4-a97d-d965ccfc6d4b" outcome="Passed" testListId="8c84fa94-04c1-424b-9868-57a2d4851a1d" relativeResultsDirectory="a5736cdd-5ffa-4ffd-8ab1-010231f2c6ba" />
    <UnitTestResult executionId="7a958ad1-7231-4ef5-b14a-500bb7a0249c" testId="5b377c07-d900-fa77-813f-a9b61b3ff3ff" testName="TheRingRefusesAnyPathOutsideItsOwnFolder" computerName="RMS-DW-NB-01" duration="00:00:00.0003420" startTime="2026-09-13T22:19:43.5517113+10:00" endTime="2026-09-13T22:19:43.5520529+10:00" testType="13cdc9d9-ddb5-4fa4-a97d-d965ccfc6d4b" outcome="Passed" testListId="8c84fa94-04c1-424b-9868-57a2d4851a1d" relativeResultsDirectory="7a958ad1-7231-4ef5-b14a-500bb7a0249c" />
    <UnitTestResult executionId="0a0c5e2c-f2dc-4420-a501-0f74304ad8cf" testId="bb78cf60-8798-3b2d-5de8-ba4cfc67562c" testName="ADamagedNewestAutosaveFallsBackToTheNextOldest" computerName="RMS-DW-NB-01" duration="00:00:00.0120390" startTime="2026-09-13T22:19:43.5115661+10:00" endTime="2026-09-13T22:19:43.5236044+10:00" testType="13cdc9d9-ddb5-4fa4-a97d-d965ccfc6d4b" outcome="Passed" testListId="8c84fa94-04c1-424b-9868-57a2d4851a1d" relativeResultsDirectory="0a0c5e2c-f2dc-4420-a501-0f74304ad8cf" />
    <UnitTestResult executionId="a9235c7e-1ed3-4447-bfb5-f4d0686b6383" testId="acad4ed6-3239-e959-7467-448035a380a9" testName="WithoutADepotEveryCraftIsRefused" computerName="RMS-DW-NB-01" duration="00:00:00.0001040" startTime="2026-09-13T22:19:43.5113927+10:00" endTime="2026-09-13T22:19:43.5114967+10:00" testType="13cdc9d9-ddb5-4fa4-a97d-d965ccfc6d4b" outcome="Passed" testListId="8c84fa94-04c1-424b-9868-57a2d4851a1d" relativeResultsDirectory="a9235c7e-1ed3-4447-bfb5-f4d0686b6383" />
    <UnitTestResult executionId="a07712c8-3a5b-4928-9c6d-b641bf75e611" testId="e58447f5-a463-cb38-c4f4-30722dc06ad2" testName="AVersionOneAutosaveIsReadInTheRingAndNotTreatedAsRubbish" computerName="RMS-DW-NB-01" duration="00:00:00.0010620" startTime="2026-09-13T22:19:43.6314842+10:00" endTime="2026-09-13T22:19:43.6325456+10:00" testType="13cdc9d9-ddb5-4fa4-a97d-d965ccfc6d4b" outcome="Passed" testListId="8c84fa94-04c1-424b-9868-57a2d4851a1d" relativeResultsDirectory="a07712c8-3a5b-4928-9c6d-b641bf75e611" />
    <UnitTestResult executionId="d0615e05-e7f6-4ef8-b574-ecc8fbd06dea" testId="1773d744-e777-2a63-c4e9-bfc338a2db74" testName="ARingSlotThatExistsOnlyAsABackupIsStillRecoverable" computerName="RMS-DW-NB-01" duration="00:00:00.0014370" startTime="2026-09-13T22:19:43.5983347+10:00" endTime="2026-09-13T22:19:43.5997715+10:00" testType="13cdc9d9-ddb5-4fa4-a97d-d965ccfc6d4b" outcome="Passed" testListId="8c84fa94-04c1-424b-9868-57a2d4851a1d" relativeResultsDirectory="d0615e05-e7f6-4ef8-b574-ecc8fbd06dea" />
    <UnitTestResult executionId="fee94cee-f3c1-4961-b62d-ca7bc6d3cbf9" testId="c17dff38-c06b-4a7a-103c-040f8caa7fd8" testName="ACompletedBatchMakesTenBulletsFromTwoSteelAndOneCopper" computerName="RMS-DW-NB-01" duration="00:00:00.0011150" startTime="2026-09-13T22:19:43.5040812+10:00" endTime="2026-09-13T22:19:43.5051960+10:00" testType="13cdc9d9-ddb5-4fa4-a97d-d965ccfc6d4b" outcome="Passed" testListId="8c84fa94-04c1-424b-9868-57a2d4851a1d" relativeResultsDirectory="fee94cee-f3c1-4961-b62d-ca7bc6d3cbf9" />
  </Results>
  <TestDefinitions>
    <UnitTest name="AFileThatClaimsVersionOneButCarriesTheNewFieldsIsRefusedAndLeftAlone" storage="c:\users\dw\appdata\local\temp\relight-loose-ends\simtests\bin\debug\net8.0\relight.sim.tests.scratch.dll" id="75e4af4c-851b-0916-126c-e63c79c1a0ec">
      <Execution id="c7d9430c-04cf-434c-a1db-4d8332ae3055" />
      <TestMethod codeBase="C:\Users\dw\AppData\Local\Temp\relight-loose-ends\simtests\bin\Debug\net8.0\Relight.Sim.Tests.Scratch.dll" adapterTypeName="executor://nunit3testexecutor/" className="Relight.Sim.Tests.Persistence.SaveUpgradeTests" name="AFileThatClaimsVersionOneButCarriesTheNewFieldsIsRefusedAndLeftAlone" />
    </UnitTest>
    <UnitTest name="ARefusedLoadLeavesTheRunningGameAndTheGoodSaveUntouched" storage="c:\users\dw\appdata\local\temp\relight-loose-ends\simtests\bin\debug\net8.0\relight.sim.tests.scratch.dll" id="bcac0c3c-8951-a09e-a362-b9d75bb4c09a">
      <Execution id="82ee5043-8800-4d77-a733-3353f17507c0" />
      <TestMethod codeBase="C:\Users\dw\AppData\Local\Temp\relight-loose-ends\simtests\bin\Debug\net8.0\Relight.Sim.Tests.Scratch.dll" adapterTypeName="executor://nunit3testexecutor/" className="Relight.Sim.Tests.Persistence.SaveRefusalTests" name="ARefusedLoadLeavesTheRunningGameAndTheGoodSaveUntouched" />
    </UnitTest>
    <UnitTest name="AFileFromAnotherProgramIsRefused" storage="c:\users\dw\appdata\local\temp\relight-loose-ends\simtests\bin\debug\net8.0\relight.sim.tests.scratch.dll" id="275f737e-ea5d-5277-b9fc-769f424fcb5d">
      <Execution id="40f691da-011c-4de8-927a-9617cf4ea74c" />
      <TestMethod codeBase="C:\Users\dw\AppData\Local\Temp\relight-loose-ends\simtests\bin\Debug\net8.0\Relight.Sim.Tests.Scratch.dll" adapterTypeName="executor://nunit3testexecutor/" className="Relight.Sim.Tests.Persistence.SaveRefusalTests" name="AFileFromAnotherProgramIsRefused" />
    </UnitTest>
    <UnitTest name="TheHashIsTakenOverAStableCanonicalText" storage="c:\users\dw\appdata\local\temp\relight-loose-ends\simtests\bin\debug\net8.0\relight.sim.tests.scratch.dll" id="3c3711b5-7317-8636-5165-3209bba87bef">
      <Execution id="58f78892-a3ea-4c0e-bc2d-96b506db9194" />
      <TestMethod codeBase="C:\Users\dw\AppData\Local\Temp\relight-loose-ends\simtests\bin\Debug\net8.0\Relight.Sim.Tests.Scratch.dll" adapterTypeName="executor://nunit3testexecutor/" className="Relight.Sim.Tests.Determinism.SharedChecksTests" name="TheHashIsTakenOverAStableCanonicalText" />
    </UnitTest>
    <UnitTest name="AFutureSchemaVersionIsRefusedByNumber" storage="c:\users\dw\appdata\local\temp\relight-loose-ends\simtests\bin\debug\net8.0\relight.sim.tests.scratch.dll" id="82aebd1f-da3f-fd95-94f7-0be6c3b58068">
      <Execution id="da170805-dcd9-464b-88c1-802a90aad5a8" />
      <TestMethod codeBase="C:\Users\dw\AppData\Local\Temp\relight-loose-ends\simtests\bin\Debug\net8.0\Relight.Sim.Tests.Scratch.dll" adapterTypeName="executor://nunit3testexecutor/" className="Relight.Sim.Tests.Persistence.SaveRefusalTests" name="AFutureSchemaVersionIsRefusedByNumber" />
    </UnitTest>
    <UnitTest name="RecoveringFromTheBackupWorksTwiceAndLeavesTheSlotWhereItWas" storage="c:\users\dw\appdata\local\temp\relight-loose-ends\simtests\bin\debug\net8.0\relight.sim.tests.scratch.dll" id="a4dd766b-5de7-4c8f-1294-d8f0cbd1db8d">
      <Execution id="2fae6820-5430-4696-8cfa-9b37699546e1" />
      <TestMethod codeBase="C:\Users\dw\AppData\Local\Temp\relight-loose-ends\simtests\bin\Debug\net8.0\Relight.Sim.Tests.Scratch.dll" adapterTypeName="executor://nunit3testexecutor/" className="Relight.Sim.Tests.Persistence.RecoveryTests" name="RecoveringFromTheBackupWorksTwiceAndLeavesTheSlotWhereItWas" />
    </UnitTest>
    <UnitTest name="ATamperedVersionOneSaveIsRefusedAsDamagedNotUpgraded" storage="c:\users\dw\appdata\local\temp\relight-loose-ends\simtests\bin\debug\net8.0\relight.sim.tests.scratch.dll" id="835064d1-ccf6-ca14-2295-b49096dd83ea">
      <Execution id="1047a548-365b-4852-96cc-fabe28576d76" />
      <TestMethod codeBase="C:\Users\dw\AppData\Local\Temp\relight-loose-ends\simtests\bin\Debug\net8.0\Relight.Sim.Tests.Scratch.dll" adapterTypeName="executor://nunit3testexecutor/" className="Relight.Sim.Tests.Persistence.SaveUpgradeTests" name="ATamperedVersionOneSaveIsRefusedAsDamagedNotUpgraded" />
    </UnitTest>
    <UnitTest name="H1_ALoadedStateKeepsRunningIdenticallyToTheOneItCameFrom" storage="c:\users\dw\appdata\local\temp\relight-loose-ends\simtests\bin\debug\net8.0\relight.sim.tests.scratch.dll" id="2f2961ee-a68e-841b-9134-959dc278f6f5">
      <Execution id="685226a4-ba46-4a01-b6fb-c41f62f52e6b" />
      <TestMethod codeBase="C:\Users\dw\AppData\Local\Temp\relight-loose-ends\simtests\bin\Debug\net8.0\Relight.Sim.Tests.Scratch.dll" adapterTypeName="executor://nunit3testexecutor/" className="Relight.Sim.Tests.Persistence.SaveRoundTripTests" name="H1_ALoadedStateKeepsRunningIdenticallyToTheOneItCameFrom" />
    </UnitTest>
    <UnitTest name="BytesThatAreNotTextAreRefused" storage="c:\users\dw\appdata\local\temp\relight-loose-ends\simtests\bin\debug\net8.0\relight.sim.tests.scratch.dll" id="5ad840eb-00fe-0477-d36b-f2e1ea36c8e8">
      <Execution id="9fed39b0-78bf-4610-a6f6-5f1fe25e91b7" />
      <TestMethod codeBase="C:\Users\dw\AppData\Local\Temp\relight-loose-ends\simtests\bin\Debug\net8.0\Relight.Sim.Tests.Scratch.dll" adapterTypeName="executor://nunit3testexecutor/" className="Relight.Sim.Tests.Persistence.SaveRefusalTests" name="BytesThatAreNotTextAreRefused" />
    </UnitTest>
    <UnitTest name="ARetryAfterALockUsesAFreshTempName" storage="c:\users\dw\appdata\local\temp\relight-loose-ends\simtests\bin\debug\net8.0\relight.sim.tests.scratch.dll" id="24131e5b-09f8-96ed-bb29-81c3dd066b6f">
      <Execution id="30885cbc-c952-4185-ab1e-8bd2e584c6fa" />
      <TestMethod codeBase="C:\Users\dw\AppData\Local\Temp\relight-loose-ends\simtests\bin\Debug\net8.0\Relight.Sim.Tests.Scratch.dll" adapterTypeName="executor://nunit3testexecutor/" className="Relight.Sim.Tests.Persistence.AutosaveTests" name="ARetryAfterALockUsesAFreshTempName" />
    </UnitTest>
    <UnitTest name="ConservationHoldsAtTheEndOfTheShortRun" storage="c:\users\dw\appdata\local\temp\relight-loose-ends\simtests\bin\debug\net8.0\relight.sim.tests.scratch.dll" id="c231b817-9765-56f7-7769-27ac32daa8c2">
      <Execution id="78b84881-9dbd-47e6-b5b8-b8200e58a85e" />
      <TestMethod codeBase="C:\Users\dw\AppData\Local\Temp\relight-loose-ends\simtests\bin\Debug\net8.0\Relight.Sim.Tests.Scratch.dll" adapterTypeName="executor://nunit3testexecutor/" className="Relight.Sim.Tests.Determinism.SharedChecksTests" name="ConservationHoldsAtTheEndOfTheShortRun" />
    </UnitTest>
    <UnitTest name="AJsonDocumentThatIsNotASaveIsRefused" storage="c:\users\dw\appdata\local\temp\relight-loose-ends\simtests\bin\debug\net8.0\relight.sim.tests.scratch.dll" id="8bc780b9-14b3-4c40-bc12-ebdd741c55db">
      <Execution id="0b740b0b-b420-4d22-b159-419165d721c9" />
      <TestMethod codeBase="C:\Users\dw\AppData\Local\Temp\relight-loose-ends\simtests\bin\Debug\net8.0\Relight.Sim.Tests.Scratch.dll" adapterTypeName="executor://nunit3testexecutor/" className="Relight.Sim.Tests.Persistence.SaveRefusalTests" name="AJsonDocumentThatIsNotASaveIsRefused" />
    </UnitTest>
    <UnitTest name="ARingSlotThatExistsOnlyAsABackupIsStillRecoverable" storage="c:\users\dw\appdata\local\temp\relight-loose-ends\simtests\bin\debug\net8.0\relight.sim.tests.scratch.dll" id="1773d744-e777-2a63-c4e9-bfc338a2db74">
      <Execution id="d0615e05-e7f6-4ef8-b574-ecc8fbd06dea" />
      <TestMethod codeBase="C:\Users\dw\AppData\Local\Temp\relight-loose-ends\simtests\bin\Debug\net8.0\Relight.Sim.Tests.Scratch.dll" adapterTypeName="executor://nunit3testexecutor/" className="Relight.Sim.Tests.Persistence.RecoveryTests" name="ARingSlotThatExistsOnlyAsABackupIsStillRecoverable" />
    </UnitTest>
    <UnitTest name="ASaveWithNoChecksumIsRefused" storage="c:\users\dw\appdata\local\temp\relight-loose-ends\simtests\bin\debug\net8.0\relight.sim.tests.scratch.dll" id="610b0e7c-e48c-54cd-195a-b30d1e9501ce">
      <Execution id="950797f0-208a-433f-bef5-e5d4cf33946b" />
      <TestMethod codeBase="C:\Users\dw\AppData\Local\Temp\relight-loose-ends\simtests\bin\Debug\net8.0\Relight.Sim.Tests.Scratch.dll" adapterTypeName="executor://nunit3testexecutor/" className="Relight.Sim.Tests.Persistence.SaveRefusalTests" name="ASaveWithNoChecksumIsRefused" />
    </UnitTest>
    <UnitTest name="RecoverableAutosavesAreListedNewestFirst" storage="c:\users\dw\appdata\local\temp\relight-loose-ends\simtests\bin\debug\net8.0\relight.sim.tests.scratch.dll" id="4f1a1ba3-f183-80cb-d050-3559d1746721">
      <Execution id="70dcdd92-066c-4235-a0d7-93f893365451" />
      <TestMethod codeBase="C:\Users\dw\AppData\Local\Temp\relight-loose-ends\simtests\bin\Debug\net8.0\Relight.Sim.Tests.Scratch.dll" adapterTypeName="executor://nunit3testexecutor/" className="Relight.Sim.Tests.Persistence.AutosaveTests" name="RecoverableAutosavesAreListedNewestFirst" />
    </UnitTest>
    <UnitTest name="APendingRefundIsDeliveredAfterThePlayerMovesItemsIntoChests" storage="c:\users\dw\appdata\local\temp\relight-loose-ends\simtests\bin\debug\net8.0\relight.sim.tests.scratch.dll" id="84537230-e330-104d-87cc-6cd7ef200ff6">
      <Execution id="185a6925-8697-4a4b-b5ed-68b1f19bb35f" />
      <TestMethod codeBase="C:\Users\dw\AppData\Local\Temp\relight-loose-ends\simtests\bin\Debug\net8.0\Relight.Sim.Tests.Scratch.dll" adapterTypeName="executor://nunit3testexecutor/" className="Relight.Sim.Tests.HandCraftTests" name="APendingRefundIsDeliveredAfterThePlayerMovesItemsIntoChests" />
    </UnitTest>
    <UnitTest name="AnUpgradedStateKeepsRunningLikeTheOriginal" storage="c:\users\dw\appdata\local\temp\relight-loose-ends\simtests\bin\debug\net8.0\relight.sim.tests.scratch.dll" id="ab1d9677-65e2-3b43-d899-5d97f93dd03f">
      <Execution id="7112ee9f-4c5e-4dc4-bec4-5b3cad801c0d" />
      <TestMethod codeBase="C:\Users\dw\AppData\Local\Temp\relight-loose-ends\simtests\bin\Debug\net8.0\Relight.Sim.Tests.Scratch.dll" adapterTypeName="executor://nunit3testexecutor/" className="Relight.Sim.Tests.Persistence.SaveUpgradeTests" name="AnUpgradedStateKeepsRunningLikeTheOriginal" />
    </UnitTest>
    <UnitTest name="EventsAreNotSavedAndDoNotChangeTheHash" storage="c:\users\dw\appdata\local\temp\relight-loose-ends\simtests\bin\debug\net8.0\relight.sim.tests.scratch.dll" id="778c9063-391a-5587-8084-de9c23bec7d5">
      <Execution id="3944feb3-a7d4-4e7d-9db2-32917b4adae3" />
      <TestMethod codeBase="C:\Users\dw\AppData\Local\Temp\relight-loose-ends\simtests\bin\Debug\net8.0\Relight.Sim.Tests.Scratch.dll" adapterTypeName="executor://nunit3testexecutor/" className="Relight.Sim.Tests.Persistence.SaveRoundTripTests" name="EventsAreNotSavedAndDoNotChangeTheHash" />
    </UnitTest>
    <UnitTest name="ATruncatedFileIsRefusedWithThePositionOfTheDamage" storage="c:\users\dw\appdata\local\temp\relight-loose-ends\simtests\bin\debug\net8.0\relight.sim.tests.scratch.dll" id="375bcf31-6b09-4a6a-9231-6377b039add1">
      <Execution id="10b96e26-6bc3-4bbe-80b8-4075a92e17b3" />
      <TestMethod codeBase="C:\Users\dw\AppData\Local\Temp\relight-loose-ends\simtests\bin\Debug\net8.0\Relight.Sim.Tests.Scratch.dll" adapterTypeName="executor://nunit3testexecutor/" className="Relight.Sim.Tests.Persistence.SaveRefusalTests" name="ATruncatedFileIsRefusedWithThePositionOfTheDamage" />
    </UnitTest>
    <UnitTest name="ASaveWithNoVersionIsRefused" storage="c:\users\dw\appdata\local\temp\relight-loose-ends\simtests\bin\debug\net8.0\relight.sim.tests.scratch.dll" id="f39f9fe3-0600-0f37-8931-99509a178b9f">
      <Execution id="b46049e4-e25c-4c2e-ab90-81fe245e222f" />
      <TestMethod codeBase="C:\Users\dw\AppData\Local\Temp\relight-loose-ends\simtests\bin\Debug\net8.0\Relight.Sim.Tests.Scratch.dll" adapterTypeName="executor://nunit3testexecutor/" className="Relight.Sim.Tests.Persistence.SaveRefusalTests" name="ASaveWithNoVersionIsRefused" />
    </UnitTest>
    <UnitTest name="AnIndexEntryForAMissingFileIsDropped" storage="c:\users\dw\appdata\local\temp\relight-loose-ends\simtests\bin\debug\net8.0\relight.sim.tests.scratch.dll" id="be504b75-1c4b-6a07-5cf6-92bea9833dd8">
      <Execution id="fb5034c0-166f-426b-b10b-f53b92cec310" />
      <TestMethod codeBase="C:\Users\dw\AppData\Local\Temp\relight-loose-ends\simtests\bin\Debug\net8.0\Relight.Sim.Tests.Scratch.dll" adapterTypeName="executor://nunit3testexecutor/" className="Relight.Sim.Tests.Persistence.RecoveryTests" name="AnIndexEntryForAMissingFileIsDropped" />
    </UnitTest>
    <UnitTest name="AFailedIndexWriteDoesNotHideOrDestroyTheNewestAutosave" storage="c:\users\dw\appdata\local\temp\relight-loose-ends\simtests\bin\debug\net8.0\relight.sim.tests.scratch.dll" id="d35a5e14-fc05-ca47-268f-8ec3597aaa4d">
      <Execution id="795271b9-3300-4389-b7e4-4b4af35a2555" />
      <TestMethod codeBase="C:\Users\dw\AppData\Local\Temp\relight-loose-ends\simtests\bin\Debug\net8.0\Relight.Sim.Tests.Scratch.dll" adapterTypeName="executor://nunit3testexecutor/" className="Relight.Sim.Tests.Persistence.RecoveryTests" name="AFailedIndexWriteDoesNotHideOrDestroyTheNewestAutosave" />
    </UnitTest>
    <UnitTest name="TheRingRefusesAnyPathOutsideItsOwnFolder" storage="c:\users\dw\appdata\local\temp\relight-loose-ends\simtests\bin\debug\net8.0\relight.sim.tests.scratch.dll" id="5b377c07-d900-fa77-813f-a9b61b3ff3ff">
      <Execution id="7a958ad1-7231-4ef5-b14a-500bb7a0249c" />
      <TestMethod codeBase="C:\Users\dw\AppData\Local\Temp\relight-loose-ends\simtests\bin\Debug\net8.0\Relight.Sim.Tests.Scratch.dll" adapterTypeName="executor://nunit3testexecutor/" className="Relight.Sim.Tests.Persistence.AutosaveTests" name="TheRingRefusesAnyPathOutsideItsOwnFolder" />
    </UnitTest>
    <UnitTest name="AnIndexNamingAFileOutsideTheRingIsIgnored" storage="c:\users\dw\appdata\local\temp\relight-loose-ends\simtests\bin\debug\net8.0\relight.sim.tests.scratch.dll" id="07828419-9928-6647-5ebd-20d0148a49e7">
      <Execution id="a4073abf-fc44-47a2-a26e-f08a7924a43d" />
      <TestMethod codeBase="C:\Users\dw\AppData\Local\Temp\relight-loose-ends\simtests\bin\Debug\net8.0\Relight.Sim.Tests.Scratch.dll" adapterTypeName="executor://nunit3testexecutor/" className="Relight.Sim.Tests.Persistence.AutosaveTests" name="AnIndexNamingAFileOutsideTheRingIsIgnored" />
    </UnitTest>
    <UnitTest name="ALoadedStateStillBalances" storage="c:\users\dw\appdata\local\temp\relight-loose-ends\simtests\bin\debug\net8.0\relight.sim.tests.scratch.dll" id="8a316820-2161-552a-8718-273ebb8a6096">
      <Execution id="1a6d4104-edd2-4c39-8502-58e819b13b5a" />
      <TestMethod codeBase="C:\Users\dw\AppData\Local\Temp\relight-loose-ends\simtests\bin\Debug\net8.0\Relight.Sim.Tests.Scratch.dll" adapterTypeName="executor://nunit3testexecutor/" className="Relight.Sim.Tests.Persistence.SaveRoundTripTests" name="ALoadedStateStillBalances" />
    </UnitTest>
    <UnitTest name="SaveOnQuitWritesItsOwnFileAndNotARingSlot" storage="c:\users\dw\appdata\local\temp\relight-loose-ends\simtests\bin\debug\net8.0\relight.sim.tests.scratch.dll" id="4f106fc1-d98a-505f-796f-fc652385a491">
      <Execution id="0c2754f8-259d-41ee-8ea1-f94ad4f16f3c" />
      <TestMethod codeBase="C:\Users\dw\AppData\Local\Temp\relight-loose-ends\simtests\bin\Debug\net8.0\Relight.Sim.Tests.Scratch.dll" adapterTypeName="executor://nunit3testexecutor/" className="Relight.Sim.Tests.Persistence.AutosaveTests" name="SaveOnQuitWritesItsOwnFileAndNotARingSlot" />
    </UnitTest>
    <UnitTest name="AVersionOneSaveWithNoChecksumIsRefused" storage="c:\users\dw\appdata\local\temp\relight-loose-ends\simtests\bin\debug\net8.0\relight.sim.tests.scratch.dll" id="bfcfb595-067c-4d0f-e73e-9e8e7048f928">
      <Execution id="8301bff3-8da4-4df8-ba41-21e4ba80c80e" />
      <TestMethod codeBase="C:\Users\dw\AppData\Local\Temp\relight-loose-ends\simtests\bin\Debug\net8.0\Relight.Sim.Tests.Scratch.dll" adapterTypeName="executor://nunit3testexecutor/" className="Relight.Sim.Tests.Persistence.SaveUpgradeTests" name="AVersionOneSaveWithNoChecksumIsRefused" />
    </UnitTest>
    <UnitTest name="VersionZeroAndTheFutureAreStillRefusedByNumber" storage="c:\users\dw\appdata\local\temp\relight-loose-ends\simtests\bin\debug\net8.0\relight.sim.tests.scratch.dll" id="a58f3bf9-8a84-167c-8cf6-43a0ab14440c">
      <Execution id="ec2c9a47-b0ec-4c5b-9d28-588e36bd21bc" />
      <TestMethod codeBase="C:\Users\dw\AppData\Local\Temp\relight-loose-ends\simtests\bin\Debug\net8.0\Relight.Sim.Tests.Scratch.dll" adapterTypeName="executor://nunit3testexecutor/" className="Relight.Sim.Tests.Persistence.SaveUpgradeTests" name="VersionZeroAndTheFutureAreStillRefusedByNumber" />
    </UnitTest>
    <UnitTest name="LoadingAVersionOneSlotLeavesTheFileUntouchedAndTheNextSaveKeepsItAsTheBackup" storage="c:\users\dw\appdata\local\temp\relight-loose-ends\simtests\bin\debug\net8.0\relight.sim.tests.scratch.dll" id="783b5256-d4b1-c65b-89e4-fcc2acfa6ec7">
      <Execution id="f6957b0d-6a8a-405e-b2bf-825d400dbd7f" />
      <TestMethod codeBase="C:\Users\dw\AppData\Local\Temp\relight-loose-ends\simtests\bin\Debug\net8.0\Relight.Sim.Tests.Scratch.dll" adapterTypeName="executor://nunit3testexecutor/" className="Relight.Sim.Tests.Persistence.SaveUpgradeTests" name="LoadingAVersionOneSlotLeavesTheFileUntouchedAndTheNextSaveKeepsItAsTheBackup" />
    </UnitTest>
    <UnitTest name="EveryVisitedFieldReachesTheCanonicalText" storage="c:\users\dw\appdata\local\temp\relight-loose-ends\simtests\bin\debug\net8.0\relight.sim.tests.scratch.dll" id="f43128dd-966c-80d5-2e78-6845c2a7d82e">
      <Execution id="573aa84a-9366-4396-88db-48593133b8dd" />
      <TestMethod codeBase="C:\Users\dw\AppData\Local\Temp\relight-loose-ends\simtests\bin\Debug\net8.0\Relight.Sim.Tests.Scratch.dll" adapterTypeName="executor://nunit3testexecutor/" className="Relight.Sim.Tests.Determinism.SharedChecksTests" name="EveryVisitedFieldReachesTheCanonicalText" />
    </UnitTest>
    <UnitTest name="TheCanonicalEmitterReproducesTheWriterExactly" storage="c:\users\dw\appdata\local\temp\relight-loose-ends\simtests\bin\debug\net8.0\relight.sim.tests.scratch.dll" id="79b33371-ca44-8ccf-9478-a4e00f5f26ee">
      <Execution id="75ff67ce-449b-4c64-97e5-1432073086dd" />
      <TestMethod codeBase="C:\Users\dw\AppData\Local\Temp\relight-loose-ends\simtests\bin\Debug\net8.0\Relight.Sim.Tests.Scratch.dll" adapterTypeName="executor://nunit3testexecutor/" className="Relight.Sim.Tests.Persistence.SaveUpgradeTests" name="TheCanonicalEmitterReproducesTheWriterExactly" />
    </UnitTest>
    <UnitTest name="TheRingKeepsThreeSlotsAndOverwritesTheOldest" storage="c:\users\dw\appdata\local\temp\relight-loose-ends\simtests\bin\debug\net8.0\relight.sim.tests.scratch.dll" id="69b5e350-13a4-a3c2-3a48-d4eb6bddb68c">
      <Execution id="34baa2fe-8db3-4183-a59b-71ea61b66bf5" />
      <TestMethod codeBase="C:\Users\dw\AppData\Local\Temp\relight-loose-ends\simtests\bin\Debug\net8.0\Relight.Sim.Tests.Scratch.dll" adapterTypeName="executor://nunit3testexecutor/" className="Relight.Sim.Tests.Persistence.AutosaveTests" name="TheRingKeepsThreeSlotsAndOverwritesTheOldest" />
    </UnitTest>
    <UnitTest name="ManualSavesAreListedNewestFirstWithTheirHeaders" storage="c:\users\dw\appdata\local\temp\relight-loose-ends\simtests\bin\debug\net8.0\relight.sim.tests.scratch.dll" id="f421f77e-7704-5107-07e1-24da9d95546f">
      <Execution id="8b75d52d-c69a-4c78-933a-a3ec94c63822" />
      <TestMethod codeBase="C:\Users\dw\AppData\Local\Temp\relight-loose-ends\simtests\bin\Debug\net8.0\Relight.Sim.Tests.Scratch.dll" adapterTypeName="executor://nunit3testexecutor/" className="Relight.Sim.Tests.Persistence.AutosaveTests" name="ManualSavesAreListedNewestFirstWithTheirHeaders" />
    </UnitTest>
    <UnitTest name="TwoFailuresDoNotStopTheRing" storage="c:\users\dw\appdata\local\temp\relight-loose-ends\simtests\bin\debug\net8.0\relight.sim.tests.scratch.dll" id="64ad2196-3f94-d138-fdca-8ab4f5b0b5d2">
      <Execution id="05400d1d-b759-4aea-aa58-c8550c520b33" />
      <TestMethod codeBase="C:\Users\dw\AppData\Local\Temp\relight-loose-ends\simtests\bin\Debug\net8.0\Relight.Sim.Tests.Scratch.dll" adapterTypeName="executor://nunit3testexecutor/" className="Relight.Sim.Tests.Persistence.AutosaveTests" name="TwoFailuresDoNotStopTheRing" />
    </UnitTest>
    <UnitTest name="IrregularRealSecondsBuyExactlyTheTicksTheyPayFor" storage="c:\users\dw\appdata\local\temp\relight-loose-ends\simtests\bin\debug\net8.0\relight.sim.tests.scratch.dll" id="4d634201-4cb4-7942-a66e-bfc8ae484cea">
      <Execution id="d28b540b-aea4-442b-88c1-b8d337581f7c" />
      <TestMethod codeBase="C:\Users\dw\AppData\Local\Temp\relight-loose-ends\simtests\bin\Debug\net8.0\Relight.Sim.Tests.Scratch.dll" adapterTypeName="executor://nunit3testexecutor/" className="Relight.Sim.Tests.Determinism.SharedChecksTests" name="IrregularRealSecondsBuyExactlyTheTicksTheyPayFor" />
    </UnitTest>
    <UnitTest name="PlaySecondsSurvivesTheRoundTripAndIsOutsideTheHash" storage="c:\users\dw\appdata\local\temp\relight-loose-ends\simtests\bin\debug\net8.0\relight.sim.tests.scratch.dll" id="f9256904-cef1-ec79-557d-232337915c02">
      <Execution id="a3f8b276-3e80-45cd-94a4-1d87f6b3cbbc" />
      <TestMethod codeBase="C:\Users\dw\AppData\Local\Temp\relight-loose-ends\simtests\bin\Debug\net8.0\Relight.Sim.Tests.Scratch.dll" adapterTypeName="executor://nunit3testexecutor/" className="Relight.Sim.Tests.Persistence.SaveRoundTripTests" name="PlaySecondsSurvivesTheRoundTripAndIsOutsideTheHash" />
    </UnitTest>
    <UnitTest name="ADamagedPrimaryOnARealDiskRecoversFromItsBackupRepeatedly" storage="c:\users\dw\appdata\local\temp\relight-loose-ends\simtests\bin\debug\net8.0\relight.sim.tests.scratch.dll" id="197b56c8-7a29-9812-b61b-611a6bda47d9">
      <Execution id="63306aee-4c84-4856-9485-6cee46745ad2" />
      <TestMethod codeBase="C:\Users\dw\AppData\Local\Temp\relight-loose-ends\simtests\bin\Debug\net8.0\Relight.Sim.Tests.Scratch.dll" adapterTypeName="executor://nunit3testexecutor/" className="Relight.Sim.Tests.Persistence.RealDiskRecoveryTests" name="ADamagedPrimaryOnARealDiskRecoversFromItsBackupRepeatedly" />
    </UnitTest>
    <UnitTest name="ADamagedNewestAutosaveFallsBackToTheNextOldest" storage="c:\users\dw\appdata\local\temp\relight-loose-ends\simtests\bin\debug\net8.0\relight.sim.tests.scratch.dll" id="bb78cf60-8798-3b2d-5de8-ba4cfc67562c">
      <Execution id="0a0c5e2c-f2dc-4420-a501-0f74304ad8cf" />
      <TestMethod codeBase="C:\Users\dw\AppData\Local\Temp\relight-loose-ends\simtests\bin\Debug\net8.0\Relight.Sim.Tests.Scratch.dll" adapterTypeName="executor://nunit3testexecutor/" className="Relight.Sim.Tests.Persistence.AutosaveTests" name="ADamagedNewestAutosaveFallsBackToTheNextOldest" />
    </UnitTest>
    <UnitTest name="TheRecordedDefaultsAreFiveMinutesAndThreeSlots" storage="c:\users\dw\appdata\local\temp\relight-loose-ends\simtests\bin\debug\net8.0\relight.sim.tests.scratch.dll" id="4422f8fa-5e46-f687-3502-c2c9044d5b5e">
      <Execution id="4133f8fd-fcb6-45a9-a6dd-c0dc85171fe2" />
      <TestMethod codeBase="C:\Users\dw\AppData\Local\Temp\relight-loose-ends\simtests\bin\Debug\net8.0\Relight.Sim.Tests.Scratch.dll" adapterTypeName="executor://nunit3testexecutor/" className="Relight.Sim.Tests.Persistence.AutosaveTests" name="TheRecordedDefaultsAreFiveMinutesAndThreeSlots" />
    </UnitTest>
    <UnitTest name="CancellingWithNoBackpackRoomHoldsThePlatesAsAPendingRefund" storage="c:\users\dw\appdata\local\temp\relight-loose-ends\simtests\bin\debug\net8.0\relight.sim.tests.scratch.dll" id="6a184a4f-fdd9-db26-79c1-fcb83f0df8c3">
      <Execution id="0a41c1aa-c73a-41e1-8ffc-462a134c3ab9" />
      <TestMethod codeBase="C:\Users\dw\AppData\Local\Temp\relight-loose-ends\simtests\bin\Debug\net8.0\Relight.Sim.Tests.Scratch.dll" adapterTypeName="executor://nunit3testexecutor/" className="Relight.Sim.Tests.HandCraftTests" name="CancellingWithNoBackpackRoomHoldsThePlatesAsAPendingRefund" />
    </UnitTest>
    <UnitTest name="MoreBatchesThanThePocketsCanPayForAreClamped" storage="c:\users\dw\appdata\local\temp\relight-loose-ends\simtests\bin\debug\net8.0\relight.sim.tests.scratch.dll" id="e925f1a9-b667-20e0-8c94-ee985917c4a0">
      <Execution id="454547b1-f24b-48c1-a724-753faa740412" />
      <TestMethod codeBase="C:\Users\dw\AppData\Local\Temp\relight-loose-ends\simtests\bin\Debug\net8.0\Relight.Sim.Tests.Scratch.dll" adapterTypeName="executor://nunit3testexecutor/" className="Relight.Sim.Tests.HandCraftTests" name="MoreBatchesThanThePocketsCanPayForAreClamped" />
    </UnitTest>
    <UnitTest name="APendingRefundDrainsIntoThePocketsAsSoonAsThereIsRoom" storage="c:\users\dw\appdata\local\temp\relight-loose-ends\simtests\bin\debug\net8.0\relight.sim.tests.scratch.dll" id="aff3b2d7-e7c8-1636-ad41-98ae2720e235">
      <Execution id="a0ae9670-1165-4f3b-934b-304ad84405ef" />
      <TestMethod codeBase="C:\Users\dw\AppData\Local\Temp\relight-loose-ends\simtests\bin\Debug\net8.0\Relight.Sim.Tests.Scratch.dll" adapterTypeName="executor://nunit3testexecutor/" className="Relight.Sim.Tests.HandCraftTests" name="APendingRefundDrainsIntoThePocketsAsSoonAsThereIsRoom" />
    </UnitTest>
    <UnitTest name="AnAutosaveNeverWritesAManualSlot" storage="c:\users\dw\appdata\local\temp\relight-loose-ends\simtests\bin\debug\net8.0\relight.sim.tests.scratch.dll" id="16ce113d-bb97-8d2a-a7ed-fae0476997f3">
      <Execution id="82418493-473a-448f-8689-e8759bf9e78d" />
      <TestMethod codeBase="C:\Users\dw\AppData\Local\Temp\relight-loose-ends\simtests\bin\Debug\net8.0\Relight.Sim.Tests.Scratch.dll" adapterTypeName="executor://nunit3testexecutor/" className="Relight.Sim.Tests.Persistence.AutosaveTests" name="AnAutosaveNeverWritesAManualSlot" />
    </UnitTest>
    <UnitTest name="ADamagedSaveFallsBackToItsPreviousCopy" storage="c:\users\dw\appdata\local\temp\relight-loose-ends\simtests\bin\debug\net8.0\relight.sim.tests.scratch.dll" id="0acc2601-51ef-5f02-a478-1812e78875b8">
      <Execution id="ecc6581f-5b06-422c-88cf-959a960deeca" />
      <TestMethod codeBase="C:\Users\dw\AppData\Local\Temp\relight-loose-ends\simtests\bin\Debug\net8.0\Relight.Sim.Tests.Scratch.dll" adapterTypeName="executor://nunit3testexecutor/" className="Relight.Sim.Tests.Persistence.SaveRefusalTests" name="ADamagedSaveFallsBackToItsPreviousCopy" />
    </UnitTest>
    <UnitTest name="RecoveryStillWorksAfterARestart" storage="c:\users\dw\appdata\local\temp\relight-loose-ends\simtests\bin\debug\net8.0\relight.sim.tests.scratch.dll" id="9db69de1-573e-8726-3a1d-268396d9384c">
      <Execution id="f262e7f5-b37a-4600-96e3-c715c619d9f5" />
      <TestMethod codeBase="C:\Users\dw\AppData\Local\Temp\relight-loose-ends\simtests\bin\Debug\net8.0\Relight.Sim.Tests.Scratch.dll" adapterTypeName="executor://nunit3testexecutor/" className="Relight.Sim.Tests.Persistence.RecoveryTests" name="RecoveryStillWorksAfterARestart" />
    </UnitTest>
    <UnitTest name="NoSaveAndNoUsableCopyAreStillRefused" storage="c:\users\dw\appdata\local\temp\relight-loose-ends\simtests\bin\debug\net8.0\relight.sim.tests.scratch.dll" id="78fdbe63-f4fc-9859-544e-badee027b2da">
      <Execution id="c9f61eb0-4751-4900-ac24-57980bafb768" />
      <TestMethod codeBase="C:\Users\dw\AppData\Local\Temp\relight-loose-ends\simtests\bin\Debug\net8.0\Relight.Sim.Tests.Scratch.dll" adapterTypeName="executor://nunit3testexecutor/" className="Relight.Sim.Tests.Persistence.RecoveryTests" name="NoSaveAndNoUsableCopyAreStillRefused" />
    </UnitTest>
    <UnitTest name="AFailedRestoreKeepsTheBackupAndStillLoads" storage="c:\users\dw\appdata\local\temp\relight-loose-ends\simtests\bin\debug\net8.0\relight.sim.tests.scratch.dll" id="d9047482-b352-cc44-9b23-c692a3f877f0">
      <Execution id="f9b3eae5-b229-4215-a30c-faed5d25f939" />
      <TestMethod codeBase="C:\Users\dw\AppData\Local\Temp\relight-loose-ends\simtests\bin\Debug\net8.0\Relight.Sim.Tests.Scratch.dll" adapterTypeName="executor://nunit3testexecutor/" className="Relight.Sim.Tests.Persistence.RecoveryTests" name="AFailedRestoreKeepsTheBackupAndStillLoads" />
    </UnitTest>
    <UnitTest name="DifferentBalanceDataIsAWarningNotARefusal" storage="c:\users\dw\appdata\local\temp\relight-loose-ends\simtests\bin\debug\net8.0\relight.sim.tests.scratch.dll" id="d42a2a6c-5353-e98d-b10e-e37a1bf8eb17">
      <Execution id="762db5fd-e371-44cd-9b18-c86ec36a02f5" />
      <TestMethod codeBase="C:\Users\dw\AppData\Local\Temp\relight-loose-ends\simtests\bin\Debug\net8.0\Relight.Sim.Tests.Scratch.dll" adapterTypeName="executor://nunit3testexecutor/" className="Relight.Sim.Tests.Persistence.SaveRefusalTests" name="DifferentBalanceDataIsAWarningNotARefusal" />
    </UnitTest>
    <UnitTest name="ASaveMadeAfterAnUpgradeIsAnOrdinaryCurrentFile" storage="c:\users\dw\appdata\local\temp\relight-loose-ends\simtests\bin\debug\net8.0\relight.sim.tests.scratch.dll" id="4cd1f9f4-5a63-e5f4-d11e-9f8242f24360">
      <Execution id="4f1ae3b8-c1c3-4471-88fa-68a2628c8a66" />
      <TestMethod codeBase="C:\Users\dw\AppData\Local\Temp\relight-loose-ends\simtests\bin\Debug\net8.0\Relight.Sim.Tests.Scratch.dll" adapterTypeName="executor://nunit3testexecutor/" className="Relight.Sim.Tests.Persistence.SaveUpgradeTests" name="ASaveMadeAfterAnUpgradeIsAnOrdinaryCurrentFile" />
    </UnitTest>
    <UnitTest name="WritingTheSameStateTwiceGivesTheSameDocument" storage="c:\users\dw\appdata\local\temp\relight-loose-ends\simtests\bin\debug\net8.0\relight.sim.tests.scratch.dll" id="dc104052-f89a-31d1-47ab-9f2e311955a3">
      <Execution id="8a569156-1d98-4252-9709-906c1c86364a" />
      <TestMethod codeBase="C:\Users\dw\AppData\Local\Temp\relight-loose-ends\simtests\bin\Debug\net8.0\Relight.Sim.Tests.Scratch.dll" adapterTypeName="executor://nunit3testexecutor/" className="Relight.Sim.Tests.Persistence.SaveRoundTripTests" name="WritingTheSameStateTwiceGivesTheSameDocument" />
    </UnitTest>
    <UnitTest name="AnUnreadableSlotIsListedWithItsProblemRatherThanHidden" storage="c:\users\dw\appdata\local\temp\relight-loose-ends\simtests\bin\debug\net8.0\relight.sim.tests.scratch.dll" id="a569a626-8265-5d33-9399-6c6f9fc9b2bc">
      <Execution id="5bbe4adc-7149-4bfe-8a35-534184cb6e33" />
      <TestMethod codeBase="C:\Users\dw\AppData\Local\Temp\relight-loose-ends\simtests\bin\Debug\net8.0\Relight.Sim.Tests.Scratch.dll" adapterTypeName="executor://nunit3testexecutor/" className="Relight.Sim.Tests.Persistence.AutosaveTests" name="AnUnreadableSlotIsListedWithItsProblemRatherThanHidden" />
    </UnitTest>
    <UnitTest name="AManualSlotCannotBeNamedIntoTheAutosaveNameSpace" storage="c:\users\dw\appdata\local\temp\relight-loose-ends\simtests\bin\debug\net8.0\relight.sim.tests.scratch.dll" id="fd8ea610-7912-7d98-d3f1-beb3d06262e2">
      <Execution id="ce7e8747-173a-4aef-99ce-0f207683e129" />
      <TestMethod codeBase="C:\Users\dw\AppData\Local\Temp\relight-loose-ends\simtests\bin\Debug\net8.0\Relight.Sim.Tests.Scratch.dll" adapterTypeName="executor://nunit3testexecutor/" className="Relight.Sim.Tests.Persistence.SaveRefusalTests" name="AManualSlotCannotBeNamedIntoTheAutosaveNameSpace" />
    </UnitTest>
    <UnitTest name="ALostIndexIsRebuiltFromTheFilesRatherThanRestartingAtSlotOne" storage="c:\users\dw\appdata\local\temp\relight-loose-ends\simtests\bin\debug\net8.0\relight.sim.tests.scratch.dll" id="44ba14f5-2754-1cc9-f6c0-7ce6a03c5293">
      <Execution id="f437565b-4f74-4b0b-8833-d1cf25fdc294" />
      <TestMethod codeBase="C:\Users\dw\AppData\Local\Temp\relight-loose-ends\simtests\bin\Debug\net8.0\Relight.Sim.Tests.Scratch.dll" adapterTypeName="executor://nunit3testexecutor/" className="Relight.Sim.Tests.Persistence.AutosaveTests" name="ALostIndexIsRebuiltFromTheFilesRatherThanRestartingAtSlotOne" />
    </UnitTest>
    <UnitTest name="ALongStallProducesOneAutosaveNotABurst" storage="c:\users\dw\appdata\local\temp\relight-loose-ends\simtests\bin\debug\net8.0\relight.sim.tests.scratch.dll" id="4e7eb5ca-faf3-9c79-3243-be818ed5c71f">
      <Execution id="a5736cdd-5ffa-4ffd-8ab1-010231f2c6ba" />
      <TestMethod codeBase="C:\Users\dw\AppData\Local\Temp\relight-loose-ends\simtests\bin\Debug\net8.0\Relight.Sim.Tests.Scratch.dll" adapterTypeName="executor://nunit3testexecutor/" className="Relight.Sim.Tests.Persistence.AutosaveTests" name="ALongStallProducesOneAutosaveNotABurst" />
    </UnitTest>
    <UnitTest name="ConservationHoldsThroughoutTheShortRun" storage="c:\users\dw\appdata\local\temp\relight-loose-ends\simtests\bin\debug\net8.0\relight.sim.tests.scratch.dll" id="a6eaac60-e06a-2055-8bf8-4def4d323292">
      <Execution id="d30d863e-1d92-4235-9c0d-f186750db5b6" />
      <TestMethod codeBase="C:\Users\dw\AppData\Local\Temp\relight-loose-ends\simtests\bin\Debug\net8.0\Relight.Sim.Tests.Scratch.dll" adapterTypeName="executor://nunit3testexecutor/" className="Relight.Sim.Tests.Determinism.SharedChecksTests" name="ConservationHoldsThroughoutTheShortRun" />
    </UnitTest>
    <UnitTest name="ALeadingByteOrderMarkIsTolerated" storage="c:\users\dw\appdata\local\temp\relight-loose-ends\simtests\bin\debug\net8.0\relight.sim.tests.scratch.dll" id="bc42ff52-0bb3-8d8b-a8ea-688133253f8b">
      <Execution id="b13ea611-81c0-411d-be01-cc32c6f130f9" />
      <TestMethod codeBase="C:\Users\dw\AppData\Local\Temp\relight-loose-ends\simtests\bin\Debug\net8.0\Relight.Sim.Tests.Scratch.dll" adapterTypeName="executor://nunit3testexecutor/" className="Relight.Sim.Tests.Persistence.SaveRefusalTests" name="ALeadingByteOrderMarkIsTolerated" />
    </UnitTest>
    <UnitTest name="AFailedWriteLeavesTheBackupCopyIntact" storage="c:\users\dw\appdata\local\temp\relight-loose-ends\simtests\bin\debug\net8.0\relight.sim.tests.scratch.dll" id="c0d52055-a715-4176-59e0-5a477c7b2d2e">
      <Execution id="cae1a2bd-fbd2-4ca8-9596-3a8aa4220338" />
      <TestMethod codeBase="C:\Users\dw\AppData\Local\Temp\relight-loose-ends\simtests\bin\Debug\net8.0\Relight.Sim.Tests.Scratch.dll" adapterTypeName="executor://nunit3testexecutor/" className="Relight.Sim.Tests.Persistence.AutosaveTests" name="AFailedWriteLeavesTheBackupCopyIntact" />
    </UnitTest>
    <UnitTest name="ThreeConsecutiveFailuresStopTheRingAndAManualSaveResumesIt" storage="c:\users\dw\appdata\local\temp\relight-loose-ends\simtests\bin\debug\net8.0\relight.sim.tests.scratch.dll" id="741c87c7-2bf3-423f-b475-21c5bb98b96a">
      <Execution id="23e9320a-2448-4607-a6f6-dcb9251727b2" />
      <TestMethod codeBase="C:\Users\dw\AppData\Local\Temp\relight-loose-ends\simtests\bin\Debug\net8.0\Relight.Sim.Tests.Scratch.dll" adapterTypeName="executor://nunit3testexecutor/" className="Relight.Sim.Tests.Persistence.AutosaveTests" name="ThreeConsecutiveFailuresStopTheRingAndAManualSaveResumesIt" />
    </UnitTest>
    <UnitTest name="SaveThenLoadGivesTheSameHash" storage="c:\users\dw\appdata\local\temp\relight-loose-ends\simtests\bin\debug\net8.0\relight.sim.tests.scratch.dll" id="01359648-7dea-0eb0-d115-1caacb2f99c8">
      <Execution id="fb90b542-8532-4cda-8c7c-f728cd9a5560" />
      <TestMethod codeBase="C:\Users\dw\AppData\Local\Temp\relight-loose-ends\simtests\bin\Debug\net8.0\Relight.Sim.Tests.Scratch.dll" adapterTypeName="executor://nunit3testexecutor/" className="Relight.Sim.Tests.Determinism.SharedChecksTests" name="SaveThenLoadGivesTheSameHash" />
    </UnitTest>
    <UnitTest name="ASlotNameCannotEscapeTheSavesFolder" storage="c:\users\dw\appdata\local\temp\relight-loose-ends\simtests\bin\debug\net8.0\relight.sim.tests.scratch.dll" id="c38a7319-9f32-238e-b03e-b5ac1fac00f7">
      <Execution id="899069a9-3212-47d5-85e4-e7d22d095906" />
      <TestMethod codeBase="C:\Users\dw\AppData\Local\Temp\relight-loose-ends\simtests\bin\Debug\net8.0\Relight.Sim.Tests.Scratch.dll" adapterTypeName="executor://nunit3testexecutor/" className="Relight.Sim.Tests.Persistence.SaveRefusalTests" name="ASlotNameCannotEscapeTheSavesFolder" />
    </UnitTest>
    <UnitTest name="LoadingTheNewestAutosaveGivesTheStateThatWasSaved" storage="c:\users\dw\appdata\local\temp\relight-loose-ends\simtests\bin\debug\net8.0\relight.sim.tests.scratch.dll" id="c8d3df5c-2c87-5d37-0bca-d540ca766709">
      <Execution id="40603834-740e-44b6-8b94-e68cba3589dc" />
      <TestMethod codeBase="C:\Users\dw\AppData\Local\Temp\relight-loose-ends\simtests\bin\Debug\net8.0\Relight.Sim.Tests.Scratch.dll" adapterTypeName="executor://nunit3testexecutor/" className="Relight.Sim.Tests.Persistence.AutosaveTests" name="LoadingTheNewestAutosaveGivesTheStateThatWasSaved" />
    </UnitTest>
    <UnitTest name="H1_SaveThenLoadGivesTheSameHashAndTheSameCanonicalText" storage="c:\users\dw\appdata\local\temp\relight-loose-ends\simtests\bin\debug\net8.0\relight.sim.tests.scratch.dll" id="4c61f00a-dde6-27c6-842b-b5a9943fcede">
      <Execution id="b2139cdb-205d-4abc-86b6-9f8603cab8cd" />
      <TestMethod codeBase="C:\Users\dw\AppData\Local\Temp\relight-loose-ends\simtests\bin\Debug\net8.0\Relight.Sim.Tests.Scratch.dll" adapterTypeName="executor://nunit3testexecutor/" className="Relight.Sim.Tests.Persistence.SaveRoundTripTests" name="H1_SaveThenLoadGivesTheSameHashAndTheSameCanonicalText" />
    </UnitTest>
    <UnitTest name="TheIntervalCountsOnlyUnpausedSimTime" storage="c:\users\dw\appdata\local\temp\relight-loose-ends\simtests\bin\debug\net8.0\relight.sim.tests.scratch.dll" id="72663e28-6d80-690b-40fb-67a9efab46c6">
      <Execution id="ede7c63f-8bda-4ed3-9018-595d405651f2" />
      <TestMethod codeBase="C:\Users\dw\AppData\Local\Temp\relight-loose-ends\simtests\bin\Debug\net8.0\Relight.Sim.Tests.Scratch.dll" adapterTypeName="executor://nunit3testexecutor/" className="Relight.Sim.Tests.Persistence.AutosaveTests" name="TheIntervalCountsOnlyUnpausedSimTime" />
    </UnitTest>
    <UnitTest name="AVersionOneHeaderIsListable" storage="c:\users\dw\appdata\local\temp\relight-loose-ends\simtests\bin\debug\net8.0\relight.sim.tests.scratch.dll" id="d0e8c427-6a7a-b62a-9415-d43f2ae99939">
      <Execution id="0ea85135-3cd6-4955-b2b8-8c564268adb4" />
[...]
    </UnitTest>
    <UnitTest name="AnEmptyFileIsRefused" storage="c:\users\dw\appdata\local\temp\relight-loose-ends\simtests\bin\debug\net8.0\relight.sim.tests.scratch.dll" id="ec02ccb3-a27b-2181-837c-1cb29a063196">
      <Execution id="bd93b4ad-4a4a-402c-b0b3-afeef9ea9ded" />
      <TestMethod codeBase="C:\Users\dw\AppData\Local\Temp\relight-loose-ends\simtests\bin\Debug\net8.0\Relight.Sim.Tests.Scratch.dll" adapterTypeName="executor://nunit3testexecutor/" className="Relight.Sim.Tests.Persistence.SaveRefusalTests" name="AnEmptyFileIsRefused" />
    </UnitTest>
    <UnitTest name="AVersionOneAutosaveIsReadInTheRingAndNotTreatedAsRubbish" storage="c:\users\dw\appdata\local\temp\relight-loose-ends\simtests\bin\debug\net8.0\relight.sim.tests.scratch.dll" id="e58447f5-a463-cb38-c4f4-30722dc06ad2">
      <Execution id="a07712c8-3a5b-4928-9c6d-b641bf75e611" />
      <TestMethod codeBase="C:\Users\dw\AppData\Local\Temp\relight-loose-ends\simtests\bin\Debug\net8.0\Relight.Sim.Tests.Scratch.dll" adapterTypeName="executor://nunit3testexecutor/" className="Relight.Sim.Tests.Persistence.SaveUpgradeTests" name="AVersionOneAutosaveIsReadInTheRingAndNotTreatedAsRubbish" />
    </UnitTest>
    <UnitTest name="AutosavingCanBeTurnedOff" storage="c:\users\dw\appdata\local\temp\relight-loose-ends\simtests\bin\debug\net8.0\relight.sim.tests.scratch.dll" id="83612dee-659f-e73f-a4b8-c632693a01e4">
      <Execution id="9fff2ad9-e7f6-420a-82e4-7c0fddcfc771" />
      <TestMethod codeBase="C:\Users\dw\AppData\Local\Temp\relight-loose-ends\simtests\bin\Debug\net8.0\Relight.Sim.Tests.Scratch.dll" adapterTypeName="executor://nunit3testexecutor/" className="Relight.Sim.Tests.Persistence.AutosaveTests" name="AutosavingCanBeTurnedOff" />
    </UnitTest>
    <UnitTest name="AnIndexWhoseOrderContradictsTheFilesIsCorrectedFromThem" storage="c:\users\dw\appdata\local\temp\relight-loose-ends\simtests\bin\debug\net8.0\relight.sim.tests.scratch.dll" id="40027e62-acc3-72b3-7423-1d8ee268bac6">
      <Execution id="c6b710b5-1ee0-4432-b3fb-a057c5161ba4" />
      <TestMethod codeBase="C:\Users\dw\AppData\Local\Temp\relight-loose-ends\simtests\bin\Debug\net8.0\Relight.Sim.Tests.Scratch.dll" adapterTypeName="executor://nunit3testexecutor/" className="Relight.Sim.Tests.Persistence.RecoveryTests" name="AnIndexWhoseOrderContradictsTheFilesIsCorrectedFromThem" />
    </UnitTest>
    <UnitTest name="ASaveThatExistsOnlyAsABackupIsVisibleAndLoadable" storage="c:\users\dw\appdata\local\temp\relight-loose-ends\simtests\bin\debug\net8.0\relight.sim.tests.scratch.dll" id="0c853405-ce05-d19e-7c26-1ebbfe988c44">
      <Execution id="c1455f8f-a464-4515-aa50-3a076a9fc586" />
      <TestMethod codeBase="C:\Users\dw\AppData\Local\Temp\relight-loose-ends\simtests\bin\Debug\net8.0\Relight.Sim.Tests.Scratch.dll" adapterTypeName="executor://nunit3testexecutor/" className="Relight.Sim.Tests.Persistence.RecoveryTests" name="ASaveThatExistsOnlyAsABackupIsVisibleAndLoadable" />
    </UnitTest>
    <UnitTest name="SavingToARefusedNameWritesNothing" storage="c:\users\dw\appdata\local\temp\relight-loose-ends\simtests\bin\debug\net8.0\relight.sim.tests.scratch.dll" id="6784ef28-6adf-36aa-f6f5-9ffd76dd048a">
      <Execution id="31ce6e36-d67e-4b44-a83b-22016fb0aad3" />
      <TestMethod codeBase="C:\Users\dw\AppData\Local\Temp\relight-loose-ends\simtests\bin\Debug\net8.0\Relight.Sim.Tests.Scratch.dll" adapterTypeName="executor://nunit3testexecutor/" className="Relight.Sim.Tests.Persistence.SaveRefusalTests" name="SavingToARefusedNameWritesNothing" />
    </UnitTest>
    <UnitTest name="FiveSimMinutesRepeatedTwiceGiveEqualHashes" storage="c:\users\dw\appdata\local\temp\relight-loose-ends\simtests\bin\debug\net8.0\relight.sim.tests.scratch.dll" id="b2c510d6-3344-b3ba-3e55-37158cefc1fd">
      <Execution id="1b6e62d8-29af-427e-9616-c78af7a899bc" />
      <TestMethod codeBase="C:\Users\dw\AppData\Local\Temp\relight-loose-ends\simtests\bin\Debug\net8.0\Relight.Sim.Tests.Scratch.dll" adapterTypeName="executor://nunit3testexecutor/" className="Relight.Sim.Tests.Determinism.SharedChecksTests" name="FiveSimMinutesRepeatedTwiceGiveEqualHashes" />
    </UnitTest>
    <UnitTest name="AnOutstandingRefundSurvivesASaveAndLoad" storage="c:\users\dw\appdata\local\temp\relight-loose-ends\simtests\bin\debug\net8.0\relight.sim.tests.scratch.dll" id="c217779f-4e20-390b-0230-79f871acab8b">
      <Execution id="6b3a9974-9a65-4c38-b691-2d4848399e78" />
      <TestMethod codeBase="C:\Users\dw\AppData\Local\Temp\relight-loose-ends\simtests\bin\Debug\net8.0\Relight.Sim.Tests.Scratch.dll" adapterTypeName="executor://nunit3testexecutor/" className="Relight.Sim.Tests.HandCraftTests" name="AnOutstandingRefundSurvivesASaveAndLoad" />
    </UnitTest>
    <UnitTest name="AVersionOneSaveLoadsAsTheSameStateWithNoRefundOwed" storage="c:\users\dw\appdata\local\temp\relight-loose-ends\simtests\bin\debug\net8.0\relight.sim.tests.scratch.dll" id="e99f6058-9211-d900-9a0c-8548b9062e61">
      <Execution id="484d3f89-b858-446d-83db-f1d3a5678ff2" />
      <TestMethod codeBase="C:\Users\dw\AppData\Local\Temp\relight-loose-ends\simtests\bin\Debug\net8.0\Relight.Sim.Tests.Scratch.dll" adapterTypeName="executor://nunit3testexecutor/" className="Relight.Sim.Tests.Persistence.SaveUpgradeTests" name="AVersionOneSaveLoadsAsTheSameStateWithNoRefundOwed" />
    </UnitTest>
  </TestDefinitions>
  <TestEntries>
    <TestEntry testId="610b0e7c-e48c-54cd-195a-b30d1e9501ce" executionId="950797f0-208a-433f-bef5-e5d4cf33946b" testListId="8c84fa94-04c1-424b-9868-57a2d4851a1d" />
    <TestEntry testId="0c853405-ce05-d19e-7c26-1ebbfe988c44" executionId="c1455f8f-a464-4515-aa50-3a076a9fc586" testListId="8c84fa94-04c1-424b-9868-57a2d4851a1d" />
    <TestEntry testId="bcac0c3c-8951-a09e-a362-b9d75bb4c09a" executionId="82ee5043-8800-4d77-a733-3353f17507c0" testListId="8c84fa94-04c1-424b-9868-57a2d4851a1d" />
    <TestEntry testId="f421f77e-7704-5107-07e1-24da9d95546f" executionId="8b75d52d-c69a-4c78-933a-a3ec94c63822" testListId="8c84fa94-04c1-424b-9868-57a2d4851a1d" />
    <TestEntry testId="4f1a1ba3-f183-80cb-d050-3559d1746721" executionId="70dcdd92-066c-4235-a0d7-93f893365451" testListId="8c84fa94-04c1-424b-9868-57a2d4851a1d" />
    <TestEntry testId="82aebd1f-da3f-fd95-94f7-0be6c3b58068" executionId="da170805-dcd9-464b-88c1-802a90aad5a8" testListId="8c84fa94-04c1-424b-9868-57a2d4851a1d" />
    <TestEntry testId="07828419-9928-6647-5ebd-20d0148a49e7" executionId="a4073abf-fc44-47a2-a26e-f08a7924a43d" testListId="8c84fa94-04c1-424b-9868-57a2d4851a1d" />
    <TestEntry testId="2f2961ee-a68e-841b-9134-959dc278f6f5" executionId="685226a4-ba46-4a01-b6fb-c41f62f52e6b" testListId="8c84fa94-04c1-424b-9868-57a2d4851a1d" />
    <TestEntry testId="4f106fc1-d98a-505f-796f-fc652385a491" executionId="0c2754f8-259d-41ee-8ea1-f94ad4f16f3c" testListId="8c84fa94-04c1-424b-9868-57a2d4851a1d" />
    <TestEntry testId="835064d1-ccf6-ca14-2295-b49096dd83ea" executionId="1047a548-365b-4852-96cc-fabe28576d76" testListId="8c84fa94-04c1-424b-9868-57a2d4851a1d" />
    <TestEntry testId="225a9f1c-e02c-6d9a-a2cb-e55e326ee689" executionId="2e75eb57-e843-4153-913d-71c3124cf45f" testListId="8c84fa94-04c1-424b-9868-57a2d4851a1d" />
    <TestEntry testId="40027e62-acc3-72b3-7423-1d8ee268bac6" executionId="c6b710b5-1ee0-4432-b3fb-a057c5161ba4" testListId="8c84fa94-04c1-424b-9868-57a2d4851a1d" />
    <TestEntry testId="9db69de1-573e-8726-3a1d-268396d9384c" executionId="f262e7f5-b37a-4600-96e3-c715c619d9f5" testListId="8c84fa94-04c1-424b-9868-57a2d4851a1d" />
    <TestEntry testId="a6eaac60-e06a-2055-8bf8-4def4d323292" executionId="d30d863e-1d92-4235-9c0d-f186750db5b6" testListId="8c84fa94-04c1-424b-9868-57a2d4851a1d" />
    <TestEntry testId="01359648-7dea-0eb0-d115-1caacb2f99c8" executionId="fb90b542-8532-4cda-8c7c-f728cd9a5560" testListId="8c84fa94-04c1-424b-9868-57a2d4851a1d" />
    <TestEntry testId="4422f8fa-5e46-f687-3502-c2c9044d5b5e" executionId="4133f8fd-fcb6-45a9-a6dd-c0dc85171fe2" testListId="8c84fa94-04c1-424b-9868-57a2d4851a1d" />
    <TestEntry testId="b2c510d6-3344-b3ba-3e55-37158cefc1fd" executionId="1b6e62d8-29af-427e-9616-c78af7a899bc" testListId="8c84fa94-04c1-424b-9868-57a2d4851a1d" />
    <TestEntry testId="5ad840eb-00fe-0477-d36b-f2e1ea36c8e8" executionId="9fed39b0-78bf-4610-a6f6-5f1fe25e91b7" testListId="8c84fa94-04c1-424b-9868-57a2d4851a1d" />
    <TestEntry testId="ec02ccb3-a27b-2181-837c-1cb29a063196" executionId="bd93b4ad-4a4a-402c-b0b3-afeef9ea9ded" testListId="8c84fa94-04c1-424b-9868-57a2d4851a1d" />
    <TestEntry testId="255496ca-11a5-f1ac-a231-0eac47d4c33c" executionId="53e6a2f9-6b96-4c73-86e1-3277dae994db" testListId="8c84fa94-04c1-424b-9868-57a2d4851a1d" />
    <TestEntry testId="4c61f00a-dde6-27c6-842b-b5a9943fcede" executionId="b2139cdb-205d-4abc-86b6-9f8603cab8cd" testListId="8c84fa94-04c1-424b-9868-57a2d4851a1d" />
    <TestEntry testId="16ce113d-bb97-8d2a-a7ed-fae0476997f3" executionId="82418493-473a-448f-8689-e8759bf9e78d" testListId="8c84fa94-04c1-424b-9868-57a2d4851a1d" />
    <TestEntry testId="72663e28-6d80-690b-40fb-67a9efab46c6" executionId="ede7c63f-8bda-4ed3-9018-595d405651f2" testListId="8c84fa94-04c1-424b-9868-57a2d4851a1d" />
    <TestEntry testId="375bcf31-6b09-4a6a-9231-6377b039add1" executionId="10b96e26-6bc3-4bbe-80b8-4075a92e17b3" testListId="8c84fa94-04c1-424b-9868-57a2d4851a1d" />
    <TestEntry testId="e99f6058-9211-d900-9a0c-8548b9062e61" executionId="484d3f89-b858-446d-83db-f1d3a5678ff2" testListId="8c84fa94-04c1-424b-9868-57a2d4851a1d" />
    <TestEntry testId="275f737e-ea5d-5277-b9fc-769f424fcb5d" executionId="40f691da-011c-4de8-927a-9617cf4ea74c" testListId="8c84fa94-04c1-424b-9868-57a2d4851a1d" />
    <TestEntry testId="a569a626-8265-5d33-9399-6c6f9fc9b2bc" executionId="5bbe4adc-7149-4bfe-8a35-534184cb6e33" testListId="8c84fa94-04c1-424b-9868-57a2d4851a1d" />
    <TestEntry testId="d42a2a6c-5353-e98d-b10e-e37a1bf8eb17" executionId="762db5fd-e371-44cd-9b18-c86ec36a02f5" testListId="8c84fa94-04c1-424b-9868-57a2d4851a1d" />
    <TestEntry testId="8bc780b9-14b3-4c40-bc12-ebdd741c55db" executionId="0b740b0b-b420-4d22-b159-419165d721c9" testListId="8c84fa94-04c1-424b-9868-57a2d4851a1d" />
    <TestEntry testId="a4dd766b-5de7-4c8f-1294-d8f0cbd1db8d" executionId="2fae6820-5430-4696-8cfa-9b37699546e1" testListId="8c84fa94-04c1-424b-9868-57a2d4851a1d" />
    <TestEntry testId="64ad2196-3f94-d138-fdca-8ab4f5b0b5d2" executionId="05400d1d-b759-4aea-aa58-c8550c520b33" testListId="8c84fa94-04c1-424b-9868-57a2d4851a1d" />
    <TestEntry testId="3c3711b5-7317-8636-5165-3209bba87bef" executionId="58f78892-a3ea-4c0e-bc2d-96b506db9194" testListId="8c84fa94-04c1-424b-9868-57a2d4851a1d" />
    <TestEntry testId="741c87c7-2bf3-423f-b475-21c5bb98b96a" executionId="23e9320a-2448-4607-a6f6-dcb9251727b2" testListId="8c84fa94-04c1-424b-9868-57a2d4851a1d" />
    <TestEntry testId="e925f1a9-b667-20e0-8c94-ee985917c4a0" executionId="454547b1-f24b-48c1-a724-753faa740412" testListId="8c84fa94-04c1-424b-9868-57a2d4851a1d" />
    <TestEntry testId="783b5256-d4b1-c65b-89e4-fcc2acfa6ec7" executionId="f6957b0d-6a8a-405e-b2bf-825d400dbd7f" testListId="8c84fa94-04c1-424b-9868-57a2d4851a1d" />
    <TestEntry testId="f9256904-cef1-ec79-557d-232337915c02" executionId="a3f8b276-3e80-45cd-94a4-1d87f6b3cbbc" testListId="8c84fa94-04c1-424b-9868-57a2d4851a1d" />
    <TestEntry testId="197b56c8-7a29-9812-b61b-611a6bda47d9" executionId="63306aee-4c84-4856-9485-6cee46745ad2" testListId="8c84fa94-04c1-424b-9868-57a2d4851a1d" />
    <TestEntry testId="0628053c-3a6b-6d7c-6853-470bcd32794a" executionId="9710c021-bb04-4f42-b3e3-78f5970328bb" testListId="8c84fa94-04c1-424b-9868-57a2d4851a1d" />
    <TestEntry testId="6c99eb71-6861-5005-0d0e-faf778fd8041" executionId="bda19cad-6ff2-426b-8b2f-ddea696510e7" testListId="8c84fa94-04c1-424b-9868-57a2d4851a1d" />
    <TestEntry testId="a58f3bf9-8a84-167c-8cf6-43a0ab14440c" executionId="ec2c9a47-b0ec-4c5b-9d28-588e36bd21bc" testListId="8c84fa94-04c1-424b-9868-57a2d4851a1d" />
    <TestEntry testId="ab1d9677-65e2-3b43-d899-5d97f93dd03f" executionId="7112ee9f-4c5e-4dc4-bec4-5b3cad801c0d" testListId="8c84fa94-04c1-424b-9868-57a2d4851a1d" />
    <TestEntry testId="c0d52055-a715-4176-59e0-5a477c7b2d2e" executionId="cae1a2bd-fbd2-4ca8-9596-3a8aa4220338" testListId="8c84fa94-04c1-424b-9868-57a2d4851a1d" />
    <TestEntry testId="69b5e350-13a4-a3c2-3a48-d4eb6bddb68c" executionId="34baa2fe-8db3-4183-a59b-71ea61b66bf5" testListId="8c84fa94-04c1-424b-9868-57a2d4851a1d" />
    <TestEntry testId="6a184a4f-fdd9-db26-79c1-fcb83f0df8c3" executionId="0a41c1aa-c73a-41e1-8ffc-462a134c3ab9" testListId="8c84fa94-04c1-424b-9868-57a2d4851a1d" />
    <TestEntry testId="be504b75-1c4b-6a07-5cf6-92bea9833dd8" executionId="fb5034c0-166f-426b-b10b-f53b92cec310" testListId="8c84fa94-04c1-424b-9868-57a2d4851a1d" />
    <TestEntry testId="c8d3df5c-2c87-5d37-0bca-d540ca766709" executionId="40603834-740e-44b6-8b94-e68cba3589dc" testListId="8c84fa94-04c1-424b-9868-57a2d4851a1d" />
    <TestEntry testId="f43128dd-966c-80d5-2e78-6845c2a7d82e" executionId="573aa84a-9366-4396-88db-48593133b8dd" testListId="8c84fa94-04c1-424b-9868-57a2d4851a1d" />
    <TestEntry testId="0acc2601-51ef-5f02-a478-1812e78875b8" executionId="ecc6581f-5b06-422c-88cf-959a960deeca" testListId="8c84fa94-04c1-424b-9868-57a2d4851a1d" />
    <TestEntry testId="24131e5b-09f8-96ed-bb29-81c3dd066b6f" executionId="30885cbc-c952-4185-ab1e-8bd2e584c6fa" testListId="8c84fa94-04c1-424b-9868-57a2d4851a1d" />
    <TestEntry testId="bc42ff52-0bb3-8d8b-a8ea-688133253f8b" executionId="b13ea611-81c0-411d-be01-cc32c6f130f9" testListId="8c84fa94-04c1-424b-9868-57a2d4851a1d" />
    <TestEntry testId="6784ef28-6adf-36aa-f6f5-9ffd76dd048a" executionId="31ce6e36-d67e-4b44-a83b-22016fb0aad3" testListId="8c84fa94-04c1-424b-9868-57a2d4851a1d" />
    <TestEntry testId="bfcfb595-067c-4d0f-e73e-9e8e7048f928" executionId="8301bff3-8da4-4df8-ba41-21e4ba80c80e" testListId="8c84fa94-04c1-424b-9868-57a2d4851a1d" />
    <TestEntry testId="5239b41f-a7c2-0c89-a34e-0f3e316c7940" executionId="2f463e0c-732e-4451-92d7-806f85eab56a" testListId="8c84fa94-04c1-424b-9868-57a2d4851a1d" />
    <TestEntry testId="fd8ea610-7912-7d98-d3f1-beb3d06262e2" executionId="ce7e8747-173a-4aef-99ce-0f207683e129" testListId="8c84fa94-04c1-424b-9868-57a2d4851a1d" />
    <TestEntry testId="d0e8c427-6a7a-b62a-9415-d43f2ae99939" executionId="0ea85135-3cd6-4955-b2b8-8c564268adb4" testListId="8c84fa94-04c1-424b-9868-57a2d4851a1d" />
    <TestEntry testId="84537230-e330-104d-87cc-6cd7ef200ff6" executionId="185a6925-8697-4a4b-b5ed-68b1f19bb35f" testListId="8c84fa94-04c1-424b-9868-57a2d4851a1d" />
    <TestEntry testId="4cd1f9f4-5a63-e5f4-d11e-9f8242f24360" executionId="4f1ae3b8-c1c3-4471-88fa-68a2628c8a66" testListId="8c84fa94-04c1-424b-9868-57a2d4851a1d" />
    <TestEntry testId="79b33371-ca44-8ccf-9478-a4e00f5f26ee" executionId="75ff67ce-449b-4c64-97e5-1432073086dd" testListId="8c84fa94-04c1-424b-9868-57a2d4851a1d" />
    <TestEntry testId="f92062e9-ff9b-88df-f0e8-03b200bcbc64" executionId="c3ef36a9-40fe-4433-abc1-15888108a639" testListId="8c84fa94-04c1-424b-9868-57a2d4851a1d" />
    <TestEntry testId="dc104052-f89a-31d1-47ab-9f2e311955a3" executionId="8a569156-1d98-4252-9709-906c1c86364a" testListId="8c84fa94-04c1-424b-9868-57a2d4851a1d" />
    <TestEntry testId="78fdbe63-f4fc-9859-544e-badee027b2da" executionId="c9f61eb0-4751-4900-ac24-57980bafb768" testListId="8c84fa94-04c1-424b-9868-57a2d4851a1d" />
    <TestEntry testId="c231b817-9765-56f7-7769-27ac32daa8c2" executionId="78b84881-9dbd-47e6-b5b8-b8200e58a85e" testListId="8c84fa94-04c1-424b-9868-57a2d4851a1d" />
    <TestEntry testId="75e4af4c-851b-0916-126c-e63c79c1a0ec" executionId="c7d9430c-04cf-434c-a1db-4d8332ae3055" testListId="8c84fa94-04c1-424b-9868-57a2d4851a1d" />
    <TestEntry testId="d9047482-b352-cc44-9b23-c692a3f877f0" executionId="f9b3eae5-b229-4215-a30c-faed5d25f939" testListId="8c84fa94-04c1-424b-9868-57a2d4851a1d" />
    <TestEntry testId="0da6ad53-ac01-7520-f3b1-262b2f4643dc" executionId="3b9dbc1e-296b-409a-b82c-87cbe73ee852" testListId="8c84fa94-04c1-424b-9868-57a2d4851a1d" />
    <TestEntry testId="c38a7319-9f32-238e-b03e-b5ac1fac00f7" executionId="899069a9-3212-47d5-85e4-e7d22d095906" testListId="8c84fa94-04c1-424b-9868-57a2d4851a1d" />
    <TestEntry testId="4d634201-4cb4-7942-a66e-bfc8ae484cea" executionId="d28b540b-aea4-442b-88c1-b8d337581f7c" testListId="8c84fa94-04c1-424b-9868-57a2d4851a1d" />
    <TestEntry testId="f39f9fe3-0600-0f37-8931-99509a178b9f" executionId="b46049e4-e25c-4c2e-ab90-81fe245e222f" testListId="8c84fa94-04c1-424b-9868-57a2d4851a1d" />
    <TestEntry testId="d35a5e14-fc05-ca47-268f-8ec3597aaa4d" executionId="795271b9-3300-4389-b7e4-4b4af35a2555" testListId="8c84fa94-04c1-424b-9868-57a2d4851a1d" />
    <TestEntry testId="aff3b2d7-e7c8-1636-ad41-98ae2720e235" executionId="a0ae9670-1165-4f3b-934b-304ad84405ef" testListId="8c84fa94-04c1-424b-9868-57a2d4851a1d" />
    <TestEntry testId="44ba14f5-2754-1cc9-f6c0-7ce6a03c5293" executionId="f437565b-4f74-4b0b-8833-d1cf25fdc294" testListId="8c84fa94-04c1-424b-9868-57a2d4851a1d" />
    <TestEntry testId="83612dee-659f-e73f-a4b8-c632693a01e4" executionId="9fff2ad9-e7f6-420a-82e4-7c0fddcfc771" testListId="8c84fa94-04c1-424b-9868-57a2d4851a1d" />
    <TestEntry testId="8a316820-2161-552a-8718-273ebb8a6096" executionId="1a6d4104-edd2-4c39-8502-58e819b13b5a" testListId="8c84fa94-04c1-424b-9868-57a2d4851a1d" />
    <TestEntry testId="778c9063-391a-5587-8084-de9c23bec7d5" executionId="3944feb3-a7d4-4e7d-9db2-32917b4adae3" testListId="8c84fa94-04c1-424b-9868-57a2d4851a1d" />
    <TestEntry testId="c217779f-4e20-390b-0230-79f871acab8b" executionId="6b3a9974-9a65-4c38-b691-2d4848399e78" testListId="8c84fa94-04c1-424b-9868-57a2d4851a1d" />
    <TestEntry testId="4e7eb5ca-faf3-9c79-3243-be818ed5c71f" executionId="a5736cdd-5ffa-4ffd-8ab1-010231f2c6ba" testListId="8c84fa94-04c1-424b-9868-57a2d4851a1d" />
    <TestEntry testId="5b377c07-d900-fa77-813f-a9b61b3ff3ff" executionId="7a958ad1-7231-4ef5-b14a-500bb7a0249c" testListId="8c84fa94-04c1-424b-9868-57a2d4851a1d" />
    <TestEntry testId="bb78cf60-8798-3b2d-5de8-ba4cfc67562c" executionId="0a0c5e2c-f2dc-4420-a501-0f74304ad8cf" testListId="8c84fa94-04c1-424b-9868-57a2d4851a1d" />
    <TestEntry testId="acad4ed6-3239-e959-7467-448035a380a9" executionId="a9235c7e-1ed3-4447-bfb5-f4d0686b6383" testListId="8c84fa94-04c1-424b-9868-57a2d4851a1d" />
    <TestEntry testId="e58447f5-a463-cb38-c4f4-30722dc06ad2" executionId="a07712c8-3a5b-4928-9c6d-b641bf75e611" testListId="8c84fa94-04c1-424b-9868-57a2d4851a1d" />
    <TestEntry testId="1773d744-e777-2a63-c4e9-bfc338a2db74" executionId="d0615e05-e7f6-4ef8-b574-ecc8fbd06dea" testListId="8c84fa94-04c1-424b-9868-57a2d4851a1d" />
    <TestEntry testId="c17dff38-c06b-4a7a-103c-040f8caa7fd8" executionId="fee94cee-f3c1-4961-b62d-ca7bc6d3cbf9" testListId="8c84fa94-04c1-424b-9868-57a2d4851a1d" />
  </TestEntries>
  <TestLists>
    <TestList name="Results Not in a List" id="8c84fa94-04c1-424b-9868-57a2d4851a1d" />
    <TestList name="All Loaded Results" id="19431567-8539-422a-85d7-44ee4e166bda" />
  </TestLists>
  <ResultSummary outcome="Completed">
    <Counters total="82" executed="82" passed="82" failed="0" error="0" timeout="0" aborted="0" inconclusive="0" passedButRunAborted="0" notRunnable="0" notExecuted="0" disconnected="0" warning="0" completed="0" inProgress="0" pending="0" />
    <Output>
      <StdOut>NUnit Adapter 4.6.0.0: Test execution started&#xD;
Running selected tests in C:\Users\dw\AppData\Local\Temp\relight-loose-ends\simtests\bin\Debug\net8.0\Relight.Sim.Tests.Scratch.dll&#xD;
   NUnit3TestExecutor discovered 82 of 83 NUnit test cases using Current Discovery mode, Non-Explicit run&#xD;
NUnit Adapter 4.6.0.0: Test execution complete&#xD;
</StdOut>
    </Output>
  </ResultSummary>
</TestRun>